<?xml version="1.0" encoding="UTF-8"?>
<coverage generated="1542392523267" clover="3.2.0">
  <project timestamp="1542392523267" name="All files">
    <metrics statements="625" coveredstatements="135" conditionals="180" coveredconditionals="49" methods="170" coveredmethods="36" elements="975" coveredelements="220" complexity="0" loc="625" ncloc="625" packages="25" files="39" classes="39">
      <package name="src">
        <metrics statements="30" coveredstatements="0" conditionals="2" coveredconditionals="0" methods="3" coveredmethods="0"/>
        <file name="App.js" path="/Users/j5/Code/IDEA/react-acid-trail/src/App.js">
          <metrics statements="13" coveredstatements="0" conditionals="0" coveredconditionals="0" methods="3" coveredmethods="0"/>
          <line num="1" count="0" type="stmt"/>
          <line num="2" count="0" type="stmt"/>
          <line num="3" count="0" type="stmt"/>
          <line num="5" count="0" type="stmt"/>
          <line num="6" count="0" type="stmt"/>
          <line num="15" count="0" type="stmt"/>
          <line num="27" count="0" type="stmt"/>
          <line num="37" count="0" type="stmt"/>
          <line num="48" count="0" type="stmt"/>
          <line num="50" count="0" type="stmt"/>
          <line num="51" count="0" type="stmt"/>
          <line num="57" count="0" type="stmt"/>
          <line num="63" count="0" type="stmt"/>
        </file>
        <file name="index.js" path="/Users/j5/Code/IDEA/react-acid-trail/src/index.js">
          <metrics statements="17" coveredstatements="0" conditionals="2" coveredconditionals="0" methods="0" coveredmethods="0"/>
          <line num="1" count="0" type="stmt"/>
          <line num="2" count="0" type="stmt"/>
          <line num="3" count="0" type="stmt"/>
          <line num="4" count="0" type="stmt"/>
          <line num="5" count="0" type="stmt"/>
          <line num="7" count="0" type="stmt"/>
          <line num="8" count="0" type="stmt"/>
          <line num="9" count="0" type="stmt"/>
          <line num="10" count="0" type="stmt"/>
          <line num="11" count="0" type="stmt"/>
          <line num="13" count="0" type="stmt"/>
          <line num="14" count="0" type="stmt"/>
          <line num="16" count="0" type="cond" truecount="0" falsecount="2"/>
          <line num="17" count="0" type="stmt"/>
          <line num="19" count="0" type="stmt"/>
          <line num="31" count="0" type="stmt"/>
          <line num="33" count="0" type="stmt"/>
        </file>
      </package>
      <package name="src.actions">
        <metrics statements="6" coveredstatements="0" conditionals="0" coveredconditionals="0" methods="0" coveredmethods="0"/>
        <file name="acid-trail.js" path="/Users/j5/Code/IDEA/react-acid-trail/src/actions/acid-trail.js">
          <metrics statements="2" coveredstatements="0" conditionals="0" coveredconditionals="0" methods="0" coveredmethods="0"/>
          <line num="1" count="0" type="stmt"/>
          <line num="3" count="0" type="stmt"/>
        </file>
        <file name="hasher.js" path="/Users/j5/Code/IDEA/react-acid-trail/src/actions/hasher.js">
          <metrics statements="2" coveredstatements="0" conditionals="0" coveredconditionals="0" methods="0" coveredmethods="0"/>
          <line num="1" count="0" type="stmt"/>
          <line num="3" count="0" type="stmt"/>
        </file>
        <file name="index.js" path="/Users/j5/Code/IDEA/react-acid-trail/src/actions/index.js">
          <metrics statements="2" coveredstatements="0" conditionals="0" coveredconditionals="0" methods="0" coveredmethods="0"/>
          <line num="1" count="0" type="stmt"/>
          <line num="2" count="0" type="stmt"/>
        </file>
      </package>
      <package name="src.components">
        <metrics statements="9" coveredstatements="0" conditionals="0" coveredconditionals="0" methods="0" coveredmethods="0"/>
        <file name="index.js" path="/Users/j5/Code/IDEA/react-acid-trail/src/components/index.js">
          <metrics statements="9" coveredstatements="0" conditionals="0" coveredconditionals="0" methods="0" coveredmethods="0"/>
          <line num="1" count="0" type="stmt"/>
          <line num="2" count="0" type="stmt"/>
          <line num="3" count="0" type="stmt"/>
          <line num="4" count="0" type="stmt"/>
          <line num="5" count="0" type="stmt"/>
          <line num="6" count="0" type="stmt"/>
          <line num="7" count="0" type="stmt"/>
          <line num="8" count="0" type="stmt"/>
          <line num="9" count="0" type="stmt"/>
        </file>
      </package>
      <package name="src.components.AcidTrailChart">
        <metrics statements="59" coveredstatements="0" conditionals="16" coveredconditionals="0" methods="17" coveredmethods="0"/>
        <file name="AcidTrailChart.js" path="/Users/j5/Code/IDEA/react-acid-trail/src/components/AcidTrailChart/AcidTrailChart.js">
          <metrics statements="59" coveredstatements="0" conditionals="16" coveredconditionals="0" methods="17" coveredmethods="0"/>
          <line num="1" count="0" type="stmt"/>
          <line num="2" count="0" type="stmt"/>
          <line num="3" count="0" type="stmt"/>
          <line num="5" count="0" type="stmt"/>
          <line num="7" count="0" type="stmt"/>
          <line num="17" count="0" type="stmt"/>
          <line num="20" count="0" type="stmt"/>
          <line num="31" count="0" type="stmt"/>
          <line num="34" count="0" type="stmt"/>
          <line num="45" count="0" type="stmt"/>
          <line num="48" count="0" type="stmt"/>
          <line num="49" count="0" type="stmt"/>
          <line num="50" count="0" type="stmt"/>
          <line num="51" count="0" type="stmt"/>
          <line num="52" count="0" type="stmt"/>
          <line num="53" count="0" type="stmt"/>
          <line num="55" count="0" type="stmt"/>
          <line num="64" count="0" type="stmt"/>
          <line num="65" count="0" type="stmt"/>
          <line num="76" count="0" type="stmt"/>
          <line num="80" count="0" type="stmt"/>
          <line num="97" count="0" type="stmt"/>
          <line num="98" count="0" type="stmt"/>
          <line num="100" count="0" type="stmt"/>
          <line num="102" count="0" type="stmt"/>
          <line num="106" count="0" type="stmt"/>
          <line num="113" count="0" type="stmt"/>
          <line num="116" count="0" type="stmt"/>
          <line num="118" count="0" type="stmt"/>
          <line num="123" count="0" type="stmt"/>
          <line num="128" count="0" type="stmt"/>
          <line num="138" count="0" type="stmt"/>
          <line num="153" count="0" type="stmt"/>
          <line num="163" count="0" type="stmt"/>
          <line num="168" count="0" type="stmt"/>
          <line num="181" count="0" type="stmt"/>
          <line num="183" count="0" type="stmt"/>
          <line num="185" count="0" type="stmt"/>
          <line num="187" count="0" type="stmt"/>
          <line num="189" count="0" type="cond" truecount="0" falsecount="2"/>
          <line num="190" count="0" type="stmt"/>
          <line num="192" count="0" type="stmt"/>
          <line num="201" count="0" type="cond" truecount="0" falsecount="2"/>
          <line num="202" count="0" type="stmt"/>
          <line num="203" count="0" type="stmt"/>
          <line num="205" count="0" type="stmt"/>
          <line num="206" count="0" type="stmt"/>
          <line num="209" count="0" type="stmt"/>
          <line num="218" count="0" type="cond" truecount="0" falsecount="4"/>
          <line num="219" count="0" type="stmt"/>
          <line num="220" count="0" type="stmt"/>
          <line num="223" count="0" type="cond" truecount="0" falsecount="2"/>
          <line num="225" count="0" type="stmt"/>
          <line num="234" count="0" type="cond" truecount="0" falsecount="2"/>
          <line num="235" count="0" type="stmt"/>
          <line num="237" count="0" type="stmt"/>
          <line num="247" count="0" type="stmt"/>
          <line num="251" count="0" type="stmt"/>
          <line num="259" count="0" type="stmt"/>
        </file>
      </package>
      <package name="src.components.AcidTrailCharts">
        <metrics statements="12" coveredstatements="0" conditionals="9" coveredconditionals="0" methods="4" coveredmethods="0"/>
        <file name="AcidTrailCharts.js" path="/Users/j5/Code/IDEA/react-acid-trail/src/components/AcidTrailCharts/AcidTrailCharts.js">
          <metrics statements="12" coveredstatements="0" conditionals="9" coveredconditionals="0" methods="4" coveredmethods="0"/>
          <line num="1" count="0" type="stmt"/>
          <line num="2" count="0" type="stmt"/>
          <line num="4" count="0" type="stmt"/>
          <line num="7" count="0" type="stmt"/>
          <line num="9" count="0" type="stmt"/>
          <line num="17" count="0" type="stmt"/>
          <line num="19" count="0" type="stmt"/>
          <line num="26" count="0" type="stmt"/>
          <line num="32" count="0" type="stmt"/>
          <line num="41" count="0" type="stmt"/>
          <line num="55" count="0" type="stmt"/>
          <line num="72" count="0" type="stmt"/>
        </file>
      </package>
      <package name="src.components.AcidTrailCheckbox">
        <metrics statements="4" coveredstatements="0" conditionals="2" coveredconditionals="0" methods="1" coveredmethods="0"/>
        <file name="AcidTrailCheckbox.js" path="/Users/j5/Code/IDEA/react-acid-trail/src/components/AcidTrailCheckbox/AcidTrailCheckbox.js">
          <metrics statements="4" coveredstatements="0" conditionals="2" coveredconditionals="0" methods="1" coveredmethods="0"/>
          <line num="1" count="0" type="stmt"/>
          <line num="3" count="0" type="stmt"/>
          <line num="5" count="0" type="stmt"/>
          <line num="7" count="0" type="stmt"/>
        </file>
      </package>
      <package name="src.components.ClearButton">
        <metrics statements="5" coveredstatements="0" conditionals="0" coveredconditionals="0" methods="1" coveredmethods="0"/>
        <file name="ClearButton.js" path="/Users/j5/Code/IDEA/react-acid-trail/src/components/ClearButton/ClearButton.js">
          <metrics statements="5" coveredstatements="0" conditionals="0" coveredconditionals="0" methods="1" coveredmethods="0"/>
          <line num="1" count="0" type="stmt"/>
          <line num="2" count="0" type="stmt"/>
          <line num="5" count="0" type="stmt"/>
          <line num="7" count="0" type="stmt"/>
          <line num="9" count="0" type="stmt"/>
        </file>
      </package>
      <package name="src.components.EnterString">
        <metrics statements="4" coveredstatements="0" conditionals="0" coveredconditionals="0" methods="1" coveredmethods="0"/>
        <file name="EnterString.js" path="/Users/j5/Code/IDEA/react-acid-trail/src/components/EnterString/EnterString.js">
          <metrics statements="4" coveredstatements="0" conditionals="0" coveredconditionals="0" methods="1" coveredmethods="0"/>
          <line num="1" count="0" type="stmt"/>
          <line num="3" count="0" type="stmt"/>
          <line num="5" count="0" type="stmt"/>
          <line num="7" count="0" type="stmt"/>
        </file>
      </package>
      <package name="src.components.EnterTitle">
        <metrics statements="5" coveredstatements="0" conditionals="0" coveredconditionals="0" methods="1" coveredmethods="0"/>
        <file name="EnterTitle.js" path="/Users/j5/Code/IDEA/react-acid-trail/src/components/EnterTitle/EnterTitle.js">
          <metrics statements="5" coveredstatements="0" conditionals="0" coveredconditionals="0" methods="1" coveredmethods="0"/>
          <line num="1" count="0" type="stmt"/>
          <line num="2" count="0" type="stmt"/>
          <line num="4" count="0" type="stmt"/>
          <line num="6" count="0" type="stmt"/>
          <line num="8" count="0" type="stmt"/>
        </file>
      </package>
      <package name="src.components.FileChooser">
        <metrics statements="7" coveredstatements="0" conditionals="0" coveredconditionals="0" methods="2" coveredmethods="0"/>
        <file name="FileChooser.js" path="/Users/j5/Code/IDEA/react-acid-trail/src/components/FileChooser/FileChooser.js">
          <metrics statements="7" coveredstatements="0" conditionals="0" coveredconditionals="0" methods="2" coveredmethods="0"/>
          <line num="1" count="0" type="stmt"/>
          <line num="2" count="0" type="stmt"/>
          <line num="3" count="0" type="stmt"/>
          <line num="5" count="0" type="stmt"/>
          <line num="7" count="0" type="stmt"/>
          <line num="9" count="0" type="stmt"/>
          <line num="35" count="0" type="stmt"/>
        </file>
      </package>
      <package name="src.components.HashButton">
        <metrics statements="5" coveredstatements="0" conditionals="0" coveredconditionals="0" methods="1" coveredmethods="0"/>
        <file name="HashButton.js" path="/Users/j5/Code/IDEA/react-acid-trail/src/components/HashButton/HashButton.js">
          <metrics statements="5" coveredstatements="0" conditionals="0" coveredconditionals="0" methods="1" coveredmethods="0"/>
          <line num="1" count="0" type="stmt"/>
          <line num="2" count="0" type="stmt"/>
          <line num="5" count="0" type="stmt"/>
          <line num="7" count="0" type="stmt"/>
          <line num="9" count="0" type="stmt"/>
        </file>
      </package>
      <package name="src.components.IpsumSalt">
        <metrics statements="33" coveredstatements="0" conditionals="11" coveredconditionals="0" methods="15" coveredmethods="0"/>
        <file name="IpsumSalt.js" path="/Users/j5/Code/IDEA/react-acid-trail/src/components/IpsumSalt/IpsumSalt.js">
          <metrics statements="33" coveredstatements="0" conditionals="11" coveredconditionals="0" methods="15" coveredmethods="0"/>
          <line num="2" count="0" type="stmt"/>
          <line num="3" count="0" type="stmt"/>
          <line num="4" count="0" type="stmt"/>
          <line num="5" count="0" type="stmt"/>
          <line num="7" count="0" type="stmt"/>
          <line num="9" count="0" type="stmt"/>
          <line num="11" count="0" type="stmt"/>
          <line num="12" count="0" type="stmt"/>
          <line num="15" count="0" type="stmt"/>
          <line num="24" count="0" type="stmt"/>
          <line num="30" count="0" type="stmt"/>
          <line num="38" count="0" type="stmt"/>
          <line num="39" count="0" type="stmt"/>
          <line num="41" count="0" type="stmt"/>
          <line num="42" count="0" type="stmt"/>
          <line num="47" count="0" type="stmt"/>
          <line num="55" count="0" type="stmt"/>
          <line num="56" count="0" type="stmt"/>
          <line num="66" count="0" type="stmt"/>
          <line num="68" count="0" type="stmt"/>
          <line num="76" count="0" type="stmt"/>
          <line num="77" count="0" type="stmt"/>
          <line num="83" count="0" type="stmt"/>
          <line num="84" count="0" type="stmt"/>
          <line num="89" count="0" type="stmt"/>
          <line num="91" count="0" type="stmt"/>
          <line num="92" count="0" type="stmt"/>
          <line num="96" count="0" type="stmt"/>
          <line num="99" count="0" type="stmt"/>
          <line num="102" count="0" type="stmt"/>
          <line num="125" count="0" type="stmt"/>
          <line num="133" count="0" type="stmt"/>
          <line num="134" count="0" type="stmt"/>
        </file>
      </package>
      <package name="src.containers">
        <metrics statements="7" coveredstatements="0" conditionals="0" coveredconditionals="0" methods="0" coveredmethods="0"/>
        <file name="index.js" path="/Users/j5/Code/IDEA/react-acid-trail/src/containers/index.js">
          <metrics statements="7" coveredstatements="0" conditionals="0" coveredconditionals="0" methods="0" coveredmethods="0"/>
          <line num="1" count="0" type="stmt"/>
          <line num="4" count="0" type="stmt"/>
          <line num="7" count="0" type="stmt"/>
          <line num="10" count="0" type="stmt"/>
          <line num="13" count="0" type="stmt"/>
          <line num="16" count="0" type="stmt"/>
          <line num="19" count="0" type="stmt"/>
        </file>
      </package>
      <package name="src.containers.AcidTrailChartsContainer">
        <metrics statements="11" coveredstatements="0" conditionals="2" coveredconditionals="0" methods="4" coveredmethods="0"/>
        <file name="AcidTrailChartsContainer.js" path="/Users/j5/Code/IDEA/react-acid-trail/src/containers/AcidTrailChartsContainer/AcidTrailChartsContainer.js">
          <metrics statements="11" coveredstatements="0" conditionals="2" coveredconditionals="0" methods="4" coveredmethods="0"/>
          <line num="1" count="0" type="stmt"/>
          <line num="2" count="0" type="stmt"/>
          <line num="4" count="0" type="stmt"/>
          <line num="11" count="0" type="stmt"/>
          <line num="16" count="0" type="stmt"/>
          <line num="18" count="0" type="stmt"/>
          <line num="19" count="0" type="stmt"/>
          <line num="21" count="0" type="stmt"/>
          <line num="26" count="0" type="cond" truecount="0" falsecount="2"/>
          <line num="28" count="0" type="stmt"/>
          <line num="34" count="0" type="stmt"/>
        </file>
      </package>
      <package name="src.containers.ClearButtonContainer">
        <metrics statements="7" coveredstatements="0" conditionals="0" coveredconditionals="0" methods="3" coveredmethods="0"/>
        <file name="ClearButtonContainer.js" path="/Users/j5/Code/IDEA/react-acid-trail/src/containers/ClearButtonContainer/ClearButtonContainer.js">
          <metrics statements="7" coveredstatements="0" conditionals="0" coveredconditionals="0" methods="3" coveredmethods="0"/>
          <line num="1" count="0" type="stmt"/>
          <line num="2" count="0" type="stmt"/>
          <line num="4" count="0" type="stmt"/>
          <line num="10" count="0" type="stmt"/>
          <line num="14" count="0" type="stmt"/>
          <line num="16" count="0" type="stmt"/>
          <line num="22" count="0" type="stmt"/>
        </file>
      </package>
      <package name="src.containers.EnterStringContainer">
        <metrics statements="7" coveredstatements="0" conditionals="0" coveredconditionals="0" methods="3" coveredmethods="0"/>
        <file name="EnterStringContainer.js" path="/Users/j5/Code/IDEA/react-acid-trail/src/containers/EnterStringContainer/EnterStringContainer.js">
          <metrics statements="7" coveredstatements="0" conditionals="0" coveredconditionals="0" methods="3" coveredmethods="0"/>
          <line num="1" count="0" type="stmt"/>
          <line num="2" count="0" type="stmt"/>
          <line num="4" count="0" type="stmt"/>
          <line num="10" count="0" type="stmt"/>
          <line num="14" count="0" type="stmt"/>
          <line num="16" count="0" type="stmt"/>
          <line num="24" count="0" type="stmt"/>
        </file>
      </package>
      <package name="src.containers.EnterTitleContainer">
        <metrics statements="7" coveredstatements="0" conditionals="0" coveredconditionals="0" methods="3" coveredmethods="0"/>
        <file name="EnterTitleContainer.js" path="/Users/j5/Code/IDEA/react-acid-trail/src/containers/EnterTitleContainer/EnterTitleContainer.js">
          <metrics statements="7" coveredstatements="0" conditionals="0" coveredconditionals="0" methods="3" coveredmethods="0"/>
          <line num="1" count="0" type="stmt"/>
          <line num="2" count="0" type="stmt"/>
          <line num="4" count="0" type="stmt"/>
          <line num="10" count="0" type="stmt"/>
          <line num="14" count="0" type="stmt"/>
          <line num="16" count="0" type="stmt"/>
          <line num="24" count="0" type="stmt"/>
        </file>
      </package>
      <package name="src.containers.FileChooserContainer">
        <metrics statements="19" coveredstatements="0" conditionals="8" coveredconditionals="0" methods="10" coveredmethods="0"/>
        <file name="FileChooserContainer.js" path="/Users/j5/Code/IDEA/react-acid-trail/src/containers/FileChooserContainer/FileChooserContainer.js">
          <metrics statements="19" coveredstatements="0" conditionals="8" coveredconditionals="0" methods="10" coveredmethods="0"/>
          <line num="1" count="0" type="stmt"/>
          <line num="2" count="0" type="stmt"/>
          <line num="4" count="0" type="stmt"/>
          <line num="12" count="0" type="stmt"/>
          <line num="16" count="0" type="stmt"/>
          <line num="17" count="0" type="stmt"/>
          <line num="18" count="0" type="stmt"/>
          <line num="19" count="0" type="stmt"/>
          <line num="21" count="0" type="stmt"/>
          <line num="25" count="0" type="stmt"/>
          <line num="26" count="0" type="stmt"/>
          <line num="27" count="0" type="cond" truecount="0" falsecount="2"/>
          <line num="28" count="0" type="cond" truecount="0" falsecount="6"/>
          <line num="32" count="0" type="stmt"/>
          <line num="35" count="0" type="stmt"/>
          <line num="37" count="0" type="stmt"/>
          <line num="40" count="0" type="stmt"/>
          <line num="47" count="0" type="stmt"/>
          <line num="55" count="0" type="stmt"/>
        </file>
      </package>
      <package name="src.containers.HashButtonContainer">
        <metrics statements="7" coveredstatements="0" conditionals="0" coveredconditionals="0" methods="3" coveredmethods="0"/>
        <file name="HashButtonContainer.js" path="/Users/j5/Code/IDEA/react-acid-trail/src/containers/HashButtonContainer/HashButtonContainer.js">
          <metrics statements="7" coveredstatements="0" conditionals="0" coveredconditionals="0" methods="3" coveredmethods="0"/>
          <line num="1" count="0" type="stmt"/>
          <line num="2" count="0" type="stmt"/>
          <line num="4" count="0" type="stmt"/>
          <line num="10" count="0" type="stmt"/>
          <line num="14" count="0" type="stmt"/>
          <line num="16" count="0" type="stmt"/>
          <line num="22" count="0" type="stmt"/>
        </file>
      </package>
      <package name="src.containers.IpsumSaltContainer">
        <metrics statements="7" coveredstatements="0" conditionals="0" coveredconditionals="0" methods="3" coveredmethods="0"/>
        <file name="IpsumSaltContainer.js" path="/Users/j5/Code/IDEA/react-acid-trail/src/containers/IpsumSaltContainer/IpsumSaltContainer.js">
          <metrics statements="7" coveredstatements="0" conditionals="0" coveredconditionals="0" methods="3" coveredmethods="0"/>
          <line num="1" count="0" type="stmt"/>
          <line num="2" count="0" type="stmt"/>
          <line num="4" count="0" type="stmt"/>
          <line num="10" count="0" type="stmt"/>
          <line num="14" count="0" type="stmt"/>
          <line num="16" count="0" type="stmt"/>
          <line num="24" count="0" type="stmt"/>
        </file>
      </package>
      <package name="src.modules">
        <metrics statements="159" coveredstatements="0" conditionals="56" coveredconditionals="0" methods="42" coveredmethods="0"/>
        <file name="ConstructedWorker.js" path="/Users/j5/Code/IDEA/react-acid-trail/src/modules/ConstructedWorker.js">
          <metrics statements="10" coveredstatements="0" conditionals="12" coveredconditionals="0" methods="3" coveredmethods="0"/>
          <line num="23" count="0" type="stmt"/>
          <line num="25" count="0" type="cond" truecount="0" falsecount="2"/>
          <line num="27" count="0" type="cond" truecount="0" falsecount="7"/>
          <line num="37" count="0" type="stmt"/>
          <line num="57" count="0" type="stmt"/>
          <line num="58" count="0" type="stmt"/>
          <line num="60" count="0" type="stmt"/>
          <line num="66" count="0" type="stmt"/>
          <line num="67" count="0" type="stmt"/>
          <line num="69" count="0" type="stmt"/>
        </file>
        <file name="HasherWorker.js" path="/Users/j5/Code/IDEA/react-acid-trail/src/modules/HasherWorker.js">
          <metrics statements="44" coveredstatements="0" conditionals="11" coveredconditionals="0" methods="9" coveredmethods="0"/>
          <line num="1" count="0" type="stmt"/>
          <line num="20" count="0" type="stmt"/>
          <line num="22" count="0" type="stmt"/>
          <line num="35" count="0" type="stmt"/>
          <line num="42" count="0" type="stmt"/>
          <line num="43" count="0" type="stmt"/>
          <line num="44" count="0" type="stmt"/>
          <line num="45" count="0" type="stmt"/>
          <line num="47" count="0" type="stmt"/>
          <line num="51" count="0" type="stmt"/>
          <line num="63" count="0" type="stmt"/>
          <line num="65" count="0" type="cond" truecount="0" falsecount="2"/>
          <line num="66" count="0" type="stmt"/>
          <line num="67" count="0" type="stmt"/>
          <line num="69" count="0" type="stmt"/>
          <line num="70" count="0" type="stmt"/>
          <line num="83" count="0" type="stmt"/>
          <line num="84" count="0" type="stmt"/>
          <line num="85" count="0" type="stmt"/>
          <line num="86" count="0" type="stmt"/>
          <line num="111" count="0" type="stmt"/>
          <line num="113" count="0" type="stmt"/>
          <line num="114" count="0" type="cond" truecount="0" falsecount="2"/>
          <line num="115" count="0" type="stmt"/>
          <line num="117" count="0" type="stmt"/>
          <line num="118" count="0" type="stmt"/>
          <line num="119" count="0" type="stmt"/>
          <line num="122" count="0" type="stmt"/>
          <line num="123" count="0" type="stmt"/>
          <line num="128" count="0" type="stmt"/>
          <line num="130" count="0" type="stmt"/>
          <line num="131" count="0" type="stmt"/>
          <line num="132" count="0" type="stmt"/>
          <line num="164" count="0" type="stmt"/>
          <line num="165" count="0" type="stmt"/>
          <line num="174" count="0" type="stmt"/>
          <line num="176" count="0" type="cond" truecount="0" falsecount="2"/>
          <line num="177" count="0" type="stmt"/>
          <line num="178" count="0" type="stmt"/>
          <line num="180" count="0" type="stmt"/>
          <line num="181" count="0" type="stmt"/>
          <line num="182" count="0" type="stmt"/>
          <line num="183" count="0" type="stmt"/>
          <line num="184" count="0" type="stmt"/>
        </file>
        <file name="WorkerHasher.js" path="/Users/j5/Code/IDEA/react-acid-trail/src/modules/WorkerHasher.js">
          <metrics statements="54" coveredstatements="0" conditionals="16" coveredconditionals="0" methods="13" coveredmethods="0"/>
          <line num="6" count="0" type="stmt"/>
          <line num="36" count="0" type="cond" truecount="0" falsecount="2"/>
          <line num="37" count="0" type="cond" truecount="0" falsecount="2"/>
          <line num="38" count="0" type="stmt"/>
          <line num="39" count="0" type="stmt"/>
          <line num="40" count="0" type="stmt"/>
          <line num="44" count="0" type="stmt"/>
          <line num="47" count="0" type="stmt"/>
          <line num="57" count="0" type="stmt"/>
          <line num="73" count="0" type="stmt"/>
          <line num="74" count="0" type="stmt"/>
          <line num="75" count="0" type="stmt"/>
          <line num="77" count="0" type="stmt"/>
          <line num="78" count="0" type="stmt"/>
          <line num="79" count="0" type="stmt"/>
          <line num="81" count="0" type="stmt"/>
          <line num="82" count="0" type="stmt"/>
          <line num="84" count="0" type="stmt"/>
          <line num="85" count="0" type="stmt"/>
          <line num="86" count="0" type="stmt"/>
          <line num="110" count="0" type="stmt"/>
          <line num="111" count="0" type="stmt"/>
          <line num="113" count="0" type="stmt"/>
          <line num="115" count="0" type="stmt"/>
          <line num="116" count="0" type="stmt"/>
          <line num="117" count="0" type="stmt"/>
          <line num="118" count="0" type="stmt"/>
          <line num="120" count="0" type="stmt"/>
          <line num="121" count="0" type="stmt"/>
          <line num="122" count="0" type="stmt"/>
          <line num="123" count="0" type="stmt"/>
          <line num="125" count="0" type="stmt"/>
          <line num="126" count="0" type="stmt"/>
          <line num="127" count="0" type="stmt"/>
          <line num="132" count="0" type="stmt"/>
          <line num="134" count="0" type="stmt"/>
          <line num="135" count="0" type="stmt"/>
          <line num="140" count="0" type="stmt"/>
          <line num="142" count="0" type="stmt"/>
          <line num="143" count="0" type="stmt"/>
          <line num="144" count="0" type="stmt"/>
          <line num="162" count="0" type="stmt"/>
          <line num="169" count="0" type="stmt"/>
          <line num="179" count="0" type="stmt"/>
          <line num="180" count="0" type="stmt"/>
          <line num="182" count="0" type="stmt"/>
          <line num="185" count="0" type="stmt"/>
          <line num="188" count="0" type="stmt"/>
          <line num="200" count="0" type="stmt"/>
          <line num="204" count="0" type="stmt"/>
          <line num="205" count="0" type="stmt"/>
          <line num="207" count="0" type="stmt"/>
          <line num="208" count="0" type="stmt"/>
          <line num="215" count="0" type="stmt"/>
        </file>
        <file name="actions.js" path="/Users/j5/Code/IDEA/react-acid-trail/src/modules/actions.js">
          <metrics statements="31" coveredstatements="0" conditionals="10" coveredconditionals="0" methods="12" coveredmethods="0"/>
          <line num="16" count="0" type="stmt"/>
          <line num="17" count="0" type="stmt"/>
          <line num="28" count="0" type="stmt"/>
          <line num="29" count="0" type="stmt"/>
          <line num="40" count="0" type="stmt"/>
          <line num="41" count="0" type="stmt"/>
          <line num="52" count="0" type="stmt"/>
          <line num="53" count="0" type="stmt"/>
          <line num="67" count="0" type="stmt"/>
          <line num="69" count="0" type="stmt"/>
          <line num="71" count="0" type="stmt"/>
          <line num="79" count="0" type="stmt"/>
          <line num="80" count="0" type="stmt"/>
          <line num="81" count="0" type="stmt"/>
          <line num="83" count="0" type="stmt"/>
          <line num="96" count="0" type="stmt"/>
          <line num="98" count="0" type="stmt"/>
          <line num="99" count="0" type="stmt"/>
          <line num="101" count="0" type="stmt"/>
          <line num="102" count="0" type="stmt"/>
          <line num="107" count="0" type="stmt"/>
          <line num="136" count="0" type="stmt"/>
          <line num="140" count="0" type="stmt"/>
          <line num="141" count="0" type="stmt"/>
          <line num="143" count="0" type="stmt"/>
          <line num="144" count="0" type="stmt"/>
          <line num="151" count="0" type="stmt"/>
          <line num="156" count="0" type="stmt"/>
          <line num="161" count="0" type="stmt"/>
          <line num="163" count="0" type="stmt"/>
          <line num="168" count="0" type="stmt"/>
        </file>
        <file name="index.js" path="/Users/j5/Code/IDEA/react-acid-trail/src/modules/index.js">
          <metrics statements="17" coveredstatements="0" conditionals="7" coveredconditionals="0" methods="4" coveredmethods="0"/>
          <line num="1" count="0" type="stmt"/>
          <line num="3" count="0" type="stmt"/>
          <line num="4" count="0" type="stmt"/>
          <line num="9" count="0" type="stmt"/>
          <line num="10" count="0" type="stmt"/>
          <line num="13" count="0" type="stmt"/>
          <line num="14" count="0" type="stmt"/>
          <line num="16" count="0" type="stmt"/>
          <line num="18" count="0" type="cond" truecount="0" falsecount="3"/>
          <line num="21" count="0" type="cond" truecount="0" falsecount="2"/>
          <line num="25" count="0" type="cond" truecount="0" falsecount="2"/>
          <line num="26" count="0" type="stmt"/>
          <line num="29" count="0" type="stmt"/>
          <line num="34" count="0" type="stmt"/>
          <line num="38" count="0" type="stmt"/>
          <line num="40" count="0" type="stmt"/>
          <line num="41" count="0" type="stmt"/>
        </file>
        <file name="utils.js" path="/Users/j5/Code/IDEA/react-acid-trail/src/modules/utils.js">
          <metrics statements="3" coveredstatements="0" conditionals="0" coveredconditionals="0" methods="1" coveredmethods="0"/>
          <line num="1" count="0" type="stmt"/>
          <line num="2" count="0" type="stmt"/>
          <line num="4" count="0" type="stmt"/>
        </file>
      </package>
      <package name="src.modules.acid-trail">
        <metrics statements="140" coveredstatements="135" conditionals="50" coveredconditionals="49" methods="38" coveredmethods="36"/>
        <file name="AcidTrail.js" path="/Users/j5/Code/IDEA/react-acid-trail/src/modules/acid-trail/AcidTrail.js">
          <metrics statements="21" coveredstatements="21" conditionals="12" coveredconditionals="12" methods="11" coveredmethods="11"/>
          <line num="28" count="9" type="stmt"/>
          <line num="49" count="5" type="stmt"/>
          <line num="65" count="9" type="stmt"/>
          <line num="67" count="9" type="stmt"/>
          <line num="68" count="87" type="stmt"/>
          <line num="69" count="87" type="stmt"/>
          <line num="75" count="9" type="stmt"/>
          <line num="88" count="5" type="stmt"/>
          <line num="89" count="5" type="stmt"/>
          <line num="111" count="5" type="stmt"/>
          <line num="117" count="5" type="stmt"/>
          <line num="119" count="40" type="stmt"/>
          <line num="126" count="5" type="stmt"/>
          <line num="128" count="40" type="stmt"/>
          <line num="135" count="5" type="stmt"/>
          <line num="137" count="40" type="stmt"/>
          <line num="148" count="16" type="cond" truecount="1" falsecount="0"/>
          <line num="149" count="15" type="cond" truecount="2" falsecount="0"/>
          <line num="150" count="13" type="stmt"/>
          <line num="152" count="127" type="stmt"/>
          <line num="156" count="15" type="cond" truecount="2" falsecount="0"/>
        </file>
        <file name="ColorMatch.js" path="/Users/j5/Code/IDEA/react-acid-trail/src/modules/acid-trail/ColorMatch.js">
          <metrics statements="6" coveredstatements="6" conditionals="0" coveredconditionals="0" methods="1" coveredmethods="1"/>
          <line num="26" count="134" type="stmt"/>
          <line num="32" count="134" type="stmt"/>
          <line num="38" count="134" type="stmt"/>
          <line num="44" count="134" type="stmt"/>
          <line num="50" count="134" type="stmt"/>
          <line num="57" count="134" type="stmt"/>
        </file>
        <file name="NTC.js" path="/Users/j5/Code/IDEA/react-acid-trail/src/modules/acid-trail/NTC.js">
          <metrics statements="113" coveredstatements="108" conditionals="38" coveredconditionals="37" methods="26" coveredmethods="24"/>
          <line num="19" count="3" type="stmt"/>
          <line num="33" count="3" type="stmt"/>
          <line num="34" count="133" type="stmt"/>
          <line num="57" count="3" type="stmt"/>
          <line num="58" count="22" type="stmt"/>
          <line num="60" count="121" type="stmt"/>
          <line num="63" count="121" type="cond" truecount="2" falsecount="0"/>
          <line num="64" count="1" type="stmt"/>
          <line num="66" count="121" type="cond" truecount="2" falsecount="0"/>
          <line num="68" count="1" type="stmt"/>
          <line num="74" count="121" type="cond" truecount="2" falsecount="0"/>
          <line num="75" count="117" type="stmt"/>
          <line num="78" count="121" type="cond" truecount="2" falsecount="0"/>
          <line num="79" count="120" type="stmt"/>
          <line num="82" count="121" type="stmt"/>
          <line num="91" count="3" type="stmt"/>
          <line num="92" count="21" type="stmt"/>
          <line num="94" count="23590" type="stmt"/>
          <line num="95" count="27729" type="cond" truecount="2" falsecount="0"/>
          <line num="96" count="23588" type="stmt"/>
          <line num="99" count="2" type="stmt"/>
          <line num="103" count="21" type="stmt"/>
          <line num="112" count="3" type="stmt"/>
          <line num="113" count="366413" type="stmt"/>
          <line num="128" count="3" type="stmt"/>
          <line num="130" count="183208" type="stmt"/>
          <line num="131" count="183208" type="stmt"/>
          <line num="132" count="183208" type="stmt"/>
          <line num="133" count="183208" type="stmt"/>
          <line num="135" count="183208" type="stmt"/>
          <line num="136" count="183208" type="stmt"/>
          <line num="137" count="183208" type="stmt"/>
          <line num="139" count="183208" type="stmt"/>
          <line num="140" count="183208" type="stmt"/>
          <line num="143" count="183208" type="stmt"/>
          <line num="145" count="183208" type="cond" truecount="2" falsecount="0"/>
          <line num="146" count="37489" type="stmt"/>
          <line num="148" count="145719" type="stmt"/>
          <line num="150" count="145719" type="cond" truecount="2" falsecount="0"/>
          <line num="151" count="145719" type="cond" truecount="3" falsecount="1"/>
          <line num="152" count="0" type="stmt"/>
          <line num="153" count="34826" type="cond" truecount="2" falsecount="0"/>
          <line num="154" count="72840" type="stmt"/>
          <line num="155" count="38053" type="stmt"/>
          <line num="157" count="145719" type="stmt"/>
          <line num="160" count="183208" type="stmt"/>
          <line num="173" count="3" type="stmt"/>
          <line num="175" count="142" type="stmt"/>
          <line num="178" count="1420" type="stmt"/>
          <line num="182" count="140" type="stmt"/>
          <line num="197" count="3" type="stmt"/>
          <line num="198" count="197" type="cond" truecount="2" falsecount="0"/>
          <line num="199" count="1" type="stmt"/>
          <line num="203" count="196" type="stmt"/>
          <line num="206" count="196" type="cond" truecount="2" falsecount="0"/>
          <line num="216" count="196" type="stmt"/>
          <line num="224" count="3" type="stmt"/>
          <line num="225" count="1" type="stmt"/>
          <line num="239" count="3" type="stmt"/>
          <line num="240" count="366114" type="stmt"/>
          <line num="243" count="366114" type="stmt"/>
          <line num="254" count="3" type="stmt"/>
          <line num="255" count="366114" type="stmt"/>
          <line num="256" count="1098342" type="stmt"/>
          <line num="270" count="3" type="stmt"/>
          <line num="271" count="132" type="cond" truecount="2" falsecount="0"/>
          <line num="273" count="132" type="stmt"/>
          <line num="275" count="132" type="cond" truecount="2" falsecount="0"/>
          <line num="276" count="1" type="stmt"/>
          <line num="280" count="131" type="stmt"/>
          <line num="281" count="131" type="stmt"/>
          <line num="282" count="131" type="stmt"/>
          <line num="284" count="131" type="stmt"/>
          <line num="287" count="183074" type="cond" truecount="2" falsecount="0"/>
          <line num="288" count="17" type="stmt"/>
          <line num="289" count="17" type="stmt"/>
          <line num="290" count="17" type="stmt"/>
          <line num="293" count="183057" type="stmt"/>
          <line num="302" count="183057" type="cond" truecount="2" falsecount="0"/>
          <line num="303" count="2739" type="stmt"/>
          <line num="304" count="2739" type="stmt"/>
          <line num="306" count="183057" type="stmt"/>
          <line num="310" count="131" type="stmt"/>
          <line num="319" count="3" type="stmt"/>
          <line num="321" count="11" type="stmt"/>
          <line num="326" count="110" type="stmt"/>
          <line num="328" count="110" type="stmt"/>
          <line num="329" count="110" type="stmt"/>
          <line num="335" count="11" type="stmt"/>
          <line num="345" count="3" type="stmt"/>
          <line num="346" count="0" type="stmt"/>
          <line num="353" count="0" type="stmt"/>
          <line num="355" count="0" type="stmt"/>
          <line num="358" count="0" type="stmt"/>
          <line num="373" count="3" type="stmt"/>
          <line num="374" count="1" type="stmt"/>
          <line num="386" count="3" type="stmt"/>
          <line num="387" count="3" type="stmt"/>
          <line num="388" count="3" type="stmt"/>
          <line num="390" count="3" type="stmt"/>
          <line num="398" count="3" type="stmt"/>
          <line num="399" count="3" type="stmt"/>
          <line num="414" count="3" type="stmt"/>
          <line num="415" count="3" type="cond" truecount="2" falsecount="0"/>
          <line num="416" count="3" type="stmt"/>
          <line num="418" count="3" type="stmt"/>
          <line num="419" count="3" type="stmt"/>
          <line num="422" count="3" type="stmt"/>
          <line num="424" count="3" type="cond" truecount="2" falsecount="0"/>
          <line num="425" count="1" type="stmt"/>
          <line num="428" count="3" type="stmt"/>
          <line num="439" count="3" type="stmt"/>
          <line num="440" count="1" type="stmt"/>
        </file>
        <file name="colors.js" path="/Users/j5/Code/IDEA/react-acid-trail/src/modules/acid-trail/colors.js">
          <metrics statements="0" coveredstatements="0" conditionals="0" coveredconditionals="0" methods="0" coveredmethods="0"/>
        </file>
      </package>
      <package name="src.modules.ipsum-salt">
        <metrics statements="19" coveredstatements="0" conditionals="5" coveredconditionals="0" methods="5" coveredmethods="0"/>
        <file name="loader.js" path="/Users/j5/Code/IDEA/react-acid-trail/src/modules/ipsum-salt/loader.js">
          <metrics statements="19" coveredstatements="0" conditionals="5" coveredconditionals="0" methods="5" coveredmethods="0"/>
          <line num="15" count="0" type="stmt"/>
          <line num="16" count="0" type="stmt"/>
          <line num="17" count="0" type="stmt"/>
          <line num="28" count="0" type="stmt"/>
          <line num="29" count="0" type="stmt"/>
          <line num="46" count="0" type="cond" truecount="0" falsecount="1"/>
          <line num="47" count="0" type="cond" truecount="0" falsecount="2"/>
          <line num="48" count="0" type="stmt"/>
          <line num="50" count="0" type="stmt"/>
          <line num="52" count="0" type="stmt"/>
          <line num="53" count="0" type="stmt"/>
          <line num="55" count="0" type="stmt"/>
          <line num="65" count="0" type="stmt"/>
          <line num="66" count="0" type="stmt"/>
          <line num="70" count="0" type="cond" truecount="0" falsecount="2"/>
          <line num="71" count="0" type="stmt"/>
          <line num="74" count="0" type="stmt"/>
          <line num="84" count="0" type="stmt"/>
          <line num="90" count="0" type="stmt"/>
        </file>
      </package>
      <package name="src.reducers">
        <metrics statements="37" coveredstatements="0" conditionals="19" coveredconditionals="0" methods="2" coveredmethods="0"/>
        <file name="acid-trail.js" path="/Users/j5/Code/IDEA/react-acid-trail/src/reducers/acid-trail.js">
          <metrics statements="12" coveredstatements="0" conditionals="6" coveredconditionals="0" methods="1" coveredmethods="0"/>
          <line num="1" count="0" type="stmt"/>
          <line num="3" count="0" type="stmt"/>
          <line num="13" count="0" type="cond" truecount="0" falsecount="1"/>
          <line num="14" count="0" type="stmt"/>
          <line num="16" count="0" type="stmt"/>
          <line num="18" count="0" type="stmt"/>
          <line num="22" count="0" type="stmt"/>
          <line num="30" count="0" type="stmt"/>
          <line num="34" count="0" type="stmt"/>
          <line num="39" count="0" type="stmt"/>
          <line num="42" count="0" type="stmt"/>
          <line num="46" count="0" type="stmt"/>
        </file>
        <file name="hasher.js" path="/Users/j5/Code/IDEA/react-acid-trail/src/reducers/hasher.js">
          <metrics statements="22" coveredstatements="0" conditionals="13" coveredconditionals="0" methods="1" coveredmethods="0"/>
          <line num="1" count="0" type="stmt"/>
          <line num="12" count="0" type="stmt"/>
          <line num="21" count="0" type="cond" truecount="0" falsecount="1"/>
          <line num="22" count="0" type="stmt"/>
          <line num="25" count="0" type="stmt"/>
          <line num="26" count="0" type="stmt"/>
          <line num="28" count="0" type="stmt"/>
          <line num="32" count="0" type="stmt"/>
          <line num="37" count="0" type="stmt"/>
          <line num="41" count="0" type="stmt"/>
          <line num="49" count="0" type="stmt"/>
          <line num="53" count="0" type="stmt"/>
          <line num="58" count="0" type="stmt"/>
          <line num="62" count="0" type="stmt"/>
          <line num="71" count="0" type="stmt"/>
          <line num="75" count="0" type="stmt"/>
          <line num="80" count="0" type="stmt"/>
          <line num="84" count="0" type="cond" truecount="0" falsecount="3"/>
          <line num="89" count="0" type="stmt"/>
          <line num="102" count="0" type="stmt"/>
          <line num="105" count="0" type="stmt"/>
          <line num="108" count="0" type="stmt"/>
        </file>
        <file name="index.js" path="/Users/j5/Code/IDEA/react-acid-trail/src/reducers/index.js">
          <metrics statements="3" coveredstatements="0" conditionals="0" coveredconditionals="0" methods="0" coveredmethods="0"/>
          <line num="1" count="0" type="stmt"/>
          <line num="3" count="0" type="stmt"/>
          <line num="4" count="0" type="stmt"/>
        </file>
      </package>
      <package name="src.sagas">
        <metrics statements="19" coveredstatements="0" conditionals="0" coveredconditionals="0" methods="8" coveredmethods="0"/>
        <file name="hasher.js" path="/Users/j5/Code/IDEA/react-acid-trail/src/sagas/hasher.js">
          <metrics statements="16" coveredstatements="0" conditionals="0" coveredconditionals="0" methods="7" coveredmethods="0"/>
          <line num="1" count="0" type="stmt"/>
          <line num="3" count="0" type="stmt"/>
          <line num="4" count="0" type="stmt"/>
          <line num="14" count="0" type="stmt"/>
          <line num="15" count="0" type="stmt"/>
          <line num="16" count="0" type="stmt"/>
          <line num="19" count="0" type="stmt"/>
          <line num="21" count="0" type="stmt"/>
          <line num="22" count="0" type="stmt"/>
          <line num="23" count="0" type="stmt"/>
          <line num="25" count="0" type="stmt"/>
          <line num="30" count="0" type="stmt"/>
          <line num="32" count="0" type="stmt"/>
          <line num="34" count="0" type="stmt"/>
          <line num="36" count="0" type="stmt"/>
          <line num="48" count="0" type="stmt"/>
        </file>
        <file name="index.js" path="/Users/j5/Code/IDEA/react-acid-trail/src/sagas/index.js">
          <metrics statements="3" coveredstatements="0" conditionals="0" coveredconditionals="0" methods="1" coveredmethods="0"/>
          <line num="1" count="0" type="stmt"/>
          <line num="3" count="0" type="stmt"/>
          <line num="7" count="0" type="stmt"/>
        </file>
      </package>
    </metrics>
  </project>
</coverage>
