{"/Users/j5/Code/IDEA/react-acid-trail/src/App.js": {"path":"/Users/j5/Code/IDEA/react-acid-trail/src/App.js","statementMap":{"0":{"start":{"line":1,"column":0},"end":{"line":null,"column":-1}},"1":{"start":{"line":2,"column":0},"end":{"line":null,"column":-1}},"2":{"start":{"line":3,"column":0},"end":{"line":null,"column":-1}},"3":{"start":{"line":5,"column":0},"end":{"line":null,"column":-1}},"4":{"start":{"line":6,"column":0},"end":{"line":null,"column":-1}},"5":{"start":{"line":15,"column":0},"end":{"line":null,"column":-1}},"6":{"start":{"line":27,"column":0},"end":{"line":null,"column":-1}},"7":{"start":{"line":37,"column":0},"end":{"line":null,"column":-1}},"8":{"start":{"line":48,"column":4},"end":{"line":null,"column":-1}},"9":{"start":{"line":50,"column":4},"end":{"line":null,"column":-1}},"10":{"start":{"line":51,"column":4},"end":{"line":null,"column":-1}},"11":{"start":{"line":57,"column":4},"end":{"line":null,"column":-1}},"12":{"start":{"line":63,"column":4},"end":{"line":null,"column":-1}}},"fnMap":{"0":{"name":"(anonymous_0)","decl":{"start":{"line":47,"column":2},"end":{"line":47,"column":12}},"loc":{"start":{"line":47,"column":22},"end":{"line":54,"column":3}}},"1":{"name":"(anonymous_1)","decl":{"start":{"line":56,"column":2},"end":{"line":56,"column":7}},"loc":{"start":{"line":56,"column":12},"end":{"line":60,"column":3}}},"2":{"name":"(anonymous_2)","decl":{"start":{"line":62,"column":2},"end":{"line":62,"column":7}},"loc":{"start":{"line":62,"column":12},"end":{"line":100,"column":3}}}},"branchMap":{},"s":{"0":0,"1":0,"2":0,"3":0,"4":0,"5":0,"6":0,"7":0,"8":0,"9":0,"10":0,"11":0,"12":0},"f":{"0":0,"1":0,"2":0},"b":{}}
,"/Users/j5/Code/IDEA/react-acid-trail/src/index.js": {"path":"/Users/j5/Code/IDEA/react-acid-trail/src/index.js","statementMap":{"0":{"start":{"line":1,"column":0},"end":{"line":null,"column":-1}},"1":{"start":{"line":2,"column":0},"end":{"line":null,"column":-1}},"2":{"start":{"line":3,"column":0},"end":{"line":null,"column":-1}},"3":{"start":{"line":4,"column":0},"end":{"line":null,"column":-1}},"4":{"start":{"line":5,"column":0},"end":{"line":null,"column":-1}},"5":{"start":{"line":7,"column":0},"end":{"line":null,"column":-1}},"6":{"start":{"line":8,"column":0},"end":{"line":null,"column":-1}},"7":{"start":{"line":9,"column":0},"end":{"line":null,"column":-1}},"8":{"start":{"line":10,"column":0},"end":{"line":null,"column":-1}},"9":{"start":{"line":11,"column":0},"end":{"line":null,"column":-1}},"10":{"start":{"line":13,"column":0},"end":{"line":null,"column":-1}},"11":{"start":{"line":14,"column":0},"end":{"line":null,"column":-1}},"12":{"start":{"line":16,"column":25},"end":{"line":16,"column":0}},"13":{"start":{"line":17,"column":23},"end":{"line":17,"column":0}},"14":{"start":{"line":19,"column":14},"end":{"line":19,"column":0}},"15":{"start":{"line":31,"column":0},"end":{"line":null,"column":-1}},"16":{"start":{"line":33,"column":0},"end":{"line":null,"column":-1}}},"fnMap":{},"branchMap":{"0":{"loc":{"start":{"line":16,"column":25},"end":{"line":16,"column":24}},"type":"binary-expr","locations":[{"start":{"line":16,"column":25},"end":{"line":16,"column":24}},{"start":{"line":16,"column":72},"end":{"line":16,"column":0}}]}},"s":{"0":0,"1":0,"2":0,"3":0,"4":0,"5":0,"6":0,"7":0,"8":0,"9":0,"10":0,"11":0,"12":0,"13":0,"14":0,"15":0,"16":0},"f":{},"b":{"0":[0,0]}}
,"/Users/j5/Code/IDEA/react-acid-trail/src/actions/acid-trail.js": {"path":"/Users/j5/Code/IDEA/react-acid-trail/src/actions/acid-trail.js","statementMap":{"0":{"start":{"line":1,"column":0},"end":{"line":null,"column":-1}},"1":{"start":{"line":3,"column":14},"end":{"line":3,"column":0}}},"fnMap":{},"branchMap":{},"s":{"0":0,"1":0},"f":{},"b":{}}
,"/Users/j5/Code/IDEA/react-acid-trail/src/actions/hasher.js": {"path":"/Users/j5/Code/IDEA/react-acid-trail/src/actions/hasher.js","statementMap":{"0":{"start":{"line":1,"column":0},"end":{"line":null,"column":-1}},"1":{"start":{"line":3,"column":14},"end":{"line":3,"column":0}}},"fnMap":{},"branchMap":{},"s":{"0":0,"1":0},"f":{},"b":{}}
,"/Users/j5/Code/IDEA/react-acid-trail/src/actions/index.js": {"path":"/Users/j5/Code/IDEA/react-acid-trail/src/actions/index.js","statementMap":{"0":{"start":{"line":1,"column":0},"end":{"line":null,"column":-1}},"1":{"start":{"line":2,"column":0},"end":{"line":null,"column":-1}}},"fnMap":{},"branchMap":{},"s":{"0":0,"1":0},"f":{},"b":{}}
,"/Users/j5/Code/IDEA/react-acid-trail/src/components/index.js": {"path":"/Users/j5/Code/IDEA/react-acid-trail/src/components/index.js","statementMap":{"0":{"start":{"line":1,"column":0},"end":{"line":null,"column":-1}},"1":{"start":{"line":2,"column":0},"end":{"line":null,"column":-1}},"2":{"start":{"line":3,"column":0},"end":{"line":null,"column":-1}},"3":{"start":{"line":4,"column":0},"end":{"line":null,"column":-1}},"4":{"start":{"line":5,"column":0},"end":{"line":null,"column":-1}},"5":{"start":{"line":6,"column":0},"end":{"line":null,"column":-1}},"6":{"start":{"line":7,"column":0},"end":{"line":null,"column":-1}},"7":{"start":{"line":8,"column":0},"end":{"line":null,"column":-1}},"8":{"start":{"line":9,"column":0},"end":{"line":null,"column":-1}}},"fnMap":{},"branchMap":{},"s":{"0":0,"1":0,"2":0,"3":0,"4":0,"5":0,"6":0,"7":0,"8":0},"f":{},"b":{}}
,"/Users/j5/Code/IDEA/react-acid-trail/src/components/AcidTrailChart/AcidTrailChart.js": {"path":"/Users/j5/Code/IDEA/react-acid-trail/src/components/AcidTrailChart/AcidTrailChart.js","statementMap":{"0":{"start":{"line":1,"column":0},"end":{"line":null,"column":-1}},"1":{"start":{"line":2,"column":0},"end":{"line":null,"column":-1}},"2":{"start":{"line":3,"column":0},"end":{"line":null,"column":-1}},"3":{"start":{"line":5,"column":0},"end":{"line":null,"column":-1}},"4":{"start":{"line":7,"column":0},"end":{"line":null,"column":-1}},"5":{"start":{"line":17,"column":4},"end":{"line":null,"column":-1}},"6":{"start":{"line":20,"column":36},"end":{"line":17,"column":11}},"7":{"start":{"line":31,"column":4},"end":{"line":null,"column":-1}},"8":{"start":{"line":34,"column":37},"end":{"line":31,"column":11}},"9":{"start":{"line":45,"column":4},"end":{"line":null,"column":-1}},"10":{"start":{"line":48,"column":20},"end":{"line":48,"column":8}},"11":{"start":{"line":49,"column":22},"end":{"line":49,"column":8}},"12":{"start":{"line":50,"column":22},"end":{"line":50,"column":8}},"13":{"start":{"line":51,"column":23},"end":{"line":51,"column":8}},"14":{"start":{"line":52,"column":28},"end":{"line":52,"column":8}},"15":{"start":{"line":53,"column":27},"end":{"line":53,"column":8}},"16":{"start":{"line":55,"column":23},"end":{"line":55,"column":8}},"17":{"start":{"line":64,"column":8},"end":{"line":null,"column":-1}},"18":{"start":{"line":65,"column":21},"end":{"line":64,"column":15}},"19":{"start":{"line":76,"column":4},"end":{"line":null,"column":-1}},"20":{"start":{"line":80,"column":36},"end":{"line":76,"column":11}},"21":{"start":{"line":97,"column":18},"end":{"line":97,"column":4}},"22":{"start":{"line":98,"column":19},"end":{"line":98,"column":4}},"23":{"start":{"line":100,"column":18},"end":{"line":100,"column":4}},"24":{"start":{"line":102,"column":4},"end":{"line":null,"column":-1}},"25":{"start":{"line":106,"column":16},"end":{"line":106,"column":4}},"26":{"start":{"line":113,"column":18},"end":{"line":113,"column":4}},"27":{"start":{"line":116,"column":17},"end":{"line":116,"column":4}},"28":{"start":{"line":118,"column":6},"end":{"line":117,"column":4}},"29":{"start":{"line":123,"column":6},"end":{"line":122,"column":4}},"30":{"start":{"line":128,"column":4},"end":{"line":95,"column":5}},"31":{"start":{"line":138,"column":31},"end":{"line":128,"column":4}},"32":{"start":{"line":153,"column":4},"end":{"line":95,"column":5}},"33":{"start":{"line":163,"column":24},"end":{"line":153,"column":4}},"34":{"start":{"line":181,"column":8},"end":{"line":168,"column":23}},"35":{"start":{"line":168,"column":23},"end":{"line":168,"column":22}},"36":{"start":{"line":168,"column":23},"end":{"line":null,"column":-1}},"37":{"start":{"line":183,"column":19},"end":{"line":183,"column":4}},"38":{"start":{"line":185,"column":18},"end":{"line":185,"column":4}},"39":{"start":{"line":187,"column":17},"end":{"line":187,"column":4}},"40":{"start":{"line":189,"column":4},"end":{"line":199,"column":5}},"41":{"start":{"line":190,"column":25},"end":{"line":190,"column":6}},"42":{"start":{"line":192,"column":6},"end":{"line":null,"column":-1}},"43":{"start":{"line":201,"column":4},"end":{"line":216,"column":5}},"44":{"start":{"line":202,"column":25},"end":{"line":202,"column":6}},"45":{"start":{"line":203,"column":19},"end":{"line":202,"column":25}},"46":{"start":{"line":205,"column":21},"end":{"line":205,"column":6}},"47":{"start":{"line":206,"column":19},"end":{"line":205,"column":21}},"48":{"start":{"line":209,"column":6},"end":{"line":null,"column":-1}},"49":{"start":{"line":218,"column":4},"end":{"line":245,"column":5}},"50":{"start":{"line":219,"column":26},"end":{"line":219,"column":6}},"51":{"start":{"line":220,"column":19},"end":{"line":219,"column":26}},"52":{"start":{"line":223,"column":6},"end":{"line":232,"column":7}},"53":{"start":{"line":225,"column":8},"end":{"line":null,"column":-1}},"54":{"start":{"line":234,"column":6},"end":{"line":244,"column":7}},"55":{"start":{"line":235,"column":27},"end":{"line":235,"column":8}},"56":{"start":{"line":237,"column":8},"end":{"line":null,"column":-1}},"57":{"start":{"line":247,"column":4},"end":{"line":null,"column":-1}},"58":{"start":{"line":251,"column":4},"end":{"line":null,"column":-1}},"59":{"start":{"line":259,"column":30},"end":{"line":259,"column":7}}},"fnMap":{"0":{"name":"(anonymous_0)","decl":{"start":{"line":11,"column":2},"end":{"line":11,"column":5}},"loc":{"start":{"line":16,"column":5},"end":{"line":23,"column":3}}},"1":{"name":"(anonymous_1)","decl":{"start":{"line":20,"column":17},"end":{"line":20,"column":18}},"loc":{"start":{"line":20,"column":36},"end":{"line":17,"column":11}}},"2":{"name":"(anonymous_2)","decl":{"start":{"line":25,"column":2},"end":{"line":25,"column":8}},"loc":{"start":{"line":30,"column":5},"end":{"line":37,"column":3}}},"3":{"name":"(anonymous_3)","decl":{"start":{"line":34,"column":18},"end":{"line":34,"column":19}},"loc":{"start":{"line":34,"column":37},"end":{"line":31,"column":11}}},"4":{"name":"(anonymous_4)","decl":{"start":{"line":39,"column":2},"end":{"line":39,"column":8}},"loc":{"start":{"line":44,"column":5},"end":{"line":68,"column":3}}},"5":{"name":"(anonymous_5)","decl":{"start":{"line":47,"column":22},"end":{"line":47,"column":23}},"loc":{"start":{"line":47,"column":40},"end":{"line":45,"column":11}}},"6":{"name":"(anonymous_6)","decl":{"start":{"line":65,"column":11},"end":{"line":65,"column":9}},"loc":{"start":{"line":65,"column":21},"end":{"line":64,"column":15}}},"7":{"name":"(anonymous_7)","decl":{"start":{"line":70,"column":2},"end":{"line":70,"column":5}},"loc":{"start":{"line":75,"column":5},"end":{"line":87,"column":3}}},"8":{"name":"(anonymous_8)","decl":{"start":{"line":80,"column":17},"end":{"line":80,"column":18}},"loc":{"start":{"line":80,"column":36},"end":{"line":76,"column":11}}},"9":{"name":"(anonymous_9)","decl":{"start":{"line":89,"column":2},"end":{"line":89,"column":7}},"loc":{"start":{"line":95,"column":5},"end":{"line":166,"column":3}}},"10":{"name":"(anonymous_10)","decl":{"start":{"line":138,"column":21},"end":{"line":138,"column":19}},"loc":{"start":{"line":138,"column":31},"end":{"line":128,"column":4}}},"11":{"name":"(anonymous_11)","decl":{"start":{"line":163,"column":13},"end":{"line":163,"column":11}},"loc":{"start":{"line":163,"column":24},"end":{"line":153,"column":4}}},"12":{"name":"(anonymous_12)","decl":{"start":{"line":168,"column":2},"end":{"line":168,"column":18}},"loc":{"start":{"line":168,"column":23},"end":{"line":248,"column":3}}},"13":{"name":"(anonymous_13)","decl":{"start":{"line":203,"column":9},"end":{"line":203,"column":7}},"loc":{"start":{"line":203,"column":19},"end":{"line":202,"column":25}}},"14":{"name":"(anonymous_14)","decl":{"start":{"line":206,"column":9},"end":{"line":206,"column":7}},"loc":{"start":{"line":206,"column":19},"end":{"line":205,"column":21}}},"15":{"name":"(anonymous_15)","decl":{"start":{"line":220,"column":9},"end":{"line":220,"column":7}},"loc":{"start":{"line":220,"column":19},"end":{"line":219,"column":26}}},"16":{"name":"(anonymous_16)","decl":{"start":{"line":250,"column":2},"end":{"line":250,"column":7}},"loc":{"start":{"line":250,"column":12},"end":{"line":256,"column":3}}}},"branchMap":{"0":{"loc":{"start":{"line":93,"column":13},"end":{"line":89,"column":10}},"type":"default-arg","locations":[{"start":{"line":93,"column":13},"end":{"line":89,"column":10}}]},"1":{"loc":{"start":{"line":94,"column":12},"end":{"line":null,"column":-1}},"type":"default-arg","locations":[{"start":{"line":94,"column":12},"end":{"line":null,"column":-1}}]},"2":{"loc":{"start":{"line":174,"column":17},"end":{"line":168,"column":23}},"type":"cond-expr","locations":[{"start":{"line":174,"column":17},"end":{"line":168,"column":23}},{"start":{"line":168,"column":23},"end":{"line":null,"column":-1}}]},"3":{"loc":{"start":{"line":189,"column":4},"end":{"line":199,"column":5}},"type":"if","locations":[{"start":{"line":189,"column":4},"end":{"line":199,"column":5}},{"start":{"line":189,"column":4},"end":{"line":199,"column":5}}]},"4":{"loc":{"start":{"line":201,"column":4},"end":{"line":216,"column":5}},"type":"if","locations":[{"start":{"line":201,"column":4},"end":{"line":216,"column":5}},{"start":{"line":201,"column":4},"end":{"line":216,"column":5}}]},"5":{"loc":{"start":{"line":218,"column":4},"end":{"line":245,"column":5}},"type":"if","locations":[{"start":{"line":218,"column":4},"end":{"line":245,"column":5}},{"start":{"line":218,"column":4},"end":{"line":245,"column":5}}]},"6":{"loc":{"start":{"line":218,"column":8},"end":{"line":218,"column":7}},"type":"binary-expr","locations":[{"start":{"line":218,"column":8},"end":{"line":218,"column":7}},{"start":{"line":218,"column":27},"end":{"line":218,"column":4}}]},"7":{"loc":{"start":{"line":223,"column":6},"end":{"line":232,"column":7}},"type":"if","locations":[{"start":{"line":223,"column":6},"end":{"line":232,"column":7}},{"start":{"line":223,"column":6},"end":{"line":232,"column":7}}]},"8":{"loc":{"start":{"line":234,"column":6},"end":{"line":244,"column":7}},"type":"if","locations":[{"start":{"line":234,"column":6},"end":{"line":244,"column":7}},{"start":{"line":234,"column":6},"end":{"line":244,"column":7}}]}},"s":{"0":0,"1":0,"2":0,"3":0,"4":0,"5":0,"6":0,"7":0,"8":0,"9":0,"10":0,"11":0,"12":0,"13":0,"14":0,"15":0,"16":0,"17":0,"18":0,"19":0,"20":0,"21":0,"22":0,"23":0,"24":0,"25":0,"26":0,"27":0,"28":0,"29":0,"30":0,"31":0,"32":0,"33":0,"34":0,"35":0,"36":0,"37":0,"38":0,"39":0,"40":0,"41":0,"42":0,"43":0,"44":0,"45":0,"46":0,"47":0,"48":0,"49":0,"50":0,"51":0,"52":0,"53":0,"54":0,"55":0,"56":0,"57":0,"58":0,"59":0},"f":{"0":0,"1":0,"2":0,"3":0,"4":0,"5":0,"6":0,"7":0,"8":0,"9":0,"10":0,"11":0,"12":0,"13":0,"14":0,"15":0,"16":0},"b":{"0":[0],"1":[0],"2":[0,0],"3":[0,0],"4":[0,0],"5":[0,0],"6":[0,0],"7":[0,0],"8":[0,0]}}
,"/Users/j5/Code/IDEA/react-acid-trail/src/components/AcidTrailCharts/AcidTrailCharts.js": {"path":"/Users/j5/Code/IDEA/react-acid-trail/src/components/AcidTrailCharts/AcidTrailCharts.js","statementMap":{"0":{"start":{"line":1,"column":0},"end":{"line":null,"column":-1}},"1":{"start":{"line":2,"column":0},"end":{"line":null,"column":-1}},"2":{"start":{"line":4,"column":0},"end":{"line":null,"column":-1}},"3":{"start":{"line":7,"column":0},"end":{"line":null,"column":-1}},"4":{"start":{"line":9,"column":32},"end":{"line":9,"column":7}},"5":{"start":{"line":17,"column":6},"end":{"line":9,"column":42}},"6":{"start":{"line":9,"column":42},"end":{"line":null,"column":-1}},"7":{"start":{"line":19,"column":18},"end":{"line":19,"column":2}},"8":{"start":{"line":26,"column":20},"end":{"line":26,"column":2}},"9":{"start":{"line":32,"column":2},"end":{"line":null,"column":-1}},"10":{"start":{"line":41,"column":18},"end":{"line":39,"column":14}},"11":{"start":{"line":55,"column":18},"end":{"line":53,"column":14}},"12":{"start":{"line":72,"column":14},"end":{"line":70,"column":10}}},"fnMap":{"0":{"name":"(anonymous_0)","decl":{"start":{"line":9,"column":32},"end":{"line":9,"column":30}},"loc":{"start":{"line":9,"column":42},"end":{"line":9,"column":7}}},"1":{"name":"(anonymous_1)","decl":{"start":{"line":40,"column":17},"end":{"line":40,"column":15}},"loc":{"start":{"line":41,"column":18},"end":{"line":39,"column":14}}},"2":{"name":"(anonymous_2)","decl":{"start":{"line":54,"column":17},"end":{"line":54,"column":15}},"loc":{"start":{"line":55,"column":18},"end":{"line":53,"column":14}}},"3":{"name":"(anonymous_3)","decl":{"start":{"line":71,"column":12},"end":{"line":71,"column":13}},"loc":{"start":{"line":72,"column":14},"end":{"line":70,"column":10}}}},"branchMap":{"0":{"loc":{"start":{"line":14,"column":15},"end":{"line":9,"column":42}},"type":"cond-expr","locations":[{"start":{"line":14,"column":15},"end":{"line":9,"column":42}},{"start":{"line":9,"column":42},"end":{"line":null,"column":-1}}]},"1":{"loc":{"start":{"line":67,"column":8},"end":{"line":67,"column":14}},"type":"binary-expr","locations":[{"start":{"line":67,"column":8},"end":{"line":67,"column":14}},{"start":{"line":67,"column":18},"end":{"line":67,"column":8}},{"start":{"line":68,"column":7},"end":{"line":33,"column":4}}]},"2":{"loc":{"start":{"line":77,"column":54},"end":{"line":77,"column":42}},"type":"cond-expr","locations":[{"start":{"line":77,"column":54},"end":{"line":77,"column":42}},{"start":{"line":77,"column":63},"end":{"line":77,"column":18}}]},"3":{"loc":{"start":{"line":78,"column":20},"end":{"line":78,"column":19}},"type":"binary-expr","locations":[{"start":{"line":78,"column":20},"end":{"line":78,"column":19}},{"start":{"line":79,"column":20},"end":{"line":76,"column":16}}]}},"s":{"0":0,"1":0,"2":0,"3":0,"4":0,"5":0,"6":0,"7":0,"8":0,"9":0,"10":0,"11":0,"12":0},"f":{"0":0,"1":0,"2":0,"3":0},"b":{"0":[0,0],"1":[0,0,0],"2":[0,0],"3":[0,0]}}
,"/Users/j5/Code/IDEA/react-acid-trail/src/components/AcidTrailCheckbox/AcidTrailCheckbox.js": {"path":"/Users/j5/Code/IDEA/react-acid-trail/src/components/AcidTrailCheckbox/AcidTrailCheckbox.js","statementMap":{"0":{"start":{"line":1,"column":0},"end":{"line":null,"column":-1}},"1":{"start":{"line":3,"column":34},"end":{"line":3,"column":7}},"2":{"start":{"line":5,"column":36},"end":{"line":3,"column":44}},"3":{"start":{"line":7,"column":2},"end":{"line":null,"column":-1}}},"fnMap":{"0":{"name":"(anonymous_0)","decl":{"start":{"line":3,"column":34},"end":{"line":3,"column":32}},"loc":{"start":{"line":3,"column":44},"end":{"line":3,"column":7}}}},"branchMap":{"0":{"loc":{"start":{"line":18,"column":20},"end":{"line":18,"column":27}},"type":"binary-expr","locations":[{"start":{"line":18,"column":20},"end":{"line":18,"column":27}},{"start":{"line":18,"column":31},"end":{"line":13,"column":8}}]}},"s":{"0":0,"1":0,"2":0,"3":0},"f":{"0":0},"b":{"0":[0,0]}}
,"/Users/j5/Code/IDEA/react-acid-trail/src/components/ClearButton/ClearButton.js": {"path":"/Users/j5/Code/IDEA/react-acid-trail/src/components/ClearButton/ClearButton.js","statementMap":{"0":{"start":{"line":1,"column":0},"end":{"line":null,"column":-1}},"1":{"start":{"line":2,"column":0},"end":{"line":null,"column":-1}},"2":{"start":{"line":5,"column":28},"end":{"line":5,"column":7}},"3":{"start":{"line":7,"column":20},"end":{"line":5,"column":38}},"4":{"start":{"line":9,"column":2},"end":{"line":null,"column":-1}}},"fnMap":{"0":{"name":"(anonymous_0)","decl":{"start":{"line":5,"column":28},"end":{"line":5,"column":26}},"loc":{"start":{"line":5,"column":38},"end":{"line":5,"column":7}}}},"branchMap":{},"s":{"0":0,"1":0,"2":0,"3":0,"4":0},"f":{"0":0},"b":{}}
,"/Users/j5/Code/IDEA/react-acid-trail/src/components/EnterString/EnterString.js": {"path":"/Users/j5/Code/IDEA/react-acid-trail/src/components/EnterString/EnterString.js","statementMap":{"0":{"start":{"line":1,"column":0},"end":{"line":null,"column":-1}},"1":{"start":{"line":3,"column":28},"end":{"line":3,"column":7}},"2":{"start":{"line":5,"column":28},"end":{"line":3,"column":38}},"3":{"start":{"line":7,"column":2},"end":{"line":null,"column":-1}}},"fnMap":{"0":{"name":"(anonymous_0)","decl":{"start":{"line":3,"column":28},"end":{"line":3,"column":26}},"loc":{"start":{"line":3,"column":38},"end":{"line":3,"column":7}}}},"branchMap":{},"s":{"0":0,"1":0,"2":0,"3":0},"f":{"0":0},"b":{}}
,"/Users/j5/Code/IDEA/react-acid-trail/src/components/EnterTitle/EnterTitle.js": {"path":"/Users/j5/Code/IDEA/react-acid-trail/src/components/EnterTitle/EnterTitle.js","statementMap":{"0":{"start":{"line":1,"column":0},"end":{"line":null,"column":-1}},"1":{"start":{"line":2,"column":0},"end":{"line":null,"column":-1}},"2":{"start":{"line":4,"column":27},"end":{"line":4,"column":7}},"3":{"start":{"line":6,"column":27},"end":{"line":4,"column":37}},"4":{"start":{"line":8,"column":2},"end":{"line":null,"column":-1}}},"fnMap":{"0":{"name":"(anonymous_0)","decl":{"start":{"line":4,"column":27},"end":{"line":4,"column":25}},"loc":{"start":{"line":4,"column":37},"end":{"line":4,"column":7}}}},"branchMap":{},"s":{"0":0,"1":0,"2":0,"3":0,"4":0},"f":{"0":0},"b":{}}
,"/Users/j5/Code/IDEA/react-acid-trail/src/components/FileChooser/FileChooser.js": {"path":"/Users/j5/Code/IDEA/react-acid-trail/src/components/FileChooser/FileChooser.js","statementMap":{"0":{"start":{"line":1,"column":0},"end":{"line":null,"column":-1}},"1":{"start":{"line":2,"column":0},"end":{"line":null,"column":-1}},"2":{"start":{"line":3,"column":0},"end":{"line":null,"column":-1}},"3":{"start":{"line":5,"column":28},"end":{"line":5,"column":7}},"4":{"start":{"line":7,"column":28},"end":{"line":5,"column":38}},"5":{"start":{"line":9,"column":2},"end":{"line":null,"column":-1}},"6":{"start":{"line":35,"column":14},"end":{"line":32,"column":10}}},"fnMap":{"0":{"name":"(anonymous_0)","decl":{"start":{"line":5,"column":28},"end":{"line":5,"column":26}},"loc":{"start":{"line":5,"column":38},"end":{"line":5,"column":7}}},"1":{"name":"(anonymous_1)","decl":{"start":{"line":34,"column":12},"end":{"line":34,"column":13}},"loc":{"start":{"line":35,"column":14},"end":{"line":32,"column":10}}}},"branchMap":{},"s":{"0":0,"1":0,"2":0,"3":0,"4":0,"5":0,"6":0},"f":{"0":0,"1":0},"b":{}}
,"/Users/j5/Code/IDEA/react-acid-trail/src/components/HashButton/HashButton.js": {"path":"/Users/j5/Code/IDEA/react-acid-trail/src/components/HashButton/HashButton.js","statementMap":{"0":{"start":{"line":1,"column":0},"end":{"line":null,"column":-1}},"1":{"start":{"line":2,"column":0},"end":{"line":null,"column":-1}},"2":{"start":{"line":5,"column":27},"end":{"line":5,"column":7}},"3":{"start":{"line":7,"column":19},"end":{"line":5,"column":37}},"4":{"start":{"line":9,"column":2},"end":{"line":null,"column":-1}}},"fnMap":{"0":{"name":"(anonymous_0)","decl":{"start":{"line":5,"column":27},"end":{"line":5,"column":25}},"loc":{"start":{"line":5,"column":37},"end":{"line":5,"column":7}}}},"branchMap":{},"s":{"0":0,"1":0,"2":0,"3":0,"4":0},"f":{"0":0},"b":{}}
,"/Users/j5/Code/IDEA/react-acid-trail/src/components/IpsumSalt/IpsumSalt.js": {"path":"/Users/j5/Code/IDEA/react-acid-trail/src/components/IpsumSalt/IpsumSalt.js","statementMap":{"0":{"start":{"line":2,"column":0},"end":{"line":null,"column":-1}},"1":{"start":{"line":3,"column":0},"end":{"line":null,"column":-1}},"2":{"start":{"line":4,"column":0},"end":{"line":null,"column":-1}},"3":{"start":{"line":5,"column":0},"end":{"line":null,"column":-1}},"4":{"start":{"line":7,"column":0},"end":{"line":null,"column":-1}},"5":{"start":{"line":9,"column":0},"end":{"line":null,"column":-1}},"6":{"start":{"line":11,"column":18},"end":{"line":11,"column":0}},"7":{"start":{"line":12,"column":2},"end":{"line":null,"column":-1}},"8":{"start":{"line":15,"column":15},"end":{"line":15,"column":0}},"9":{"start":{"line":24,"column":20},"end":{"line":null,"column":-1}},"10":{"start":{"line":30,"column":21},"end":{"line":30,"column":20}},"11":{"start":{"line":38,"column":20},"end":{"line":38,"column":6}},"12":{"start":{"line":39,"column":17},"end":{"line":39,"column":6}},"13":{"start":{"line":41,"column":6},"end":{"line":45,"column":7}},"14":{"start":{"line":42,"column":8},"end":{"line":null,"column":-1}},"15":{"start":{"line":47,"column":6},"end":{"line":null,"column":-1}},"16":{"start":{"line":55,"column":4},"end":{"line":null,"column":-1}},"17":{"start":{"line":56,"column":4},"end":{"line":null,"column":-1}},"18":{"start":{"line":66,"column":18},"end":{"line":66,"column":4}},"19":{"start":{"line":68,"column":4},"end":{"line":null,"column":-1}},"20":{"start":{"line":76,"column":4},"end":{"line":null,"column":-1}},"21":{"start":{"line":77,"column":4},"end":{"line":null,"column":-1}},"22":{"start":{"line":83,"column":4},"end":{"line":null,"column":-1}},"23":{"start":{"line":84,"column":4},"end":{"line":null,"column":-1}},"24":{"start":{"line":91,"column":21},"end":{"line":89,"column":12}},"25":{"start":{"line":92,"column":57},"end":{"line":89,"column":12}},"26":{"start":{"line":89,"column":12},"end":{"line":89,"column":11}},"27":{"start":{"line":96,"column":4},"end":{"line":null,"column":-1}},"28":{"start":{"line":99,"column":51},"end":{"line":99,"column":8}},"29":{"start":{"line":102,"column":33},"end":{"line":101,"column":12}},"30":{"start":{"line":125,"column":26},"end":{"line":123,"column":8}},"31":{"start":{"line":133,"column":33},"end":{"line":131,"column":11}},"32":{"start":{"line":134,"column":32},"end":{"line":131,"column":11}}},"fnMap":{"0":{"name":"(anonymous_0)","decl":{"start":{"line":11,"column":18},"end":{"line":11,"column":19}},"loc":{"start":{"line":11,"column":31},"end":{"line":11,"column":0}}},"1":{"name":"(anonymous_1)","decl":{"start":{"line":24,"column":14},"end":{"line":24,"column":19}},"loc":{"start":{"line":24,"column":20},"end":{"line":null,"column":-1}}},"2":{"name":"(anonymous_2)","decl":{"start":{"line":30,"column":14},"end":{"line":30,"column":20}},"loc":{"start":{"line":30,"column":21},"end":{"line":30,"column":20}}},"3":{"name":"(anonymous_3)","decl":{"start":{"line":37,"column":14},"end":{"line":37,"column":19}},"loc":{"start":{"line":37,"column":20},"end":{"line":48,"column":5}}},"4":{"name":"(anonymous_4)","decl":{"start":{"line":54,"column":2},"end":{"line":54,"column":12}},"loc":{"start":{"line":54,"column":17},"end":{"line":63,"column":3}}},"5":{"name":"(anonymous_5)","decl":{"start":{"line":58,"column":16},"end":{"line":58,"column":21}},"loc":{"start":{"line":58,"column":22},"end":{"line":56,"column":17}}},"6":{"name":"(anonymous_6)","decl":{"start":{"line":65,"column":2},"end":{"line":65,"column":11}},"loc":{"start":{"line":65,"column":21},"end":{"line":73,"column":3}}},"7":{"name":"(anonymous_7)","decl":{"start":{"line":75,"column":2},"end":{"line":75,"column":8}},"loc":{"start":{"line":75,"column":18},"end":{"line":80,"column":3}}},"8":{"name":"(anonymous_8)","decl":{"start":{"line":82,"column":2},"end":{"line":82,"column":7}},"loc":{"start":{"line":82,"column":17},"end":{"line":87,"column":3}}},"9":{"name":"(anonymous_9)","decl":{"start":{"line":89,"column":2},"end":{"line":89,"column":7}},"loc":{"start":{"line":89,"column":12},"end":{"line":138,"column":3}}},"10":{"name":"(anonymous_10)","decl":{"start":{"line":99,"column":41},"end":{"line":99,"column":39}},"loc":{"start":{"line":99,"column":51},"end":{"line":99,"column":8}}},"11":{"name":"(anonymous_11)","decl":{"start":{"line":102,"column":14},"end":{"line":102,"column":15}},"loc":{"start":{"line":102,"column":33},"end":{"line":101,"column":12}}},"12":{"name":"(anonymous_12)","decl":{"start":{"line":125,"column":20},"end":{"line":125,"column":25}},"loc":{"start":{"line":125,"column":26},"end":{"line":123,"column":8}}},"13":{"name":"(anonymous_13)","decl":{"start":{"line":133,"column":23},"end":{"line":133,"column":21}},"loc":{"start":{"line":133,"column":33},"end":{"line":131,"column":11}}},"14":{"name":"(anonymous_14)","decl":{"start":{"line":134,"column":22},"end":{"line":134,"column":20}},"loc":{"start":{"line":134,"column":32},"end":{"line":131,"column":11}}}},"branchMap":{"0":{"loc":{"start":{"line":111,"column":12},"end":{"line":111,"column":11}},"type":"binary-expr","locations":[{"start":{"line":111,"column":12},"end":{"line":111,"column":11}},{"start":{"line":111,"column":23},"end":{"line":111,"column":12}},{"start":{"line":112,"column":12},"end":{"line":110,"column":8}}]},"1":{"loc":{"start":{"line":114,"column":12},"end":{"line":114,"column":11}},"type":"binary-expr","locations":[{"start":{"line":114,"column":12},"end":{"line":114,"column":11}},{"start":{"line":114,"column":23},"end":{"line":114,"column":12}},{"start":{"line":115,"column":12},"end":{"line":110,"column":8}}]},"2":{"loc":{"start":{"line":118,"column":12},"end":{"line":118,"column":18}},"type":"binary-expr","locations":[{"start":{"line":118,"column":12},"end":{"line":118,"column":18}},{"start":{"line":119,"column":14},"end":{"line":110,"column":8}}]},"3":{"loc":{"start":{"line":130,"column":10},"end":{"line":130,"column":16}},"type":"binary-expr","locations":[{"start":{"line":130,"column":10},"end":{"line":130,"column":16}},{"start":{"line":130,"column":20},"end":{"line":130,"column":10}},{"start":{"line":131,"column":11},"end":{"line":129,"column":6}}]}},"s":{"0":0,"1":0,"2":0,"3":0,"4":0,"5":0,"6":0,"7":0,"8":0,"9":0,"10":0,"11":0,"12":0,"13":0,"14":0,"15":0,"16":0,"17":0,"18":0,"19":0,"20":0,"21":0,"22":0,"23":0,"24":0,"25":0,"26":0,"27":0,"28":0,"29":0,"30":0,"31":0,"32":0},"f":{"0":0,"1":0,"2":0,"3":0,"4":0,"5":0,"6":0,"7":0,"8":0,"9":0,"10":0,"11":0,"12":0,"13":0,"14":0},"b":{"0":[0,0,0],"1":[0,0,0],"2":[0,0],"3":[0,0,0]}}
,"/Users/j5/Code/IDEA/react-acid-trail/src/containers/index.js": {"path":"/Users/j5/Code/IDEA/react-acid-trail/src/containers/index.js","statementMap":{"0":{"start":{"line":1,"column":0},"end":{"line":null,"column":-1}},"1":{"start":{"line":4,"column":0},"end":{"line":null,"column":-1}},"2":{"start":{"line":7,"column":0},"end":{"line":null,"column":-1}},"3":{"start":{"line":10,"column":0},"end":{"line":null,"column":-1}},"4":{"start":{"line":13,"column":0},"end":{"line":null,"column":-1}},"5":{"start":{"line":16,"column":0},"end":{"line":null,"column":-1}},"6":{"start":{"line":19,"column":0},"end":{"line":null,"column":-1}}},"fnMap":{},"branchMap":{},"s":{"0":0,"1":0,"2":0,"3":0,"4":0,"5":0,"6":0},"f":{},"b":{}}
,"/Users/j5/Code/IDEA/react-acid-trail/src/containers/AcidTrailChartsContainer/AcidTrailChartsContainer.js": {"path":"/Users/j5/Code/IDEA/react-acid-trail/src/containers/AcidTrailChartsContainer/AcidTrailChartsContainer.js","statementMap":{"0":{"start":{"line":1,"column":0},"end":{"line":null,"column":-1}},"1":{"start":{"line":2,"column":0},"end":{"line":null,"column":-1}},"2":{"start":{"line":4,"column":0},"end":{"line":null,"column":-1}},"3":{"start":{"line":11,"column":25},"end":{"line":11,"column":0}},"4":{"start":{"line":11,"column":24},"end":{"line":11,"column":0}},"5":{"start":{"line":16,"column":27},"end":{"line":16,"column":0}},"6":{"start":{"line":16,"column":52},"end":{"line":16,"column":27}},"7":{"start":{"line":18,"column":16},"end":{"line":18,"column":4}},"8":{"start":{"line":19,"column":20},"end":{"line":19,"column":4}},"9":{"start":{"line":21,"column":4},"end":{"line":null,"column":-1}},"10":{"start":{"line":26,"column":18},"end":{"line":26,"column":4}},"11":{"start":{"line":28,"column":4},"end":{"line":null,"column":-1}},"12":{"start":{"line":34,"column":40},"end":{"line":34,"column":7}}},"fnMap":{"0":{"name":"(anonymous_0)","decl":{"start":{"line":11,"column":25},"end":{"line":11,"column":23}},"loc":{"start":{"line":11,"column":24},"end":{"line":11,"column":0}}},"1":{"name":"(anonymous_1)","decl":{"start":{"line":16,"column":27},"end":{"line":16,"column":28}},"loc":{"start":{"line":16,"column":52},"end":{"line":16,"column":27}}},"2":{"name":"(anonymous_2)","decl":{"start":{"line":17,"column":19},"end":{"line":17,"column":17}},"loc":{"start":{"line":17,"column":29},"end":{"line":16,"column":52}}},"3":{"name":"(anonymous_3)","decl":{"start":{"line":25,"column":20},"end":{"line":25,"column":18}},"loc":{"start":{"line":25,"column":30},"end":{"line":31,"column":3}}}},"branchMap":{"0":{"loc":{"start":{"line":26,"column":41},"end":{"line":26,"column":18}},"type":"cond-expr","locations":[{"start":{"line":26,"column":41},"end":{"line":26,"column":18}},{"start":{"line":26,"column":62},"end":{"line":26,"column":4}}]}},"s":{"0":0,"1":0,"2":0,"3":0,"4":0,"5":0,"6":0,"7":0,"8":0,"9":0,"10":0,"11":0,"12":0},"f":{"0":0,"1":0,"2":0,"3":0},"b":{"0":[0,0]}}
,"/Users/j5/Code/IDEA/react-acid-trail/src/containers/ClearButtonContainer/ClearButtonContainer.js": {"path":"/Users/j5/Code/IDEA/react-acid-trail/src/containers/ClearButtonContainer/ClearButtonContainer.js","statementMap":{"0":{"start":{"line":1,"column":0},"end":{"line":null,"column":-1}},"1":{"start":{"line":2,"column":0},"end":{"line":null,"column":-1}},"2":{"start":{"line":4,"column":0},"end":{"line":null,"column":-1}},"3":{"start":{"line":10,"column":25},"end":{"line":10,"column":0}},"4":{"start":{"line":10,"column":24},"end":{"line":10,"column":0}},"5":{"start":{"line":14,"column":27},"end":{"line":14,"column":0}},"6":{"start":{"line":14,"column":52},"end":{"line":14,"column":27}},"7":{"start":{"line":16,"column":4},"end":{"line":null,"column":-1}},"8":{"start":{"line":22,"column":36},"end":{"line":22,"column":7}}},"fnMap":{"0":{"name":"(anonymous_0)","decl":{"start":{"line":10,"column":25},"end":{"line":10,"column":23}},"loc":{"start":{"line":10,"column":24},"end":{"line":10,"column":0}}},"1":{"name":"(anonymous_1)","decl":{"start":{"line":14,"column":27},"end":{"line":14,"column":28}},"loc":{"start":{"line":14,"column":52},"end":{"line":14,"column":27}}},"2":{"name":"(anonymous_2)","decl":{"start":{"line":15,"column":10},"end":{"line":15,"column":8}},"loc":{"start":{"line":15,"column":20},"end":{"line":19,"column":3}}}},"branchMap":{},"s":{"0":0,"1":0,"2":0,"3":0,"4":0,"5":0,"6":0,"7":0,"8":0},"f":{"0":0,"1":0,"2":0},"b":{}}
,"/Users/j5/Code/IDEA/react-acid-trail/src/containers/EnterStringContainer/EnterStringContainer.js": {"path":"/Users/j5/Code/IDEA/react-acid-trail/src/containers/EnterStringContainer/EnterStringContainer.js","statementMap":{"0":{"start":{"line":1,"column":0},"end":{"line":null,"column":-1}},"1":{"start":{"line":2,"column":0},"end":{"line":null,"column":-1}},"2":{"start":{"line":4,"column":0},"end":{"line":null,"column":-1}},"3":{"start":{"line":10,"column":25},"end":{"line":10,"column":0}},"4":{"start":{"line":10,"column":24},"end":{"line":10,"column":0}},"5":{"start":{"line":14,"column":27},"end":{"line":14,"column":0}},"6":{"start":{"line":14,"column":52},"end":{"line":14,"column":27}},"7":{"start":{"line":16,"column":4},"end":{"line":null,"column":-1}},"8":{"start":{"line":24,"column":36},"end":{"line":24,"column":7}}},"fnMap":{"0":{"name":"(anonymous_0)","decl":{"start":{"line":10,"column":25},"end":{"line":10,"column":23}},"loc":{"start":{"line":10,"column":24},"end":{"line":10,"column":0}}},"1":{"name":"(anonymous_1)","decl":{"start":{"line":14,"column":27},"end":{"line":14,"column":28}},"loc":{"start":{"line":14,"column":52},"end":{"line":14,"column":27}}},"2":{"name":"(anonymous_2)","decl":{"start":{"line":15,"column":15},"end":{"line":15,"column":13}},"loc":{"start":{"line":15,"column":25},"end":{"line":21,"column":3}}}},"branchMap":{},"s":{"0":0,"1":0,"2":0,"3":0,"4":0,"5":0,"6":0,"7":0,"8":0},"f":{"0":0,"1":0,"2":0},"b":{}}
,"/Users/j5/Code/IDEA/react-acid-trail/src/containers/EnterTitleContainer/EnterTitleContainer.js": {"path":"/Users/j5/Code/IDEA/react-acid-trail/src/containers/EnterTitleContainer/EnterTitleContainer.js","statementMap":{"0":{"start":{"line":1,"column":0},"end":{"line":null,"column":-1}},"1":{"start":{"line":2,"column":0},"end":{"line":null,"column":-1}},"2":{"start":{"line":4,"column":0},"end":{"line":null,"column":-1}},"3":{"start":{"line":10,"column":25},"end":{"line":10,"column":0}},"4":{"start":{"line":10,"column":24},"end":{"line":10,"column":0}},"5":{"start":{"line":14,"column":27},"end":{"line":14,"column":0}},"6":{"start":{"line":14,"column":52},"end":{"line":14,"column":27}},"7":{"start":{"line":16,"column":4},"end":{"line":null,"column":-1}},"8":{"start":{"line":24,"column":35},"end":{"line":24,"column":7}}},"fnMap":{"0":{"name":"(anonymous_0)","decl":{"start":{"line":10,"column":25},"end":{"line":10,"column":23}},"loc":{"start":{"line":10,"column":24},"end":{"line":10,"column":0}}},"1":{"name":"(anonymous_1)","decl":{"start":{"line":14,"column":27},"end":{"line":14,"column":28}},"loc":{"start":{"line":14,"column":52},"end":{"line":14,"column":27}}},"2":{"name":"(anonymous_2)","decl":{"start":{"line":15,"column":15},"end":{"line":15,"column":13}},"loc":{"start":{"line":15,"column":25},"end":{"line":21,"column":3}}}},"branchMap":{},"s":{"0":0,"1":0,"2":0,"3":0,"4":0,"5":0,"6":0,"7":0,"8":0},"f":{"0":0,"1":0,"2":0},"b":{}}
,"/Users/j5/Code/IDEA/react-acid-trail/src/containers/FileChooserContainer/FileChooserContainer.js": {"path":"/Users/j5/Code/IDEA/react-acid-trail/src/containers/FileChooserContainer/FileChooserContainer.js","statementMap":{"0":{"start":{"line":1,"column":0},"end":{"line":null,"column":-1}},"1":{"start":{"line":2,"column":0},"end":{"line":null,"column":-1}},"2":{"start":{"line":4,"column":0},"end":{"line":null,"column":-1}},"3":{"start":{"line":12,"column":25},"end":{"line":12,"column":0}},"4":{"start":{"line":12,"column":24},"end":{"line":12,"column":0}},"5":{"start":{"line":16,"column":27},"end":{"line":16,"column":0}},"6":{"start":{"line":17,"column":2},"end":{"line":null,"column":-1}},"7":{"start":{"line":17,"column":52},"end":{"line":17,"column":10}},"8":{"start":{"line":18,"column":2},"end":{"line":null,"column":-1}},"9":{"start":{"line":19,"column":14},"end":{"line":18,"column":9}},"10":{"start":{"line":21,"column":14},"end":{"line":18,"column":9}},"11":{"start":{"line":25,"column":27},"end":{"line":25,"column":0}},"12":{"start":{"line":26,"column":19},"end":{"line":26,"column":2}},"13":{"start":{"line":27,"column":16},"end":{"line":27,"column":2}},"14":{"start":{"line":28,"column":17},"end":{"line":28,"column":2}},"15":{"start":{"line":32,"column":2},"end":{"line":null,"column":-1}},"16":{"start":{"line":35,"column":27},"end":{"line":35,"column":0}},"17":{"start":{"line":35,"column":52},"end":{"line":35,"column":27}},"18":{"start":{"line":37,"column":4},"end":{"line":null,"column":-1}},"19":{"start":{"line":40,"column":4},"end":{"line":null,"column":-1}},"20":{"start":{"line":47,"column":4},"end":{"line":null,"column":-1}},"21":{"start":{"line":55,"column":36},"end":{"line":55,"column":7}}},"fnMap":{"0":{"name":"(anonymous_0)","decl":{"start":{"line":12,"column":25},"end":{"line":12,"column":23}},"loc":{"start":{"line":12,"column":24},"end":{"line":12,"column":0}}},"1":{"name":"(anonymous_1)","decl":{"start":{"line":16,"column":27},"end":{"line":16,"column":25}},"loc":{"start":{"line":16,"column":37},"end":{"line":16,"column":0}}},"2":{"name":"(anonymous_2)","decl":{"start":{"line":17,"column":43},"end":{"line":17,"column":41}},"loc":{"start":{"line":17,"column":52},"end":{"line":17,"column":10}}},"3":{"name":"(anonymous_3)","decl":{"start":{"line":19,"column":5},"end":{"line":19,"column":3}},"loc":{"start":{"line":19,"column":14},"end":{"line":18,"column":9}}},"4":{"name":"(anonymous_4)","decl":{"start":{"line":21,"column":5},"end":{"line":21,"column":3}},"loc":{"start":{"line":21,"column":14},"end":{"line":18,"column":9}}},"5":{"name":"(anonymous_5)","decl":{"start":{"line":25,"column":27},"end":{"line":25,"column":25}},"loc":{"start":{"line":25,"column":37},"end":{"line":25,"column":0}}},"6":{"name":"(anonymous_6)","decl":{"start":{"line":35,"column":27},"end":{"line":35,"column":28}},"loc":{"start":{"line":35,"column":52},"end":{"line":35,"column":27}}},"7":{"name":"(anonymous_7)","decl":{"start":{"line":36,"column":14},"end":{"line":36,"column":12}},"loc":{"start":{"line":36,"column":24},"end":{"line":35,"column":52}}},"8":{"name":"(anonymous_8)","decl":{"start":{"line":39,"column":14},"end":{"line":39,"column":12}},"loc":{"start":{"line":39,"column":24},"end":{"line":35,"column":52}}},"9":{"name":"(anonymous_9)","decl":{"start":{"line":46,"column":15},"end":{"line":46,"column":13}},"loc":{"start":{"line":46,"column":25},"end":{"line":52,"column":3}}}},"branchMap":{"0":{"loc":{"start":{"line":27,"column":16},"end":{"line":27,"column":24}},"type":"binary-expr","locations":[{"start":{"line":27,"column":16},"end":{"line":27,"column":24}},{"start":{"line":27,"column":28},"end":{"line":27,"column":2}}]},"1":{"loc":{"start":{"line":28,"column":17},"end":{"line":28,"column":22}},"type":"binary-expr","locations":[{"start":{"line":28,"column":17},"end":{"line":28,"column":22}},{"start":{"line":28,"column":26},"end":{"line":28,"column":16}},{"start":{"line":29,"column":5},"end":{"line":29,"column":13}},{"start":{"line":29,"column":17},"end":{"line":28,"column":16}},{"start":{"line":30,"column":7},"end":{"line":30,"column":6}},{"start":{"line":30,"column":23},"end":{"line":28,"column":2}}]}},"s":{"0":0,"1":0,"2":0,"3":0,"4":0,"5":0,"6":0,"7":0,"8":0,"9":0,"10":0,"11":0,"12":0,"13":0,"14":0,"15":0,"16":0,"17":0,"18":0,"19":0,"20":0,"21":0},"f":{"0":0,"1":0,"2":0,"3":0,"4":0,"5":0,"6":0,"7":0,"8":0,"9":0},"b":{"0":[0,0],"1":[0,0,0,0,0,0]}}
,"/Users/j5/Code/IDEA/react-acid-trail/src/containers/HashButtonContainer/HashButtonContainer.js": {"path":"/Users/j5/Code/IDEA/react-acid-trail/src/containers/HashButtonContainer/HashButtonContainer.js","statementMap":{"0":{"start":{"line":1,"column":0},"end":{"line":null,"column":-1}},"1":{"start":{"line":2,"column":0},"end":{"line":null,"column":-1}},"2":{"start":{"line":4,"column":0},"end":{"line":null,"column":-1}},"3":{"start":{"line":10,"column":25},"end":{"line":10,"column":0}},"4":{"start":{"line":10,"column":24},"end":{"line":10,"column":0}},"5":{"start":{"line":14,"column":27},"end":{"line":14,"column":0}},"6":{"start":{"line":14,"column":52},"end":{"line":14,"column":27}},"7":{"start":{"line":16,"column":4},"end":{"line":null,"column":-1}},"8":{"start":{"line":22,"column":35},"end":{"line":22,"column":7}}},"fnMap":{"0":{"name":"(anonymous_0)","decl":{"start":{"line":10,"column":25},"end":{"line":10,"column":23}},"loc":{"start":{"line":10,"column":24},"end":{"line":10,"column":0}}},"1":{"name":"(anonymous_1)","decl":{"start":{"line":14,"column":27},"end":{"line":14,"column":28}},"loc":{"start":{"line":14,"column":52},"end":{"line":14,"column":27}}},"2":{"name":"(anonymous_2)","decl":{"start":{"line":15,"column":9},"end":{"line":15,"column":7}},"loc":{"start":{"line":15,"column":19},"end":{"line":19,"column":3}}}},"branchMap":{},"s":{"0":0,"1":0,"2":0,"3":0,"4":0,"5":0,"6":0,"7":0,"8":0},"f":{"0":0,"1":0,"2":0},"b":{}}
,"/Users/j5/Code/IDEA/react-acid-trail/src/containers/IpsumSaltContainer/IpsumSaltContainer.js": {"path":"/Users/j5/Code/IDEA/react-acid-trail/src/containers/IpsumSaltContainer/IpsumSaltContainer.js","statementMap":{"0":{"start":{"line":1,"column":0},"end":{"line":null,"column":-1}},"1":{"start":{"line":2,"column":0},"end":{"line":null,"column":-1}},"2":{"start":{"line":4,"column":0},"end":{"line":null,"column":-1}},"3":{"start":{"line":10,"column":25},"end":{"line":10,"column":0}},"4":{"start":{"line":10,"column":24},"end":{"line":10,"column":0}},"5":{"start":{"line":14,"column":27},"end":{"line":14,"column":0}},"6":{"start":{"line":14,"column":52},"end":{"line":14,"column":27}},"7":{"start":{"line":16,"column":4},"end":{"line":null,"column":-1}},"8":{"start":{"line":24,"column":34},"end":{"line":24,"column":7}}},"fnMap":{"0":{"name":"(anonymous_0)","decl":{"start":{"line":10,"column":25},"end":{"line":10,"column":23}},"loc":{"start":{"line":10,"column":24},"end":{"line":10,"column":0}}},"1":{"name":"(anonymous_1)","decl":{"start":{"line":14,"column":27},"end":{"line":14,"column":28}},"loc":{"start":{"line":14,"column":52},"end":{"line":14,"column":27}}},"2":{"name":"(anonymous_2)","decl":{"start":{"line":15,"column":13},"end":{"line":15,"column":11}},"loc":{"start":{"line":15,"column":24},"end":{"line":21,"column":3}}}},"branchMap":{},"s":{"0":0,"1":0,"2":0,"3":0,"4":0,"5":0,"6":0,"7":0,"8":0},"f":{"0":0,"1":0,"2":0},"b":{}}
,"/Users/j5/Code/IDEA/react-acid-trail/src/modules/ConstructedWorker.js": {"path":"/Users/j5/Code/IDEA/react-acid-trail/src/modules/ConstructedWorker.js","statementMap":{"0":{"start":{"line":23,"column":0},"end":{"line":null,"column":-1}},"1":{"start":{"line":25,"column":5},"end":{"line":24,"column":2}},"2":{"start":{"line":27,"column":2},"end":{"line":null,"column":-1}},"3":{"start":{"line":37,"column":2},"end":{"line":null,"column":-1}},"4":{"start":{"line":57,"column":0},"end":{"line":null,"column":-1}},"5":{"start":{"line":58,"column":17},"end":{"line":58,"column":2}},"6":{"start":{"line":60,"column":20},"end":{"line":60,"column":4}},"7":{"start":{"line":66,"column":15},"end":{"line":66,"column":2}},"8":{"start":{"line":67,"column":17},"end":{"line":67,"column":2}},"9":{"start":{"line":69,"column":2},"end":{"line":null,"column":-1}}},"fnMap":{"0":{"name":"(anonymous_0)","decl":{"start":{"line":23,"column":28},"end":{"line":23,"column":29}},"loc":{"start":{"line":23,"column":44},"end":{"line":23,"column":0}}},"1":{"name":"(anonymous_1)","decl":{"start":{"line":57,"column":44},"end":{"line":57,"column":45}},"loc":{"start":{"line":57,"column":74},"end":{"line":57,"column":0}}},"2":{"name":"(anonymous_2)","decl":{"start":{"line":60,"column":13},"end":{"line":60,"column":15}},"loc":{"start":{"line":60,"column":20},"end":{"line":60,"column":4}}}},"branchMap":{"0":{"loc":{"start":{"line":25,"column":5},"end":{"line":25,"column":9}},"type":"binary-expr","locations":[{"start":{"line":25,"column":5},"end":{"line":25,"column":9}},{"start":{"line":25,"column":13},"end":{"line":24,"column":2}}]},"1":{"loc":{"start":{"line":27,"column":9},"end":{"line":27,"column":13}},"type":"binary-expr","locations":[{"start":{"line":27,"column":9},"end":{"line":27,"column":13}},{"start":{"line":28,"column":5},"end":{"line":28,"column":4}},{"start":{"line":28,"column":27},"end":{"line":28,"column":5}},{"start":{"line":28,"column":55},"end":{"line":28,"column":4}},{"start":{"line":30,"column":7},"end":{"line":28,"column":4}},{"start":{"line":34,"column":6},"end":{"line":28,"column":4}},{"start":{"line":35,"column":6},"end":{"line":27,"column":2}}]},"2":{"loc":{"start":{"line":31,"column":8},"end":{"line":31,"column":7}},"type":"binary-expr","locations":[{"start":{"line":31,"column":8},"end":{"line":31,"column":7}},{"start":{"line":32,"column":8},"end":{"line":31,"column":8}},{"start":{"line":33,"column":8},"end":{"line":30,"column":14}}]}},"s":{"0":0,"1":0,"2":0,"3":0,"4":0,"5":0,"6":0,"7":0,"8":0,"9":0},"f":{"0":0,"1":0,"2":0},"b":{"0":[0,0],"1":[0,0,0,0,0,0,0],"2":[0,0,0]}}
,"/Users/j5/Code/IDEA/react-acid-trail/src/modules/HasherWorker.js": {"path":"/Users/j5/Code/IDEA/react-acid-trail/src/modules/HasherWorker.js","statementMap":{"0":{"start":{"line":1,"column":0},"end":{"line":null,"column":-1}},"1":{"start":{"line":20,"column":17},"end":{"line":20,"column":4}},"2":{"start":{"line":22,"column":4},"end":{"line":null,"column":-1}},"3":{"start":{"line":35,"column":4},"end":{"line":null,"column":-1}},"4":{"start":{"line":42,"column":44},"end":{"line":41,"column":10}},"5":{"start":{"line":43,"column":23},"end":{"line":43,"column":4}},"6":{"start":{"line":44,"column":21},"end":{"line":44,"column":4}},"7":{"start":{"line":45,"column":17},"end":{"line":45,"column":4}},"8":{"start":{"line":47,"column":4},"end":{"line":null,"column":-1}},"9":{"start":{"line":51,"column":4},"end":{"line":null,"column":-1}},"10":{"start":{"line":63,"column":30},"end":{"line":62,"column":10}},"11":{"start":{"line":65,"column":4},"end":{"line":68,"column":5}},"12":{"start":{"line":66,"column":6},"end":{"line":null,"column":-1}},"13":{"start":{"line":67,"column":6},"end":{"line":null,"column":-1}},"14":{"start":{"line":69,"column":4},"end":{"line":null,"column":-1}},"15":{"start":{"line":70,"column":4},"end":{"line":null,"column":-1}},"16":{"start":{"line":83,"column":4},"end":{"line":null,"column":-1}},"17":{"start":{"line":84,"column":6},"end":{"line":null,"column":-1}},"18":{"start":{"line":85,"column":6},"end":{"line":null,"column":-1}},"19":{"start":{"line":86,"column":6},"end":{"line":null,"column":-1}},"20":{"start":{"line":111,"column":4},"end":{"line":null,"column":-1}},"21":{"start":{"line":113,"column":6},"end":{"line":null,"column":-1}},"22":{"start":{"line":114,"column":6},"end":{"line":null,"column":-1}},"23":{"start":{"line":115,"column":6},"end":{"line":null,"column":-1}},"24":{"start":{"line":117,"column":6},"end":{"line":null,"column":-1}},"25":{"start":{"line":118,"column":6},"end":{"line":null,"column":-1}},"26":{"start":{"line":119,"column":6},"end":{"line":null,"column":-1}},"27":{"start":{"line":122,"column":6},"end":{"line":null,"column":-1}},"28":{"start":{"line":123,"column":6},"end":{"line":null,"column":-1}},"29":{"start":{"line":128,"column":6},"end":{"line":null,"column":-1}},"30":{"start":{"line":130,"column":6},"end":{"line":null,"column":-1}},"31":{"start":{"line":131,"column":6},"end":{"line":null,"column":-1}},"32":{"start":{"line":132,"column":6},"end":{"line":null,"column":-1}},"33":{"start":{"line":164,"column":4},"end":{"line":null,"column":-1}},"34":{"start":{"line":165,"column":4},"end":{"line":null,"column":-1}},"35":{"start":{"line":174,"column":4},"end":{"line":null,"column":-1}},"36":{"start":{"line":176,"column":4},"end":{"line":179,"column":5}},"37":{"start":{"line":177,"column":6},"end":{"line":null,"column":-1}},"38":{"start":{"line":178,"column":6},"end":{"line":null,"column":-1}},"39":{"start":{"line":180,"column":4},"end":{"line":null,"column":-1}},"40":{"start":{"line":181,"column":4},"end":{"line":null,"column":-1}},"41":{"start":{"line":182,"column":4},"end":{"line":null,"column":-1}},"42":{"start":{"line":183,"column":4},"end":{"line":null,"column":-1}},"43":{"start":{"line":184,"column":4},"end":{"line":null,"column":-1}}},"fnMap":{"0":{"name":"(anonymous_0)","decl":{"start":{"line":19,"column":2},"end":{"line":19,"column":13}},"loc":{"start":{"line":19,"column":23},"end":{"line":26,"column":3}}},"1":{"name":"(anonymous_1)","decl":{"start":{"line":34,"column":2},"end":{"line":34,"column":5}},"loc":{"start":{"line":34,"column":14},"end":{"line":36,"column":3}}},"2":{"name":"(anonymous_2)","decl":{"start":{"line":41,"column":2},"end":{"line":41,"column":5}},"loc":{"start":{"line":41,"column":10},"end":{"line":48,"column":3}}},"3":{"name":"(anonymous_3)","decl":{"start":{"line":50,"column":2},"end":{"line":50,"column":11}},"loc":{"start":{"line":50,"column":16},"end":{"line":55,"column":3}}},"4":{"name":"(anonymous_4)","decl":{"start":{"line":62,"column":2},"end":{"line":62,"column":5}},"loc":{"start":{"line":62,"column":10},"end":{"line":71,"column":3}}},"5":{"name":"(anonymous_5)","decl":{"start":{"line":82,"column":2},"end":{"line":82,"column":5}},"loc":{"start":{"line":82,"column":10},"end":{"line":88,"column":3}}},"6":{"name":"(anonymous_6)","decl":{"start":{"line":83,"column":23},"end":{"line":83,"column":24}},"loc":{"start":{"line":83,"column":44},"end":{"line":83,"column":11}}},"7":{"name":"(anonymous_7)","decl":{"start":{"line":110,"column":2},"end":{"line":110,"column":16}},"loc":{"start":{"line":110,"column":26},"end":{"line":134,"column":3}}},"8":{"name":"(anonymous_8)","decl":{"start":{"line":163,"column":2},"end":{"line":163,"column":12}},"loc":{"start":{"line":163,"column":41},"end":{"line":185,"column":3}}}},"branchMap":{"0":{"loc":{"start":{"line":65,"column":4},"end":{"line":68,"column":5}},"type":"if","locations":[{"start":{"line":65,"column":4},"end":{"line":68,"column":5}},{"start":{"line":65,"column":4},"end":{"line":68,"column":5}}]},"1":{"loc":{"start":{"line":112,"column":4},"end":{"line":115,"column":6}},"type":"switch","locations":[{"start":{"line":112,"column":4},"end":{"line":115,"column":6}},{"start":{"line":116,"column":4},"end":{"line":119,"column":6}},{"start":{"line":120,"column":4},"end":{"line":null,"column":-1}},{"start":{"line":121,"column":4},"end":{"line":128,"column":6}},{"start":{"line":129,"column":4},"end":{"line":132,"column":6}}]},"2":{"loc":{"start":{"line":114,"column":18},"end":{"line":114,"column":6}},"type":"cond-expr","locations":[{"start":{"line":114,"column":18},"end":{"line":114,"column":6}},{"start":{"line":114,"column":32},"end":{"line":114,"column":6}}]},"3":{"loc":{"start":{"line":176,"column":4},"end":{"line":179,"column":5}},"type":"if","locations":[{"start":{"line":176,"column":4},"end":{"line":179,"column":5}},{"start":{"line":176,"column":4},"end":{"line":179,"column":5}}]}},"s":{"0":0,"1":0,"2":0,"3":0,"4":0,"5":0,"6":0,"7":0,"8":0,"9":0,"10":0,"11":0,"12":0,"13":0,"14":0,"15":0,"16":0,"17":0,"18":0,"19":0,"20":0,"21":0,"22":0,"23":0,"24":0,"25":0,"26":0,"27":0,"28":0,"29":0,"30":0,"31":0,"32":0,"33":0,"34":0,"35":0,"36":0,"37":0,"38":0,"39":0,"40":0,"41":0,"42":0,"43":0},"f":{"0":0,"1":0,"2":0,"3":0,"4":0,"5":0,"6":0,"7":0,"8":0},"b":{"0":[0,0],"1":[0,0,0,0,0],"2":[0,0],"3":[0,0]}}
,"/Users/j5/Code/IDEA/react-acid-trail/src/modules/WorkerHasher.js": {"path":"/Users/j5/Code/IDEA/react-acid-trail/src/modules/WorkerHasher.js","statementMap":{"0":{"start":{"line":6,"column":0},"end":{"line":null,"column":-1}},"1":{"start":{"line":36,"column":4},"end":{"line":null,"column":-1}},"2":{"start":{"line":37,"column":4},"end":{"line":null,"column":-1}},"3":{"start":{"line":38,"column":4},"end":{"line":null,"column":-1}},"4":{"start":{"line":39,"column":4},"end":{"line":null,"column":-1}},"5":{"start":{"line":40,"column":4},"end":{"line":null,"column":-1}},"6":{"start":{"line":44,"column":18},"end":{"line":42,"column":8}},"7":{"start":{"line":47,"column":26},"end":{"line":41,"column":6}},"8":{"start":{"line":57,"column":4},"end":{"line":null,"column":-1}},"9":{"start":{"line":73,"column":0},"end":{"line":null,"column":-1}},"10":{"start":{"line":74,"column":2},"end":{"line":null,"column":-1}},"11":{"start":{"line":75,"column":4},"end":{"line":null,"column":-1}},"12":{"start":{"line":77,"column":6},"end":{"line":null,"column":-1}},"13":{"start":{"line":78,"column":6},"end":{"line":null,"column":-1}},"14":{"start":{"line":79,"column":6},"end":{"line":null,"column":-1}},"15":{"start":{"line":81,"column":6},"end":{"line":null,"column":-1}},"16":{"start":{"line":82,"column":6},"end":{"line":null,"column":-1}},"17":{"start":{"line":84,"column":6},"end":{"line":null,"column":-1}},"18":{"start":{"line":85,"column":6},"end":{"line":null,"column":-1}},"19":{"start":{"line":86,"column":6},"end":{"line":null,"column":-1}},"20":{"start":{"line":111,"column":33},"end":{"line":110,"column":74}},"21":{"start":{"line":110,"column":74},"end":{"line":110,"column":73}},"22":{"start":{"line":113,"column":2},"end":{"line":null,"column":-1}},"23":{"start":{"line":115,"column":4},"end":{"line":null,"column":-1}},"24":{"start":{"line":116,"column":4},"end":{"line":null,"column":-1}},"25":{"start":{"line":117,"column":4},"end":{"line":null,"column":-1}},"26":{"start":{"line":118,"column":4},"end":{"line":null,"column":-1}},"27":{"start":{"line":120,"column":4},"end":{"line":null,"column":-1}},"28":{"start":{"line":121,"column":4},"end":{"line":null,"column":-1}},"29":{"start":{"line":122,"column":4},"end":{"line":null,"column":-1}},"30":{"start":{"line":123,"column":4},"end":{"line":null,"column":-1}},"31":{"start":{"line":125,"column":4},"end":{"line":null,"column":-1}},"32":{"start":{"line":126,"column":4},"end":{"line":null,"column":-1}},"33":{"start":{"line":127,"column":4},"end":{"line":null,"column":-1}},"34":{"start":{"line":132,"column":4},"end":{"line":null,"column":-1}},"35":{"start":{"line":134,"column":4},"end":{"line":null,"column":-1}},"36":{"start":{"line":135,"column":4},"end":{"line":null,"column":-1}},"37":{"start":{"line":140,"column":4},"end":{"line":null,"column":-1}},"38":{"start":{"line":142,"column":4},"end":{"line":null,"column":-1}},"39":{"start":{"line":143,"column":4},"end":{"line":null,"column":-1}},"40":{"start":{"line":144,"column":4},"end":{"line":null,"column":-1}},"41":{"start":{"line":162,"column":0},"end":{"line":null,"column":-1}},"42":{"start":{"line":169,"column":15},"end":{"line":162,"column":33}},"43":{"start":{"line":179,"column":0},"end":{"line":null,"column":-1}},"44":{"start":{"line":180,"column":2},"end":{"line":null,"column":-1}},"45":{"start":{"line":182,"column":6},"end":{"line":null,"column":-1}},"46":{"start":{"line":185,"column":6},"end":{"line":null,"column":-1}},"47":{"start":{"line":188,"column":6},"end":{"line":null,"column":-1}},"48":{"start":{"line":200,"column":0},"end":{"line":null,"column":-1}},"49":{"start":{"line":204,"column":22},"end":{"line":204,"column":4}},"50":{"start":{"line":205,"column":18},"end":{"line":205,"column":4}},"51":{"start":{"line":207,"column":4},"end":{"line":214,"column":5}},"52":{"start":{"line":208,"column":6},"end":{"line":null,"column":-1}},"53":{"start":{"line":215,"column":4},"end":{"line":null,"column":-1}}},"fnMap":{"0":{"name":"(anonymous_0)","decl":{"start":{"line":30,"column":2},"end":{"line":30,"column":12}},"loc":{"start":{"line":35,"column":5},"end":{"line":49,"column":3}}},"1":{"name":"(anonymous_1)","decl":{"start":{"line":44,"column":10},"end":{"line":44,"column":13}},"loc":{"start":{"line":44,"column":18},"end":{"line":42,"column":8}}},"2":{"name":"(anonymous_2)","decl":{"start":{"line":47,"column":9},"end":{"line":47,"column":7}},"loc":{"start":{"line":47,"column":26},"end":{"line":41,"column":6}}},"3":{"name":"(anonymous_3)","decl":{"start":{"line":56,"column":2},"end":{"line":56,"column":13}},"loc":{"start":{"line":56,"column":30},"end":{"line":61,"column":3}}},"4":{"name":"(anonymous_4)","decl":{"start":{"line":73,"column":47},"end":{"line":73,"column":56}},"loc":{"start":{"line":73,"column":61},"end":{"line":73,"column":0}}},"5":{"name":"(anonymous_5)","decl":{"start":{"line":74,"column":9},"end":{"line":74,"column":13}},"loc":{"start":{"line":74,"column":18},"end":{"line":74,"column":2}}},"6":{"name":"workerOnMessage","decl":{"start":{"line":110,"column":50},"end":{"line":110,"column":41}},"loc":{"start":{"line":110,"column":74},"end":{"line":110,"column":0}}},"7":{"name":"(anonymous_7)","decl":{"start":{"line":169,"column":4},"end":{"line":169,"column":9}},"loc":{"start":{"line":169,"column":15},"end":{"line":162,"column":33}}},"8":{"name":"hash","decl":{"start":{"line":179,"column":39},"end":{"line":179,"column":30}},"loc":{"start":{"line":179,"column":47},"end":{"line":179,"column":0}}},"9":{"name":"(anonymous_9)","decl":{"start":{"line":181,"column":16},"end":{"line":181,"column":24}},"loc":{"start":{"line":181,"column":29},"end":{"line":180,"column":9}}},"10":{"name":"(anonymous_10)","decl":{"start":{"line":184,"column":18},"end":{"line":184,"column":21}},"loc":{"start":{"line":184,"column":26},"end":{"line":180,"column":9}}},"11":{"name":"(anonymous_11)","decl":{"start":{"line":187,"column":16},"end":{"line":187,"column":17}},"loc":{"start":{"line":187,"column":32},"end":{"line":189,"column":5}}},"12":{"name":"arrayBufferToWordArray","decl":{"start":{"line":201,"column":11},"end":{"line":201,"column":2}},"loc":{"start":{"line":203,"column":4},"end":{"line":200,"column":0}}}},"branchMap":{"0":{"loc":{"start":{"line":31,"column":14},"end":{"line":30,"column":15}},"type":"default-arg","locations":[{"start":{"line":31,"column":14},"end":{"line":30,"column":15}}]},"1":{"loc":{"start":{"line":32,"column":12},"end":{"line":30,"column":15}},"type":"default-arg","locations":[{"start":{"line":32,"column":12},"end":{"line":30,"column":15}}]},"2":{"loc":{"start":{"line":33,"column":16},"end":{"line":30,"column":15}},"type":"default-arg","locations":[{"start":{"line":33,"column":16},"end":{"line":30,"column":15}}]},"3":{"loc":{"start":{"line":34,"column":16},"end":{"line":null,"column":-1}},"type":"default-arg","locations":[{"start":{"line":34,"column":16},"end":{"line":null,"column":-1}}]},"4":{"loc":{"start":{"line":36,"column":19},"end":{"line":36,"column":26}},"type":"binary-expr","locations":[{"start":{"line":36,"column":19},"end":{"line":36,"column":26}},{"start":{"line":36,"column":30},"end":{"line":36,"column":4}}]},"5":{"loc":{"start":{"line":37,"column":17},"end":{"line":37,"column":22}},"type":"binary-expr","locations":[{"start":{"line":37,"column":17},"end":{"line":37,"column":22}},{"start":{"line":37,"column":26},"end":{"line":37,"column":4}}]},"6":{"loc":{"start":{"line":76,"column":4},"end":{"line":79,"column":6}},"type":"switch","locations":[{"start":{"line":76,"column":4},"end":{"line":79,"column":6}},{"start":{"line":80,"column":4},"end":{"line":82,"column":6}},{"start":{"line":83,"column":4},"end":{"line":86,"column":6}}]},"7":{"loc":{"start":{"line":114,"column":2},"end":{"line":118,"column":4}},"type":"switch","locations":[{"start":{"line":114,"column":2},"end":{"line":118,"column":4}},{"start":{"line":119,"column":2},"end":{"line":123,"column":4}},{"start":{"line":124,"column":2},"end":{"line":132,"column":4}},{"start":{"line":133,"column":2},"end":{"line":140,"column":4}},{"start":{"line":141,"column":2},"end":{"line":144,"column":4}}]}},"s":{"0":0,"1":0,"2":0,"3":0,"4":0,"5":0,"6":0,"7":0,"8":0,"9":0,"10":0,"11":0,"12":0,"13":0,"14":0,"15":0,"16":0,"17":0,"18":0,"19":0,"20":0,"21":0,"22":0,"23":0,"24":0,"25":0,"26":0,"27":0,"28":0,"29":0,"30":0,"31":0,"32":0,"33":0,"34":0,"35":0,"36":0,"37":0,"38":0,"39":0,"40":0,"41":0,"42":0,"43":0,"44":0,"45":0,"46":0,"47":0,"48":0,"49":0,"50":0,"51":0,"52":0,"53":0},"f":{"0":0,"1":0,"2":0,"3":0,"4":0,"5":0,"6":0,"7":0,"8":0,"9":0,"10":0,"11":0,"12":0},"b":{"0":[0],"1":[0],"2":[0],"3":[0],"4":[0,0],"5":[0,0],"6":[0,0,0],"7":[0,0,0,0,0]}}
,"/Users/j5/Code/IDEA/react-acid-trail/src/modules/actions.js": {"path":"/Users/j5/Code/IDEA/react-acid-trail/src/modules/actions.js","statementMap":{"0":{"start":{"line":16,"column":29},"end":{"line":16,"column":7}},"1":{"start":{"line":17,"column":2},"end":{"line":null,"column":-1}},"2":{"start":{"line":28,"column":34},"end":{"line":28,"column":7}},"3":{"start":{"line":29,"column":2},"end":{"line":null,"column":-1}},"4":{"start":{"line":40,"column":34},"end":{"line":40,"column":7}},"5":{"start":{"line":41,"column":2},"end":{"line":null,"column":-1}},"6":{"start":{"line":52,"column":36},"end":{"line":52,"column":7}},"7":{"start":{"line":53,"column":2},"end":{"line":null,"column":-1}},"8":{"start":{"line":67,"column":34},"end":{"line":67,"column":7}},"9":{"start":{"line":69,"column":2},"end":{"line":null,"column":-1}},"10":{"start":{"line":71,"column":44},"end":{"line":69,"column":33}},"11":{"start":{"line":69,"column":33},"end":{"line":69,"column":32}},"12":{"start":{"line":79,"column":4},"end":{"line":null,"column":-1}},"13":{"start":{"line":80,"column":4},"end":{"line":null,"column":-1}},"14":{"start":{"line":81,"column":4},"end":{"line":null,"column":-1}},"15":{"start":{"line":83,"column":4},"end":{"line":null,"column":-1}},"16":{"start":{"line":96,"column":30},"end":{"line":96,"column":7}},"17":{"start":{"line":98,"column":16},"end":{"line":98,"column":2}},"18":{"start":{"line":99,"column":24},"end":{"line":99,"column":2}},"19":{"start":{"line":101,"column":2},"end":{"line":null,"column":-1}},"20":{"start":{"line":102,"column":16},"end":{"line":101,"column":2}},"21":{"start":{"line":107,"column":2},"end":{"line":null,"column":-1}},"22":{"start":{"line":136,"column":22},"end":{"line":136,"column":7}},"23":{"start":{"line":140,"column":15},"end":{"line":140,"column":2}},"24":{"start":{"line":141,"column":22},"end":{"line":141,"column":2}},"25":{"start":{"line":143,"column":24},"end":{"line":143,"column":2}},"26":{"start":{"line":144,"column":4},"end":{"line":null,"column":-1}},"27":{"start":{"line":151,"column":18},"end":{"line":151,"column":2}},"28":{"start":{"line":156,"column":16},"end":{"line":156,"column":2}},"29":{"start":{"line":161,"column":22},"end":{"line":161,"column":2}},"30":{"start":{"line":163,"column":42},"end":{"line":163,"column":62}},"31":{"start":{"line":163,"column":54},"end":{"line":163,"column":62}},"32":{"start":{"line":168,"column":2},"end":{"line":null,"column":-1}}},"fnMap":{"0":{"name":"(anonymous_0)","decl":{"start":{"line":16,"column":29},"end":{"line":16,"column":27}},"loc":{"start":{"line":16,"column":40},"end":{"line":16,"column":7}}},"1":{"name":"(anonymous_1)","decl":{"start":{"line":28,"column":34},"end":{"line":28,"column":32}},"loc":{"start":{"line":28,"column":45},"end":{"line":28,"column":7}}},"2":{"name":"(anonymous_2)","decl":{"start":{"line":40,"column":34},"end":{"line":40,"column":32}},"loc":{"start":{"line":40,"column":45},"end":{"line":40,"column":7}}},"3":{"name":"(anonymous_3)","decl":{"start":{"line":52,"column":36},"end":{"line":52,"column":34}},"loc":{"start":{"line":52,"column":47},"end":{"line":52,"column":7}}},"4":{"name":"(anonymous_4)","decl":{"start":{"line":67,"column":34},"end":{"line":67,"column":32}},"loc":{"start":{"line":67,"column":46},"end":{"line":67,"column":7}}},"5":{"name":"(anonymous_5)","decl":{"start":{"line":69,"column":9},"end":{"line":69,"column":10}},"loc":{"start":{"line":69,"column":33},"end":{"line":69,"column":2}}},"6":{"name":"(anonymous_6)","decl":{"start":{"line":96,"column":30},"end":{"line":96,"column":28}},"loc":{"start":{"line":96,"column":42},"end":{"line":96,"column":7}}},"7":{"name":"(anonymous_7)","decl":{"start":{"line":102,"column":5},"end":{"line":102,"column":3}},"loc":{"start":{"line":102,"column":16},"end":{"line":101,"column":2}}},"8":{"name":"(anonymous_8)","decl":{"start":{"line":136,"column":22},"end":{"line":136,"column":23}},"loc":{"start":{"line":138,"column":6},"end":{"line":136,"column":7}}},"9":{"name":"(anonymous_9)","decl":{"start":{"line":143,"column":24},"end":{"line":143,"column":22}},"loc":{"start":{"line":143,"column":36},"end":{"line":143,"column":2}}},"10":{"name":"(anonymous_10)","decl":{"start":{"line":163,"column":14},"end":{"line":163,"column":15}},"loc":{"start":{"line":163,"column":42},"end":{"line":163,"column":62}}},"11":{"name":"(anonymous_11)","decl":{"start":{"line":163,"column":42},"end":{"line":163,"column":40}},"loc":{"start":{"line":163,"column":54},"end":{"line":163,"column":62}}}},"branchMap":{"0":{"loc":{"start":{"line":103,"column":35},"end":{"line":103,"column":6}},"type":"cond-expr","locations":[{"start":{"line":103,"column":35},"end":{"line":103,"column":6}},{"start":{"line":103,"column":44},"end":{"line":102,"column":29}}]},"1":{"loc":{"start":{"line":137,"column":12},"end":{"line":136,"column":23}},"type":"default-arg","locations":[{"start":{"line":137,"column":12},"end":{"line":136,"column":23}}]},"2":{"loc":{"start":{"line":137,"column":24},"end":{"line":136,"column":23}},"type":"default-arg","locations":[{"start":{"line":137,"column":24},"end":{"line":136,"column":23}}]},"3":{"loc":{"start":{"line":137,"column":42},"end":{"line":136,"column":23}},"type":"default-arg","locations":[{"start":{"line":137,"column":42},"end":{"line":136,"column":23}}]},"4":{"loc":{"start":{"line":137,"column":63},"end":{"line":null,"column":-1}},"type":"default-arg","locations":[{"start":{"line":137,"column":63},"end":{"line":null,"column":-1}}]},"5":{"loc":{"start":{"line":146,"column":27},"end":{"line":146,"column":24}},"type":"cond-expr","locations":[{"start":{"line":146,"column":27},"end":{"line":146,"column":24}},{"start":{"line":146,"column":45},"end":{"line":144,"column":11}}]},"6":{"loc":{"start":{"line":164,"column":33},"end":{"line":164,"column":30}},"type":"cond-expr","locations":[{"start":{"line":164,"column":33},"end":{"line":164,"column":30}},{"start":{"line":164,"column":56},"end":{"line":164,"column":18}}]}},"s":{"0":0,"1":0,"2":0,"3":0,"4":0,"5":0,"6":0,"7":0,"8":0,"9":0,"10":0,"11":0,"12":0,"13":0,"14":0,"15":0,"16":0,"17":0,"18":0,"19":0,"20":0,"21":0,"22":0,"23":0,"24":0,"25":0,"26":0,"27":0,"28":0,"29":0,"30":0,"31":0,"32":0},"f":{"0":0,"1":0,"2":0,"3":0,"4":0,"5":0,"6":0,"7":0,"8":0,"9":0,"10":0,"11":0},"b":{"0":[0,0],"1":[0],"2":[0],"3":[0],"4":[0],"5":[0,0],"6":[0,0]}}
,"/Users/j5/Code/IDEA/react-acid-trail/src/modules/index.js": {"path":"/Users/j5/Code/IDEA/react-acid-trail/src/modules/index.js","statementMap":{"0":{"start":{"line":1,"column":0},"end":{"line":null,"column":-1}},"1":{"start":{"line":3,"column":25},"end":{"line":3,"column":0}},"2":{"start":{"line":4,"column":21},"end":{"line":4,"column":2}},"3":{"start":{"line":9,"column":23},"end":{"line":9,"column":0}},"4":{"start":{"line":10,"column":2},"end":{"line":null,"column":-1}},"5":{"start":{"line":13,"column":23},"end":{"line":13,"column":0}},"6":{"start":{"line":14,"column":2},"end":{"line":null,"column":-1}},"7":{"start":{"line":16,"column":16},"end":{"line":16,"column":2}},"8":{"start":{"line":18,"column":5},"end":{"line":17,"column":2}},"9":{"start":{"line":21,"column":16},"end":{"line":19,"column":6}},"10":{"start":{"line":25,"column":2},"end":{"line":27,"column":3}},"11":{"start":{"line":26,"column":4},"end":{"line":null,"column":-1}},"12":{"start":{"line":29,"column":21},"end":{"line":29,"column":2}},"13":{"start":{"line":34,"column":0},"end":{"line":null,"column":-1}},"14":{"start":{"line":38,"column":17},"end":{"line":38,"column":0}},"15":{"start":{"line":40,"column":0},"end":{"line":null,"column":-1}},"16":{"start":{"line":41,"column":0},"end":{"line":null,"column":-1}}},"fnMap":{"0":{"name":"(anonymous_0)","decl":{"start":{"line":3,"column":25},"end":{"line":3,"column":29}},"loc":{"start":{"line":3,"column":34},"end":{"line":3,"column":0}}},"1":{"name":"(anonymous_1)","decl":{"start":{"line":9,"column":23},"end":{"line":9,"column":27}},"loc":{"start":{"line":9,"column":32},"end":{"line":9,"column":0}}},"2":{"name":"(anonymous_2)","decl":{"start":{"line":13,"column":23},"end":{"line":13,"column":27}},"loc":{"start":{"line":13,"column":32},"end":{"line":13,"column":0}}},"3":{"name":"(anonymous_3)","decl":{"start":{"line":21,"column":8},"end":{"line":21,"column":11}},"loc":{"start":{"line":21,"column":16},"end":{"line":19,"column":6}}}},"branchMap":{"0":{"loc":{"start":{"line":18,"column":5},"end":{"line":18,"column":10}},"type":"binary-expr","locations":[{"start":{"line":18,"column":5},"end":{"line":18,"column":10}},{"start":{"line":19,"column":6},"end":{"line":18,"column":4}},{"start":{"line":23,"column":4},"end":{"line":17,"column":2}}]},"1":{"loc":{"start":{"line":21,"column":16},"end":{"line":21,"column":15}},"type":"binary-expr","locations":[{"start":{"line":21,"column":16},"end":{"line":21,"column":15}},{"start":{"line":21,"column":40},"end":{"line":19,"column":6}}]},"2":{"loc":{"start":{"line":25,"column":2},"end":{"line":27,"column":3}},"type":"if","locations":[{"start":{"line":25,"column":2},"end":{"line":27,"column":3}},{"start":{"line":25,"column":2},"end":{"line":27,"column":3}}]}},"s":{"0":0,"1":0,"2":0,"3":0,"4":0,"5":0,"6":0,"7":0,"8":0,"9":0,"10":0,"11":0,"12":0,"13":0,"14":0,"15":0,"16":0},"f":{"0":0,"1":0,"2":0,"3":0},"b":{"0":[0,0,0],"1":[0,0],"2":[0,0]}}
,"/Users/j5/Code/IDEA/react-acid-trail/src/modules/utils.js": {"path":"/Users/j5/Code/IDEA/react-acid-trail/src/modules/utils.js","statementMap":{"0":{"start":{"line":1,"column":29},"end":{"line":1,"column":7}},"1":{"start":{"line":2,"column":16},"end":{"line":2,"column":2}},"2":{"start":{"line":4,"column":2},"end":{"line":null,"column":-1}}},"fnMap":{"0":{"name":"(anonymous_0)","decl":{"start":{"line":1,"column":29},"end":{"line":1,"column":30}},"loc":{"start":{"line":1,"column":43},"end":{"line":1,"column":7}}}},"branchMap":{},"s":{"0":0,"1":0,"2":0},"f":{"0":0},"b":{}}
,"/Users/j5/Code/IDEA/react-acid-trail/src/modules/acid-trail/AcidTrail.js": {"path":"/Users/j5/Code/IDEA/react-acid-trail/src/modules/acid-trail/AcidTrail.js","statementMap":{"0":{"start":{"line":28,"column":4},"end":{"line":32,"column":7}},"1":{"start":{"line":49,"column":4},"end":{"line":49,"column":49}},"2":{"start":{"line":65,"column":19},"end":{"line":65,"column":56}},"3":{"start":{"line":67,"column":4},"end":{"line":73,"column":5}},"4":{"start":{"line":68,"column":6},"end":{"line":68,"column":36}},"5":{"start":{"line":69,"column":6},"end":{"line":72,"column":8}},"6":{"start":{"line":75,"column":4},"end":{"line":75,"column":18}},"7":{"start":{"line":88,"column":4},"end":{"line":88,"column":26}},"8":{"start":{"line":89,"column":4},"end":{"line":89,"column":40}},"9":{"start":{"line":111,"column":4},"end":{"line":111,"column":29}},"10":{"start":{"line":117,"column":4},"end":{"line":120,"column":6}},"11":{"start":{"line":119,"column":17},"end":{"line":119,"column":26}},"12":{"start":{"line":126,"column":4},"end":{"line":129,"column":6}},"13":{"start":{"line":128,"column":17},"end":{"line":128,"column":34}},"14":{"start":{"line":135,"column":4},"end":{"line":138,"column":6}},"15":{"start":{"line":137,"column":17},"end":{"line":137,"column":33}},"16":{"start":{"line":148,"column":4},"end":{"line":160,"column":6}},"17":{"start":{"line":149,"column":6},"end":{"line":155,"column":7}},"18":{"start":{"line":150,"column":8},"end":{"line":154,"column":10}},"19":{"start":{"line":152,"column":12},"end":{"line":152,"column":37}},"20":{"start":{"line":156,"column":6},"end":{"line":159,"column":52}}},"fnMap":{"0":{"name":"(anonymous_0)","decl":{"start":{"line":27,"column":2},"end":{"line":27,"column":3}},"loc":{"start":{"line":27,"column":20},"end":{"line":33,"column":3}},"line":27},"1":{"name":"(anonymous_1)","decl":{"start":{"line":44,"column":2},"end":{"line":44,"column":3}},"loc":{"start":{"line":47,"column":5},"end":{"line":51,"column":3}},"line":47},"2":{"name":"(anonymous_2)","decl":{"start":{"line":63,"column":2},"end":{"line":63,"column":3}},"loc":{"start":{"line":63,"column":23},"end":{"line":76,"column":3}},"line":63},"3":{"name":"(anonymous_3)","decl":{"start":{"line":87,"column":2},"end":{"line":87,"column":3}},"loc":{"start":{"line":87,"column":22},"end":{"line":90,"column":3}},"line":87},"4":{"name":"(anonymous_4)","decl":{"start":{"line":106,"column":2},"end":{"line":106,"column":3}},"loc":{"start":{"line":106,"column":23},"end":{"line":139,"column":3}},"line":106},"5":{"name":"(anonymous_5)","decl":{"start":{"line":119,"column":6},"end":{"line":119,"column":7}},"loc":{"start":{"line":119,"column":17},"end":{"line":119,"column":26}},"line":119},"6":{"name":"(anonymous_6)","decl":{"start":{"line":128,"column":6},"end":{"line":128,"column":7}},"loc":{"start":{"line":128,"column":17},"end":{"line":128,"column":34}},"line":128},"7":{"name":"(anonymous_7)","decl":{"start":{"line":137,"column":6},"end":{"line":137,"column":7}},"loc":{"start":{"line":137,"column":17},"end":{"line":137,"column":33}},"line":137},"8":{"name":"(anonymous_8)","decl":{"start":{"line":147,"column":2},"end":{"line":147,"column":3}},"loc":{"start":{"line":147,"column":24},"end":{"line":161,"column":3}},"line":147},"9":{"name":"(anonymous_9)","decl":{"start":{"line":148,"column":11},"end":{"line":148,"column":12}},"loc":{"start":{"line":148,"column":42},"end":{"line":160,"column":5}},"line":148},"10":{"name":"(anonymous_10)","decl":{"start":{"line":151,"column":10},"end":{"line":151,"column":11}},"loc":{"start":{"line":151,"column":25},"end":{"line":153,"column":11}},"line":151}},"branchMap":{"0":{"loc":{"start":{"line":29,"column":6},"end":{"line":31,"column":10}},"type":"cond-expr","locations":[{"start":{"line":30,"column":8},"end":{"line":30,"column":54}},{"start":{"line":31,"column":8},"end":{"line":31,"column":10}}],"line":29},"1":{"loc":{"start":{"line":46,"column":4},"end":{"line":46,"column":22}},"type":"default-arg","locations":[{"start":{"line":46,"column":16},"end":{"line":46,"column":22}}],"line":46},"2":{"loc":{"start":{"line":148,"column":12},"end":{"line":148,"column":37}},"type":"default-arg","locations":[{"start":{"line":148,"column":35},"end":{"line":148,"column":37}}],"line":148},"3":{"loc":{"start":{"line":149,"column":6},"end":{"line":155,"column":7}},"type":"if","locations":[{"start":{"line":149,"column":6},"end":{"line":155,"column":7}},{"start":{"line":149,"column":6},"end":{"line":155,"column":7}}],"line":149},"4":{"loc":{"start":{"line":156,"column":13},"end":{"line":159,"column":51}},"type":"cond-expr","locations":[{"start":{"line":157,"column":8},"end":{"line":159,"column":9}},{"start":{"line":159,"column":12},"end":{"line":159,"column":51}}],"line":156},"5":{"loc":{"start":{"line":158,"column":29},"end":{"line":158,"column":48}},"type":"binary-expr","locations":[{"start":{"line":158,"column":29},"end":{"line":158,"column":35}},{"start":{"line":158,"column":39},"end":{"line":158,"column":48}}],"line":158},"6":{"loc":{"start":{"line":159,"column":31},"end":{"line":159,"column":50}},"type":"binary-expr","locations":[{"start":{"line":159,"column":31},"end":{"line":159,"column":37}},{"start":{"line":159,"column":41},"end":{"line":159,"column":50}}],"line":159}},"s":{"0":9,"1":5,"2":9,"3":9,"4":87,"5":87,"6":9,"7":5,"8":5,"9":5,"10":5,"11":40,"12":5,"13":40,"14":5,"15":40,"16":16,"17":15,"18":13,"19":127,"20":15},"f":{"0":9,"1":5,"2":9,"3":5,"4":5,"5":40,"6":40,"7":40,"8":16,"9":15,"10":127},"b":{"0":[7,2],"1":[1],"2":[12],"3":[13,2],"4":[2,13],"5":[2,1],"6":[13,12]},"_coverageSchema":"332fd63041d2c1bcb487cc26dd0d5f7d97098a6c","hash":"32bab40cf1a5053ac35a6eedda8bfd43b5b83b16"}
,"/Users/j5/Code/IDEA/react-acid-trail/src/modules/acid-trail/ColorMatch.js": {"path":"/Users/j5/Code/IDEA/react-acid-trail/src/modules/acid-trail/ColorMatch.js","statementMap":{"0":{"start":{"line":26,"column":4},"end":{"line":26,"column":34}},"1":{"start":{"line":32,"column":4},"end":{"line":32,"column":25}},"2":{"start":{"line":38,"column":4},"end":{"line":38,"column":36}},"3":{"start":{"line":44,"column":4},"end":{"line":44,"column":30}},"4":{"start":{"line":50,"column":4},"end":{"line":50,"column":23}},"5":{"start":{"line":57,"column":4},"end":{"line":57,"column":21}}},"fnMap":{"0":{"name":"(anonymous_0)","decl":{"start":{"line":21,"column":2},"end":{"line":21,"column":3}},"loc":{"start":{"line":21,"column":35},"end":{"line":58,"column":3}},"line":21}},"branchMap":{},"s":{"0":134,"1":134,"2":134,"3":134,"4":134,"5":134},"f":{"0":134},"b":{},"_coverageSchema":"332fd63041d2c1bcb487cc26dd0d5f7d97098a6c","hash":"01cc84cbcd1112846ff0dbd350ad13acea8a1153"}
[...]
6},"end":{"line":357,"column":7}},"loc":{"start":{"line":357,"column":17},"end":{"line":359,"column":7}},"line":357},"21":{"name":"(anonymous_21)","decl":{"start":{"line":373,"column":24},"end":{"line":373,"column":25}},"loc":{"start":{"line":373,"column":48},"end":{"line":375,"column":1}},"line":373},"22":{"name":"(anonymous_22)","decl":{"start":{"line":386,"column":20},"end":{"line":386,"column":21}},"loc":{"start":{"line":386,"column":44},"end":{"line":400,"column":1}},"line":386},"23":{"name":"(anonymous_23)","decl":{"start":{"line":414,"column":25},"end":{"line":414,"column":26}},"loc":{"start":{"line":414,"column":50},"end":{"line":432,"column":1}},"line":414},"24":{"name":"(anonymous_24)","decl":{"start":{"line":419,"column":4},"end":{"line":419,"column":5}},"loc":{"start":{"line":419,"column":15},"end":{"line":419,"column":46}},"line":419},"25":{"name":"(anonymous_25)","decl":{"start":{"line":439,"column":34},"end":{"line":439,"column":35}},"loc":{"start":{"line":439,"column":40},"end":{"line":448,"column":1}},"line":439}},"branchMap":{"0":{"loc":{"start":{"line":63,"column":6},"end":{"line":65,"column":7}},"type":"if","locations":[{"start":{"line":63,"column":6},"end":{"line":65,"column":7}},{"start":{"line":63,"column":6},"end":{"line":65,"column":7}}],"line":63},"1":{"loc":{"start":{"line":66,"column":6},"end":{"line":72,"column":7}},"type":"if","locations":[{"start":{"line":66,"column":6},"end":{"line":72,"column":7}},{"start":{"line":66,"column":6},"end":{"line":72,"column":7}}],"line":66},"2":{"loc":{"start":{"line":74,"column":6},"end":{"line":76,"column":7}},"type":"if","locations":[{"start":{"line":74,"column":6},"end":{"line":76,"column":7}},{"start":{"line":74,"column":6},"end":{"line":76,"column":7}}],"line":74},"3":{"loc":{"start":{"line":78,"column":6},"end":{"line":80,"column":7}},"type":"if","locations":[{"start":{"line":78,"column":6},"end":{"line":80,"column":7}},{"start":{"line":78,"column":6},"end":{"line":80,"column":7}}],"line":78},"4":{"loc":{"start":{"line":95,"column":8},"end":{"line":97,"column":9}},"type":"if","locations":[{"start":{"line":95,"column":8},"end":{"line":97,"column":9}},{"start":{"line":95,"column":8},"end":{"line":97,"column":9}}],"line":95},"5":{"loc":{"start":{"line":145,"column":2},"end":{"line":158,"column":3}},"type":"if","locations":[{"start":{"line":145,"column":2},"end":{"line":158,"column":3}},{"start":{"line":145,"column":2},"end":{"line":158,"column":3}}],"line":145},"6":{"loc":{"start":{"line":150,"column":10},"end":{"line":150,"column":67}},"type":"cond-expr","locations":[{"start":{"line":150,"column":24},"end":{"line":150,"column":46}},{"start":{"line":150,"column":49},"end":{"line":150,"column":67}}],"line":150},"7":{"loc":{"start":{"line":151,"column":4},"end":{"line":156,"column":5}},"type":"switch","locations":[{"start":{"line":152,"column":4},"end":{"line":152,"column":19}},{"start":{"line":153,"column":4},"end":{"line":153,"column":74}},{"start":{"line":154,"column":4},"end":{"line":154,"column":53}},{"start":{"line":155,"column":4},"end":{"line":155,"column":53}}],"line":151},"8":{"loc":{"start":{"line":153,"column":45},"end":{"line":153,"column":65}},"type":"cond-expr","locations":[{"start":{"line":153,"column":60},"end":{"line":153,"column":61}},{"start":{"line":153,"column":64},"end":{"line":153,"column":65}}],"line":153},"9":{"loc":{"start":{"line":198,"column":2},"end":{"line":200,"column":3}},"type":"if","locations":[{"start":{"line":198,"column":2},"end":{"line":200,"column":3}},{"start":{"line":198,"column":2},"end":{"line":200,"column":3}}],"line":198},"10":{"loc":{"start":{"line":206,"column":10},"end":{"line":214,"column":5}},"type":"cond-expr","locations":[{"start":{"line":207,"column":4},"end":{"line":207,"column":9}},{"start":{"line":211,"column":6},"end":{"line":213,"column":13}}],"line":206},"11":{"loc":{"start":{"line":211,"column":6},"end":{"line":213,"column":13}},"type":"cond-expr","locations":[{"start":{"line":212,"column":8},"end":{"line":212,"column":63}},{"start":{"line":213,"column":8},"end":{"line":213,"column":13}}],"line":211},"12":{"loc":{"start":{"line":271,"column":16},"end":{"line":271,"column":36}},"type":"binary-expr","locations":[{"start":{"line":271,"column":16},"end":{"line":271,"column":27}},{"start":{"line":271,"column":31},"end":{"line":271,"column":36}}],"line":271},"13":{"loc":{"start":{"line":275,"column":2},"end":{"line":277,"column":3}},"type":"if","locations":[{"start":{"line":275,"column":2},"end":{"line":277,"column":3}},{"start":{"line":275,"column":2},"end":{"line":277,"column":3}}],"line":275},"14":{"loc":{"start":{"line":287,"column":6},"end":{"line":291,"column":7}},"type":"if","locations":[{"start":{"line":287,"column":6},"end":{"line":291,"column":7}},{"start":{"line":287,"column":6},"end":{"line":291,"column":7}}],"line":287},"15":{"loc":{"start":{"line":302,"column":6},"end":{"line":305,"column":7}},"type":"if","locations":[{"start":{"line":302,"column":6},"end":{"line":305,"column":7}},{"start":{"line":302,"column":6},"end":{"line":305,"column":7}}],"line":302},"16":{"loc":{"start":{"line":415,"column":16},"end":{"line":415,"column":36}},"type":"binary-expr","locations":[{"start":{"line":415,"column":16},"end":{"line":415,"column":27}},{"start":{"line":415,"column":31},"end":{"line":415,"column":36}}],"line":415},"17":{"loc":{"start":{"line":424,"column":2},"end":{"line":426,"column":3}},"type":"if","locations":[{"start":{"line":424,"column":2},"end":{"line":426,"column":3}},{"start":{"line":424,"column":2},"end":{"line":426,"column":3}}],"line":424}},"s":{"0":3,"1":3,"2":133,"3":3,"4":22,"5":121,"6":121,"7":1,"8":121,"9":1,"10":121,"11":117,"12":121,"13":120,"14":121,"15":3,"16":21,"17":23590,"18":27729,"19":23588,"20":2,"21":21,"22":3,"23":366413,"24":3,"25":183208,"26":183208,"27":183208,"28":183208,"29":183208,"30":183208,"31":183208,"32":183208,"33":183208,"34":183208,"35":183208,"36":37489,"37":145719,"38":145719,"39":145719,"40":0,"41":34826,"42":34826,"43":72840,"44":72840,"45":38053,"46":38053,"47":145719,"48":183208,"49":3,"50":142,"51":1420,"52":140,"53":3,"54":197,"55":1,"56":196,"57":196,"58":196,"59":3,"60":1,"61":3,"62":366114,"63":366114,"64":3,"65":366114,"66":1098342,"67":3,"68":132,"69":132,"70":132,"71":1,"72":131,"73":131,"74":131,"75":131,"76":183074,"77":17,"78":17,"79":17,"80":183057,"81":183057,"82":2739,"83":2739,"84":183057,"85":131,"86":3,"87":11,"88":110,"89":110,"90":110,"91":11,"92":3,"93":0,"94":0,"95":0,"96":0,"97":3,"98":1,"99":3,"100":3,"101":3,"102":3,"103":3,"104":3,"105":3,"106":3,"107":3,"108":3,"109":3,"110":3,"111":3,"112":1,"113":3,"114":3,"115":1},"f":{"0":133,"1":22,"2":121,"3":21,"4":23590,"5":366413,"6":183208,"7":142,"8":1420,"9":140,"10":197,"11":1,"12":366114,"13":366114,"14":1098342,"15":132,"16":183074,"17":11,"18":110,"19":0,"20":0,"21":1,"22":3,"23":3,"24":3,"25":1},"b":{"0":[1,120],"1":[1,120],"2":[117,4],"3":[120,1],"4":[23588,4141],"5":[37489,145719],"6":[79456,66263],"7":[0,34826,72840,38053],"8":[21523,13303],"9":[1,196],"10":[180,16],"11":[9,7],"12":[132,121],"13":[1,131],"14":[17,183057],"15":[2739,180318],"16":[3,1],"17":[1,2]},"_coverageSchema":"332fd63041d2c1bcb487cc26dd0d5f7d97098a6c","hash":"0598221995871035e004716b8fc08cd1e79567cf"}
,"/Users/j5/Code/IDEA/react-acid-trail/src/modules/acid-trail/colors.js": {"path":"/Users/j5/Code/IDEA/react-acid-trail/src/modules/acid-trail/colors.js","statementMap":{},"fnMap":{},"branchMap":{},"s":{},"f":{},"b":{},"_coverageSchema":"332fd63041d2c1bcb487cc26dd0d5f7d97098a6c","hash":"7522bb2e59f6c46c92f84e9dce1346c8f1ac7624"}
,"/Users/j5/Code/IDEA/react-acid-trail/src/modules/ipsum-salt/loader.js": {"path":"/Users/j5/Code/IDEA/react-acid-trail/src/modules/ipsum-salt/loader.js","statementMap":{"0":{"start":{"line":15,"column":21},"end":{"line":15,"column":0}},"1":{"start":{"line":16,"column":2},"end":{"line":null,"column":-1}},"2":{"start":{"line":17,"column":18},"end":{"line":16,"column":9}},"3":{"start":{"line":28,"column":23},"end":{"line":28,"column":0}},"4":{"start":{"line":29,"column":2},"end":{"line":null,"column":-1}},"5":{"start":{"line":46,"column":25},"end":{"line":46,"column":7}},"6":{"start":{"line":47,"column":2},"end":{"line":49,"column":3}},"7":{"start":{"line":48,"column":4},"end":{"line":null,"column":-1}},"8":{"start":{"line":50,"column":16},"end":{"line":50,"column":2}},"9":{"start":{"line":52,"column":21},"end":{"line":52,"column":6}},"10":{"start":{"line":53,"column":29},"end":{"line":53,"column":6}},"11":{"start":{"line":55,"column":6},"end":{"line":null,"column":-1}},"12":{"start":{"line":65,"column":6},"end":{"line":null,"column":-1}},"13":{"start":{"line":66,"column":6},"end":{"line":null,"column":-1}},"14":{"start":{"line":70,"column":2},"end":{"line":72,"column":3}},"15":{"start":{"line":71,"column":4},"end":{"line":null,"column":-1}},"16":{"start":{"line":74,"column":2},"end":{"line":null,"column":-1}},"17":{"start":{"line":84,"column":0},"end":{"line":null,"column":-1}},"18":{"start":{"line":90,"column":0},"end":{"line":null,"column":-1}}},"fnMap":{"0":{"name":"(anonymous_0)","decl":{"start":{"line":15,"column":21},"end":{"line":15,"column":19}},"loc":{"start":{"line":15,"column":29},"end":{"line":15,"column":0}}},"1":{"name":"(anonymous_1)","decl":{"start":{"line":17,"column":5},"end":{"line":17,"column":3}},"loc":{"start":{"line":17,"column":18},"end":{"line":16,"column":9}}},"2":{"name":"(anonymous_2)","decl":{"start":{"line":28,"column":23},"end":{"line":28,"column":24}},"loc":{"start":{"line":28,"column":45},"end":{"line":28,"column":0}}},"3":{"name":"(anonymous_3)","decl":{"start":{"line":46,"column":25},"end":{"line":46,"column":26}},"loc":{"start":{"line":46,"column":73},"end":{"line":46,"column":7}}},"4":{"name":"(anonymous_4)","decl":{"start":{"line":51,"column":5},"end":{"line":51,"column":3}},"loc":{"start":{"line":51,"column":18},"end":{"line":50,"column":16}}}},"branchMap":{"0":{"loc":{"start":{"line":46,"column":52},"end":{"line":46,"column":26}},"type":"default-arg","locations":[{"start":{"line":46,"column":52},"end":{"line":46,"column":26}}]},"1":{"loc":{"start":{"line":47,"column":2},"end":{"line":49,"column":3}},"type":"if","locations":[{"start":{"line":47,"column":2},"end":{"line":49,"column":3}},{"start":{"line":47,"column":2},"end":{"line":49,"column":3}}]},"2":{"loc":{"start":{"line":70,"column":2},"end":{"line":72,"column":3}},"type":"if","locations":[{"start":{"line":70,"column":2},"end":{"line":72,"column":3}},{"start":{"line":70,"column":2},"end":{"line":72,"column":3}}]}},"s":{"0":0,"1":0,"2":0,"3":0,"4":0,"5":0,"6":0,"7":0,"8":0,"9":0,"10":0,"11":0,"12":0,"13":0,"14":0,"15":0,"16":0,"17":0,"18":0},"f":{"0":0,"1":0,"2":0,"3":0,"4":0},"b":{"0":[0],"1":[0,0],"2":[0,0]}}
,"/Users/j5/Code/IDEA/react-acid-trail/src/reducers/acid-trail.js": {"path":"/Users/j5/Code/IDEA/react-acid-trail/src/reducers/acid-trail.js","statementMap":{"0":{"start":{"line":1,"column":0},"end":{"line":null,"column":-1}},"1":{"start":{"line":3,"column":21},"end":{"line":3,"column":0}},"2":{"start":{"line":13,"column":25},"end":{"line":13,"column":7}},"3":{"start":{"line":14,"column":17},"end":{"line":14,"column":2}},"4":{"start":{"line":16,"column":28},"end":{"line":13,"column":59}},"5":{"start":{"line":18,"column":2},"end":{"line":null,"column":-1}},"6":{"start":{"line":22,"column":4},"end":{"line":null,"column":-1}},"7":{"start":{"line":30,"column":4},"end":{"line":null,"column":-1}},"8":{"start":{"line":34,"column":4},"end":{"line":null,"column":-1}},"9":{"start":{"line":39,"column":4},"end":{"line":null,"column":-1}},"10":{"start":{"line":42,"column":4},"end":{"line":null,"column":-1}},"11":{"start":{"line":46,"column":2},"end":{"line":null,"column":-1}}},"fnMap":{"0":{"name":"(anonymous_0)","decl":{"start":{"line":13,"column":25},"end":{"line":13,"column":26}},"loc":{"start":{"line":13,"column":59},"end":{"line":13,"column":7}}}},"branchMap":{"0":{"loc":{"start":{"line":13,"column":34},"end":{"line":13,"column":25}},"type":"default-arg","locations":[{"start":{"line":13,"column":34},"end":{"line":13,"column":25}}]},"1":{"loc":{"start":{"line":20,"column":2},"end":{"line":30,"column":4}},"type":"switch","locations":[{"start":{"line":20,"column":2},"end":{"line":30,"column":4}},{"start":{"line":32,"column":2},"end":{"line":39,"column":4}},{"start":{"line":41,"column":2},"end":{"line":42,"column":4}}]},"2":{"loc":{"start":{"line":36,"column":17},"end":{"line":36,"column":16}},"type":"binary-expr","locations":[{"start":{"line":36,"column":17},"end":{"line":36,"column":16}},{"start":{"line":36,"column":34},"end":{"line":36,"column":47}}]}},"s":{"0":0,"1":0,"2":0,"3":0,"4":0,"5":0,"6":0,"7":0,"8":0,"9":0,"10":0,"11":0},"f":{"0":0},"b":{"0":[0],"1":[0,0,0],"2":[0,0]}}
,"/Users/j5/Code/IDEA/react-acid-trail/src/reducers/hasher.js": {"path":"/Users/j5/Code/IDEA/react-acid-trail/src/reducers/hasher.js","statementMap":{"0":{"start":{"line":1,"column":0},"end":{"line":null,"column":-1}},"1":{"start":{"line":12,"column":21},"end":{"line":12,"column":0}},"2":{"start":{"line":21,"column":22},"end":{"line":21,"column":7}},"3":{"start":{"line":22,"column":17},"end":{"line":22,"column":2}},"4":{"start":{"line":25,"column":20},"end":{"line":21,"column":56}},"5":{"start":{"line":21,"column":56},"end":{"line":21,"column":55}},"6":{"start":{"line":26,"column":28},"end":{"line":21,"column":56}},"7":{"start":{"line":28,"column":2},"end":{"line":null,"column":-1}},"8":{"start":{"line":32,"column":4},"end":{"line":null,"column":-1}},"9":{"start":{"line":37,"column":4},"end":{"line":null,"column":-1}},"10":{"start":{"line":41,"column":4},"end":{"line":null,"column":-1}},"11":{"start":{"line":49,"column":4},"end":{"line":null,"column":-1}},"12":{"start":{"line":53,"column":4},"end":{"line":null,"column":-1}},"13":{"start":{"line":58,"column":4},"end":{"line":null,"column":-1}},"14":{"start":{"line":62,"column":4},"end":{"line":null,"column":-1}},"15":{"start":{"line":71,"column":4},"end":{"line":null,"column":-1}},"16":{"start":{"line":75,"column":4},"end":{"line":null,"column":-1}},"17":{"start":{"line":80,"column":4},"end":{"line":null,"column":-1}},"18":{"start":{"line":84,"column":4},"end":{"line":null,"column":-1}},"19":{"start":{"line":89,"column":4},"end":{"line":null,"column":-1}},"20":{"start":{"line":102,"column":4},"end":{"line":null,"column":-1}},"21":{"start":{"line":105,"column":4},"end":{"line":null,"column":-1}},"22":{"start":{"line":108,"column":2},"end":{"line":null,"column":-1}}},"fnMap":{"0":{"name":"(anonymous_0)","decl":{"start":{"line":21,"column":22},"end":{"line":21,"column":23}},"loc":{"start":{"line":21,"column":56},"end":{"line":21,"column":7}}}},"branchMap":{"0":{"loc":{"start":{"line":21,"column":31},"end":{"line":21,"column":22}},"type":"default-arg","locations":[{"start":{"line":21,"column":31},"end":{"line":21,"column":22}}]},"1":{"loc":{"start":{"line":30,"column":2},"end":{"line":37,"column":4}},"type":"switch","locations":[{"start":{"line":30,"column":2},"end":{"line":37,"column":4}},{"start":{"line":39,"column":2},"end":{"line":49,"column":4}},{"start":{"line":51,"column":2},"end":{"line":58,"column":4}},{"start":{"line":60,"column":2},"end":{"line":71,"column":4}},{"start":{"line":73,"column":2},"end":{"line":80,"column":4}},{"start":{"line":82,"column":2},"end":{"line":102,"column":4}},{"start":{"line":104,"column":2},"end":{"line":105,"column":4}}]},"2":{"loc":{"start":{"line":84,"column":12},"end":{"line":84,"column":11}},"type":"binary-expr","locations":[{"start":{"line":84,"column":12},"end":{"line":84,"column":11}},{"start":{"line":84,"column":28},"end":{"line":84,"column":11}},{"start":{"line":85,"column":7},"end":{"line":84,"column":11}}]},"3":{"loc":{"start":{"line":86,"column":8},"end":{"line":85,"column":7}},"type":"cond-expr","locations":[{"start":{"line":86,"column":8},"end":{"line":85,"column":7}},{"start":{"line":87,"column":9},"end":{"line":84,"column":11}}]}},"s":{"0":0,"1":0,"2":0,"3":0,"4":0,"5":0,"6":0,"7":0,"8":0,"9":0,"10":0,"11":0,"12":0,"13":0,"14":0,"15":0,"16":0,"17":0,"18":0,"19":0,"20":0,"21":0,"22":0},"f":{"0":0},"b":{"0":[0],"1":[0,0,0,0,0,0,0],"2":[0,0,0],"3":[0,0]}}
,"/Users/j5/Code/IDEA/react-acid-trail/src/reducers/index.js": {"path":"/Users/j5/Code/IDEA/react-acid-trail/src/reducers/index.js","statementMap":{"0":{"start":{"line":1,"column":0},"end":{"line":null,"column":-1}},"1":{"start":{"line":3,"column":0},"end":{"line":null,"column":-1}},"2":{"start":{"line":4,"column":0},"end":{"line":null,"column":-1}}},"fnMap":{},"branchMap":{},"s":{"0":0,"1":0,"2":0},"f":{},"b":{}}
,"/Users/j5/Code/IDEA/react-acid-trail/src/sagas/hasher.js": {"path":"/Users/j5/Code/IDEA/react-acid-trail/src/sagas/hasher.js","statementMap":{"0":{"start":{"line":1,"column":0},"end":{"line":null,"column":-1}},"1":{"start":{"line":3,"column":0},"end":{"line":null,"column":-1}},"2":{"start":{"line":4,"column":0},"end":{"line":null,"column":-1}},"3":{"start":{"line":14,"column":17},"end":{"line":14,"column":0}},"4":{"start":{"line":14,"column":26},"end":{"line":14,"column":0}},"5":{"start":{"line":15,"column":17},"end":{"line":15,"column":0}},"6":{"start":{"line":15,"column":26},"end":{"line":15,"column":0}},"7":{"start":{"line":16,"column":19},"end":{"line":16,"column":0}},"8":{"start":{"line":16,"column":28},"end":{"line":16,"column":0}},"9":{"start":{"line":19,"column":16},"end":{"line":19,"column":2}},"10":{"start":{"line":21,"column":16},"end":{"line":21,"column":2}},"11":{"start":{"line":22,"column":16},"end":{"line":22,"column":2}},"12":{"start":{"line":23,"column":18},"end":{"line":23,"column":2}},"13":{"start":{"line":25,"column":17},"end":{"line":25,"column":2}},"14":{"start":{"line":30,"column":2},"end":{"line":null,"column":-1}},"15":{"start":{"line":32,"column":22},"end":{"line":32,"column":6}},"16":{"start":{"line":34,"column":6},"end":{"line":null,"column":-1}},"17":{"start":{"line":36,"column":10},"end":{"line":null,"column":-1}},"18":{"start":{"line":48,"column":2},"end":{"line":null,"column":-1}}},"fnMap":{"0":{"name":"(anonymous_0)","decl":{"start":{"line":14,"column":17},"end":{"line":14,"column":21}},"loc":{"start":{"line":14,"column":26},"end":{"line":14,"column":0}}},"1":{"name":"(anonymous_1)","decl":{"start":{"line":15,"column":17},"end":{"line":15,"column":21}},"loc":{"start":{"line":15,"column":26},"end":{"line":15,"column":0}}},"2":{"name":"(anonymous_2)","decl":{"start":{"line":16,"column":19},"end":{"line":16,"column":23}},"loc":{"start":{"line":16,"column":28},"end":{"line":16,"column":0}}},"3":{"name":"hashFilesAndStrings","decl":{"start":{"line":18,"column":17},"end":{"line":18,"column":7}},"loc":{"start":{"line":18,"column":66},"end":{"line":45,"column":1}}},"4":{"name":"(anonymous_4)","decl":{"start":{"line":31,"column":5},"end":{"line":31,"column":3}},"loc":{"start":{"line":31,"column":16},"end":{"line":30,"column":8}}},"5":{"name":"(anonymous_5)","decl":{"start":{"line":35,"column":9},"end":{"line":35,"column":7}},"loc":{"start":{"line":35,"column":18},"end":{"line":34,"column":6}}},"6":{"name":"watchStartHash","decl":{"start":{"line":47,"column":17},"end":{"line":47,"column":7}},"loc":{"start":{"line":47,"column":53},"end":{"line":54,"column":1}}}},"branchMap":{},"s":{"0":0,"1":0,"2":0,"3":0,"4":0,"5":0,"6":0,"7":0,"8":0,"9":0,"10":0,"11":0,"12":0,"13":0,"14":0,"15":0,"16":0,"17":0,"18":0},"f":{"0":0,"1":0,"2":0,"3":0,"4":0,"5":0,"6":0},"b":{}}
,"/Users/j5/Code/IDEA/react-acid-trail/src/sagas/index.js": {"path":"/Users/j5/Code/IDEA/react-acid-trail/src/sagas/index.js","statementMap":{"0":{"start":{"line":1,"column":0},"end":{"line":null,"column":-1}},"1":{"start":{"line":3,"column":0},"end":{"line":null,"column":-1}},"2":{"start":{"line":7,"column":2},"end":{"line":null,"column":-1}}},"fnMap":{"0":{"name":"rootSaga","decl":{"start":{"line":6,"column":17},"end":{"line":6,"column":7}},"loc":{"start":{"line":6,"column":47},"end":{"line":14,"column":1}}}},"branchMap":{},"s":{"0":0,"1":0,"2":0},"f":{"0":0},"b":{}}
}
