TN:
SF:/Users/j5/Code/IDEA/react-acid-trail/src/App.js
FN:47,(anonymous_0)
FN:56,(anonymous_1)
FN:62,(anonymous_2)
FNF:3
FNH:0
FNDA:0,(anonymous_0)
FNDA:0,(anonymous_1)
FNDA:0,(anonymous_2)
DA:1,0
DA:2,0
DA:3,0
DA:5,0
DA:6,0
DA:15,0
DA:27,0
DA:37,0
DA:48,0
DA:50,0
DA:51,0
DA:57,0
DA:63,0
LF:13
LH:0
BRF:0
BRH:0
end_of_record
TN:
SF:/Users/j5/Code/IDEA/react-acid-trail/src/index.js
FNF:0
FNH:0
DA:1,0
DA:2,0
DA:3,0
DA:4,0
DA:5,0
DA:7,0
DA:8,0
DA:9,0
DA:10,0
DA:11,0
DA:13,0
DA:14,0
DA:16,0
DA:17,0
DA:19,0
DA:31,0
DA:33,0
LF:17
LH:0
BRDA:16,0,0,0
BRDA:16,0,1,0
BRF:2
BRH:0
end_of_record
TN:
SF:/Users/j5/Code/IDEA/react-acid-trail/src/actions/acid-trail.js
FNF:0
FNH:0
DA:1,0
DA:3,0
LF:2
LH:0
BRF:0
BRH:0
end_of_record
TN:
SF:/Users/j5/Code/IDEA/react-acid-trail/src/actions/hasher.js
FNF:0
FNH:0
DA:1,0
DA:3,0
LF:2
LH:0
BRF:0
BRH:0
end_of_record
TN:
SF:/Users/j5/Code/IDEA/react-acid-trail/src/actions/index.js
FNF:0
FNH:0
DA:1,0
DA:2,0
LF:2
LH:0
BRF:0
BRH:0
end_of_record
TN:
SF:/Users/j5/Code/IDEA/react-acid-trail/src/components/index.js
FNF:0
FNH:0
DA:1,0
DA:2,0
DA:3,0
DA:4,0
DA:5,0
DA:6,0
DA:7,0
DA:8,0
DA:9,0
LF:9
LH:0
BRF:0
BRH:0
end_of_record
TN:
SF:/Users/j5/Code/IDEA/react-acid-trail/src/components/AcidTrailChart/AcidTrailChart.js
FN:11,(anonymous_0)
FN:20,(anonymous_1)
FN:25,(anonymous_2)
FN:34,(anonymous_3)
FN:39,(anonymous_4)
FN:47,(anonymous_5)
FN:65,(anonymous_6)
FN:70,(anonymous_7)
FN:80,(anonymous_8)
FN:89,(anonymous_9)
FN:138,(anonymous_10)
FN:163,(anonymous_11)
FN:168,(anonymous_12)
FN:203,(anonymous_13)
FN:206,(anonymous_14)
FN:220,(anonymous_15)
FN:250,(anonymous_16)
FNF:17
FNH:0
FNDA:0,(anonymous_0)
FNDA:0,(anonymous_1)
FNDA:0,(anonymous_2)
FNDA:0,(anonymous_3)
FNDA:0,(anonymous_4)
FNDA:0,(anonymous_5)
FNDA:0,(anonymous_6)
FNDA:0,(anonymous_7)
FNDA:0,(anonymous_8)
FNDA:0,(anonymous_9)
FNDA:0,(anonymous_10)
FNDA:0,(anonymous_11)
FNDA:0,(anonymous_12)
FNDA:0,(anonymous_13)
FNDA:0,(anonymous_14)
FNDA:0,(anonymous_15)
FNDA:0,(anonymous_16)
DA:1,0
DA:2,0
DA:3,0
DA:5,0
DA:7,0
DA:17,0
DA:20,0
DA:31,0
DA:34,0
DA:45,0
DA:48,0
DA:49,0
DA:50,0
DA:51,0
DA:52,0
DA:53,0
DA:55,0
DA:64,0
DA:65,0
DA:76,0
DA:80,0
DA:97,0
DA:98,0
DA:100,0
DA:102,0
DA:106,0
DA:113,0
DA:116,0
DA:118,0
DA:123,0
DA:128,0
DA:138,0
DA:153,0
DA:163,0
DA:168,0
DA:181,0
DA:183,0
DA:185,0
DA:187,0
DA:189,0
DA:190,0
DA:192,0
DA:201,0
DA:202,0
DA:203,0
DA:205,0
DA:206,0
DA:209,0
DA:218,0
DA:219,0
DA:220,0
DA:223,0
DA:225,0
DA:234,0
DA:235,0
DA:237,0
DA:247,0
DA:251,0
DA:259,0
LF:59
LH:0
BRDA:93,0,0,0
BRDA:94,1,0,0
BRDA:174,2,0,0
BRDA:174,2,1,0
BRDA:189,3,0,0
BRDA:189,3,1,0
BRDA:201,4,0,0
BRDA:201,4,1,0
BRDA:218,5,0,0
BRDA:218,5,1,0
BRDA:218,6,0,0
BRDA:218,6,1,0
BRDA:223,7,0,0
BRDA:223,7,1,0
BRDA:234,8,0,0
BRDA:234,8,1,0
BRF:16
BRH:0
end_of_record
TN:
SF:/Users/j5/Code/IDEA/react-acid-trail/src/components/AcidTrailCharts/AcidTrailCharts.js
FN:9,(anonymous_0)
FN:40,(anonymous_1)
FN:54,(anonymous_2)
FN:71,(anonymous_3)
FNF:4
FNH:0
FNDA:0,(anonymous_0)
FNDA:0,(anonymous_1)
FNDA:0,(anonymous_2)
FNDA:0,(anonymous_3)
DA:1,0
DA:2,0
DA:4,0
DA:7,0
DA:9,0
DA:17,0
DA:19,0
DA:26,0
DA:32,0
DA:41,0
DA:55,0
DA:72,0
LF:12
LH:0
BRDA:14,0,0,0
BRDA:14,0,1,0
BRDA:67,1,0,0
BRDA:67,1,1,0
BRDA:67,1,2,0
BRDA:77,2,0,0
BRDA:77,2,1,0
BRDA:78,3,0,0
BRDA:78,3,1,0
BRF:9
BRH:0
end_of_record
TN:
SF:/Users/j5/Code/IDEA/react-acid-trail/src/components/AcidTrailCheckbox/AcidTrailCheckbox.js
FN:3,(anonymous_0)
FNF:1
FNH:0
FNDA:0,(anonymous_0)
DA:1,0
DA:3,0
DA:5,0
DA:7,0
LF:4
LH:0
BRDA:18,0,0,0
BRDA:18,0,1,0
BRF:2
BRH:0
end_of_record
TN:
SF:/Users/j5/Code/IDEA/react-acid-trail/src/components/ClearButton/ClearButton.js
FN:5,(anonymous_0)
FNF:1
FNH:0
FNDA:0,(anonymous_0)
DA:1,0
DA:2,0
DA:5,0
DA:7,0
DA:9,0
LF:5
LH:0
BRF:0
BRH:0
end_of_record
TN:
SF:/Users/j5/Code/IDEA/react-acid-trail/src/components/EnterString/EnterString.js
FN:3,(anonymous_0)
FNF:1
FNH:0
FNDA:0,(anonymous_0)
DA:1,0
DA:3,0
DA:5,0
DA:7,0
LF:4
LH:0
BRF:0
BRH:0
end_of_record
TN:
SF:/Users/j5/Code/IDEA/react-acid-trail/src/components/EnterTitle/EnterTitle.js
FN:4,(anonymous_0)
FNF:1
FNH:0
FNDA:0,(anonymous_0)
DA:1,0
DA:2,0
DA:4,0
DA:6,0
DA:8,0
LF:5
LH:0
BRF:0
BRH:0
end_of_record
TN:
SF:/Users/j5/Code/IDEA/react-acid-trail/src/components/FileChooser/FileChooser.js
FN:5,(anonymous_0)
FN:34,(anonymous_1)
FNF:2
FNH:0
FNDA:0,(anonymous_0)
FNDA:0,(anonymous_1)
DA:1,0
DA:2,0
DA:3,0
DA:5,0
DA:7,0
DA:9,0
DA:35,0
LF:7
LH:0
BRF:0
BRH:0
end_of_record
TN:
SF:/Users/j5/Code/IDEA/react-acid-trail/src/components/HashButton/HashButton.js
FN:5,(anonymous_0)
FNF:1
FNH:0
FNDA:0,(anonymous_0)
DA:1,0
DA:2,0
DA:5,0
DA:7,0
DA:9,0
LF:5
LH:0
BRF:0
BRH:0
end_of_record
TN:
SF:/Users/j5/Code/IDEA/react-acid-trail/src/components/IpsumSalt/IpsumSalt.js
FN:11,(anonymous_0)
FN:24,(anonymous_1)
FN:30,(anonymous_2)
FN:37,(anonymous_3)
FN:54,(anonymous_4)
FN:58,(anonymous_5)
FN:65,(anonymous_6)
FN:75,(anonymous_7)
FN:82,(anonymous_8)
FN:89,(anonymous_9)
FN:99,(anonymous_10)
FN:102,(anonymous_11)
FN:125,(anonymous_12)
FN:133,(anonymous_13)
FN:134,(anonymous_14)
FNF:15
FNH:0
FNDA:0,(anonymous_0)
FNDA:0,(anonymous_1)
FNDA:0,(anonymous_2)
FNDA:0,(anonymous_3)
FNDA:0,(anonymous_4)
FNDA:0,(anonymous_5)
FNDA:0,(anonymous_6)
FNDA:0,(anonymous_7)
FNDA:0,(anonymous_8)
FNDA:0,(anonymous_9)
FNDA:0,(anonymous_10)
FNDA:0,(anonymous_11)
FNDA:0,(anonymous_12)
FNDA:0,(anonymous_13)
FNDA:0,(anonymous_14)
DA:2,0
DA:3,0
DA:4,0
DA:5,0
DA:7,0
DA:9,0
DA:11,0
DA:12,0
DA:15,0
DA:24,0
DA:30,0
DA:38,0
DA:39,0
DA:41,0
DA:42,0
DA:47,0
DA:55,0
DA:56,0
DA:66,0
DA:68,0
DA:76,0
DA:77,0
DA:83,0
DA:84,0
DA:89,0
DA:91,0
DA:92,0
DA:96,0
DA:99,0
DA:102,0
DA:125,0
DA:133,0
DA:134,0
LF:33
LH:0
BRDA:111,0,0,0
BRDA:111,0,1,0
BRDA:111,0,2,0
BRDA:114,1,0,0
BRDA:114,1,1,0
BRDA:114,1,2,0
BRDA:118,2,0,0
BRDA:118,2,1,0
BRDA:130,3,0,0
BRDA:130,3,1,0
BRDA:130,3,2,0
BRF:11
BRH:0
end_of_record
TN:
SF:/Users/j5/Code/IDEA/react-acid-trail/src/containers/index.js
FNF:0
FNH:0
DA:1,0
DA:4,0
DA:7,0
DA:10,0
DA:13,0
DA:16,0
DA:19,0
LF:7
LH:0
BRF:0
BRH:0
end_of_record
TN:
SF:/Users/j5/Code/IDEA/react-acid-trail/src/containers/AcidTrailChartsContainer/AcidTrailChartsContainer.js
FN:11,(anonymous_0)
FN:16,(anonymous_1)
FN:17,(anonymous_2)
FN:25,(anonymous_3)
FNF:4
FNH:0
FNDA:0,(anonymous_0)
FNDA:0,(anonymous_1)
FNDA:0,(anonymous_2)
FNDA:0,(anonymous_3)
DA:1,0
DA:2,0
DA:4,0
DA:11,0
DA:16,0
DA:18,0
DA:19,0
DA:21,0
DA:26,0
DA:28,0
DA:34,0
LF:11
LH:0
BRDA:26,0,0,0
BRDA:26,0,1,0
BRF:2
BRH:0
end_of_record
TN:
SF:/Users/j5/Code/IDEA/react-acid-trail/src/containers/ClearButtonContainer/ClearButtonContainer.js
FN:10,(anonymous_0)
FN:14,(anonymous_1)
FN:15,(anonymous_2)
FNF:3
FNH:0
FNDA:0,(anonymous_0)
FNDA:0,(anonymous_1)
FNDA:0,(anonymous_2)
DA:1,0
DA:2,0
DA:4,0
DA:10,0
DA:14,0
DA:16,0
DA:22,0
LF:7
LH:0
BRF:0
BRH:0
end_of_record
TN:
SF:/Users/j5/Code/IDEA/react-acid-trail/src/containers/EnterStringContainer/EnterStringContainer.js
FN:10,(anonymous_0)
FN:14,(anonymous_1)
FN:15,(anonymous_2)
FNF:3
FNH:0
FNDA:0,(anonymous_0)
FNDA:0,(anonymous_1)
FNDA:0,(anonymous_2)
DA:1,0
DA:2,0
DA:4,0
DA:10,0
DA:14,0
DA:16,0
DA:24,0
LF:7
LH:0
BRF:0
BRH:0
end_of_record
TN:
SF:/Users/j5/Code/IDEA/react-acid-trail/src/containers/EnterTitleContainer/EnterTitleContainer.js
FN:10,(anonymous_0)
FN:14,(anonymous_1)
FN:15,(anonymous_2)
FNF:3
FNH:0
FNDA:0,(anonymous_0)
FNDA:0,(anonymous_1)
FNDA:0,(anonymous_2)
DA:1,0
DA:2,0
DA:4,0
DA:10,0
DA:14,0
DA:16,0
DA:24,0
LF:7
LH:0
BRF:0
BRH:0
end_of_record
TN:
SF:/Users/j5/Code/IDEA/react-acid-trail/src/containers/FileChooserContainer/FileChooserContainer.js
FN:12,(anonymous_0)
FN:16,(anonymous_1)
FN:17,(anonymous_2)
FN:19,(anonymous_3)
FN:21,(anonymous_4)
FN:25,(anonymous_5)
FN:35,(anonymous_6)
FN:36,(anonymous_7)
FN:39,(anonymous_8)
FN:46,(anonymous_9)
FNF:10
FNH:0
FNDA:0,(anonymous_0)
FNDA:0,(anonymous_1)
FNDA:0,(anonymous_2)
FNDA:0,(anonymous_3)
FNDA:0,(anonymous_4)
FNDA:0,(anonymous_5)
FNDA:0,(anonymous_6)
FNDA:0,(anonymous_7)
FNDA:0,(anonymous_8)
FNDA:0,(anonymous_9)
DA:1,0
DA:2,0
DA:4,0
DA:12,0
DA:16,0
DA:17,0
DA:18,0
DA:19,0
DA:21,0
DA:25,0
DA:26,0
DA:27,0
DA:28,0
DA:32,0
DA:35,0
DA:37,0
DA:40,0
DA:47,0
DA:55,0
LF:19
LH:0
BRDA:27,0,0,0
BRDA:27,0,1,0
BRDA:28,1,0,0
BRDA:28,1,1,0
BRDA:28,1,2,0
BRDA:28,1,3,0
BRDA:28,1,4,0
BRDA:28,1,5,0
BRF:8
BRH:0
end_of_record
TN:
SF:/Users/j5/Code/IDEA/react-acid-trail/src/containers/HashButtonContainer/HashButtonContainer.js
FN:10,(anonymous_0)
FN:14,(anonymous_1)
FN:15,(anonymous_2)
FNF:3
FNH:0
FNDA:0,(anonymous_0)
FNDA:0,(anonymous_1)
FNDA:0,(anonymous_2)
DA:1,0
DA:2,0
DA:4,0
DA:10,0
DA:14,0
DA:16,0
DA:22,0
LF:7
LH:0
BRF:0
BRH:0
end_of_record
TN:
SF:/Users/j5/Code/IDEA/react-acid-trail/src/containers/IpsumSaltContainer/IpsumSaltContainer.js
FN:10,(anonymous_0)
FN:14,(anonymous_1)
FN:15,(anonymous_2)
FNF:3
FNH:0
FNDA:0,(anonymous_0)
FNDA:0,(anonymous_1)
FNDA:0,(anonymous_2)
DA:1,0
DA:2,0
DA:4,0
DA:10,0
DA:14,0
DA:16,0
DA:24,0
LF:7
LH:0
BRF:0
BRH:0
end_of_record
TN:
SF:/Users/j5/Code/IDEA/react-acid-trail/src/modules/ConstructedWorker.js
FN:23,(anonymous_0)
FN:57,(anonymous_1)
FN:60,(anonymous_2)
FNF:3
FNH:0
FNDA:0,(anonymous_0)
FNDA:0,(anonymous_1)
FNDA:0,(anonymous_2)
DA:23,0
DA:25,0
DA:27,0
DA:37,0
DA:57,0
DA:58,0
DA:60,0
DA:66,0
DA:67,0
DA:69,0
LF:10
LH:0
BRDA:25,0,0,0
BRDA:25,0,1,0
BRDA:27,1,0,0
BRDA:27,1,1,0
BRDA:27,1,2,0
BRDA:27,1,3,0
BRDA:27,1,4,0
BRDA:27,1,5,0
BRDA:27,1,6,0
BRDA:31,2,0,0
BRDA:31,2,1,0
BRDA:31,2,2,0
BRF:12
BRH:0
end_of_record
TN:
SF:/Users/j5/Code/IDEA/react-acid-trail/src/modules/HasherWorker.js
FN:19,(anonymous_0)
FN:34,(anonymous_1)
FN:41,(anonymous_2)
FN:50,(anonymous_3)
FN:62,(anonymous_4)
FN:82,(anonymous_5)
FN:83,(anonymous_6)
FN:110,(anonymous_7)
FN:163,(anonymous_8)
FNF:9
FNH:0
FNDA:0,(anonymous_0)
FNDA:0,(anonymous_1)
FNDA:0,(anonymous_2)
FNDA:0,(anonymous_3)
FNDA:0,(anonymous_4)
FNDA:0,(anonymous_5)
FNDA:0,(anonymous_6)
FNDA:0,(anonymous_7)
FNDA:0,(anonymous_8)
DA:1,0
DA:20,0
DA:22,0
DA:35,0
DA:42,0
DA:43,0
DA:44,0
DA:45,0
DA:47,0
DA:51,0
DA:63,0
DA:65,0
DA:66,0
DA:67,0
DA:69,0
DA:70,0
DA:83,0
DA:84,0
DA:85,0
DA:86,0
DA:111,0
DA:113,0
DA:114,0
DA:115,0
DA:117,0
DA:118,0
DA:119,0
DA:122,0
DA:123,0
DA:128,0
DA:130,0
DA:131,0
DA:132,0
DA:164,0
DA:165,0
DA:174,0
DA:176,0
DA:177,0
DA:178,0
DA:180,0
DA:181,0
DA:182,0
DA:183,0
DA:184,0
LF:44
LH:0
BRDA:65,0,0,0
BRDA:65,0,1,0
BRDA:112,1,0,0
BRDA:112,1,1,0
BRDA:112,1,2,0
BRDA:112,1,3,0
BRDA:112,1,4,0
BRDA:114,2,0,0
BRDA:114,2,1,0
BRDA:176,3,0,0
BRDA:176,3,1,0
BRF:11
BRH:0
end_of_record
TN:
SF:/Users/j5/Code/IDEA/react-acid-trail/src/modules/WorkerHasher.js
FN:30,(anonymous_0)
FN:44,(anonymous_1)
FN:47,(anonymous_2)
FN:56,(anonymous_3)
FN:73,(anonymous_4)
FN:74,(anonymous_5)
FN:110,workerOnMessage
FN:169,(anonymous_7)
FN:179,hash
FN:181,(anonymous_9)
FN:184,(anonymous_10)
FN:187,(anonymous_11)
FN:201,arrayBufferToWordArray
FNF:13
FNH:0
FNDA:0,(anonymous_0)
FNDA:0,(anonymous_1)
FNDA:0,(anonymous_2)
FNDA:0,(anonymous_3)
FNDA:0,(anonymous_4)
FNDA:0,(anonymous_5)
FNDA:0,workerOnMessage
FNDA:0,(anonymous_7)
FNDA:0,hash
FNDA:0,(anonymous_9)
FNDA:0,(anonymous_10)
FNDA:0,(anonymous_11)
FNDA:0,arrayBufferToWordArray
DA:6,0
DA:36,0
DA:37,0
DA:38,0
DA:39,0
DA:40,0
DA:44,0
DA:47,0
DA:57,0
DA:73,0
DA:74,0
DA:75,0
DA:77,0
DA:78,0
DA:79,0
DA:81,0
DA:82,0
DA:84,0
DA:85,0
DA:86,0
DA:110,0
DA:111,0
DA:113,0
DA:115,0
DA:116,0
DA:117,0
DA:118,0
DA:120,0
DA:121,0
DA:122,0
DA:123,0
DA:125,0
DA:126,0
DA:127,0
DA:132,0
DA:134,0
DA:135,0
DA:140,0
DA:142,0
DA:143,0
DA:144,0
DA:162,0
DA:169,0
DA:179,0
DA:180,0
DA:182,0
DA:185,0
DA:188,0
DA:200,0
DA:204,0
DA:205,0
DA:207,0
DA:208,0
DA:215,0
LF:54
LH:0
BRDA:31,0,0,0
BRDA:32,1,0,0
BRDA:33,2,0,0
BRDA:34,3,0,0
BRDA:36,4,0,0
BRDA:36,4,1,0
BRDA:37,5,0,0
BRDA:37,5,1,0
BRDA:76,6,0,0
BRDA:76,6,1,0
BRDA:76,6,2,0
BRDA:114,7,0,0
BRDA:114,7,1,0
BRDA:114,7,2,0
BRDA:114,7,3,0
BRDA:114,7,4,0
BRF:16
BRH:0
end_of_record
TN:
SF:/Users/j5/Code/IDEA/react-acid-trail/src/modules/actions.js
FN:16,(anonymous_0)
FN:28,(anonymous_1)
FN:40,(anonymous_2)
FN:52,(anonymous_3)
FN:67,(anonymous_4)
FN:69,(anonymous_5)
FN:96,(anonymous_6)
FN:102,(anonymous_7)
FN:136,(anonymous_8)
FN:143,(anonymous_9)
FN:163,(anonymous_10)
FN:163,(anonymous_11)
FNF:12
FNH:0
FNDA:0,(anonymous_0)
FNDA:0,(anonymous_1)
FNDA:0,(anonymous_2)
FNDA:0,(anonymous_3)
FNDA:0,(anonymous_4)
FNDA:0,(anonymous_5)
FNDA:0,(anonymous_6)
FNDA:0,(anonymous_7)
FNDA:0,(anonymous_8)
FNDA:0,(anonymous_9)
FNDA:0,(anonymous_10)
FNDA:0,(anonymous_11)
DA:16,0
DA:17,0
DA:28,0
DA:29,0
DA:40,0
DA:41,0
DA:52,0
DA:53,0
DA:67,0
DA:69,0
DA:71,0
DA:79,0
DA:80,0
DA:81,0
DA:83,0
DA:96,0
DA:98,0
DA:99,0
DA:101,0
DA:102,0
DA:107,0
DA:136,0
DA:140,0
DA:141,0
DA:143,0
DA:144,0
DA:151,0
DA:156,0
DA:161,0
DA:163,0
DA:168,0
LF:31
LH:0
BRDA:103,0,0,0
BRDA:103,0,1,0
BRDA:137,1,0,0
BRDA:137,2,0,0
BRDA:137,3,0,0
BRDA:137,4,0,0
BRDA:146,5,0,0
BRDA:146,5,1,0
BRDA:164,6,0,0
BRDA:164,6,1,0
BRF:10
BRH:0
end_of_record
TN:
SF:/Users/j5/Code/IDEA/react-acid-trail/src/modules/index.js
FN:3,(anonymous_0)
FN:9,(anonymous_1)
FN:13,(anonymous_2)
FN:21,(anonymous_3)
FNF:4
FNH:0
FNDA:0,(anonymous_0)
FNDA:0,(anonymous_1)
FNDA:0,(anonymous_2)
FNDA:0,(anonymous_3)
DA:1,0
DA:3,0
DA:4,0
DA:9,0
DA:10,0
DA:13,0
DA:14,0
DA:16,0
DA:18,0
DA:21,0
DA:25,0
DA:26,0
DA:29,0
DA:34,0
DA:38,0
DA:40,0
DA:41,0
LF:17
LH:0
BRDA:18,0,0,0
BRDA:18,0,1,0
BRDA:18,0,2,0
BRDA:21,1,0,0
BRDA:21,1,1,0
BRDA:25,2,0,0
BRDA:25,2,1,0
BRF:7
BRH:0
end_of_record
TN:
SF:/Users/j5/Code/IDEA/react-acid-trail/src/modules/utils.js
FN:1,(anonymous_0)
FNF:1
FNH:0
FNDA:0,(anonymous_0)
DA:1,0
DA:2,0
DA:4,0
LF:3
LH:0
BRF:0
BRH:0
end_of_record
TN:
SF:/Users/j5/Code/IDEA/react-acid-trail/src/modules/acid-trail/AcidTrail.js
FN:27,(anonymous_0)
FN:44,(anonymous_1)
FN:63,(anonymous_2)
FN:87,(anonymous_3)
FN:106,(anonymous_4)
FN:119,(anonymous_5)
FN:128,(anonymous_6)
FN:137,(anonymous_7)
FN:147,(anonymous_8)
FN:148,(anonymous_9)
FN:151,(anonymous_10)
FNF:11
FNH:11
FNDA:9,(anonymous_0)
FNDA:5,(anonymous_1)
FNDA:9,(anonymous_2)
FNDA:5,(anonymous_3)
FNDA:5,(anonymous_4)
FNDA:40,(anonymous_5)
FNDA:40,(anonymous_6)
FNDA:40,(anonymous_7)
FNDA:16,(anonymous_8)
FNDA:15,(anonymous_9)
FNDA:127,(anonymous_10)
DA:28,9
DA:49,5
DA:65,9
DA:67,9
DA:68,87
DA:69,87
DA:75,9
DA:88,5
DA:89,5
DA:111,5
DA:117,5
DA:119,40
DA:126,5
DA:128,40
DA:135,5
DA:137,40
DA:148,16
DA:149,15
DA:150,13
DA:152,127
DA:156,15
LF:21
LH:21
BRDA:29,0,0,7
BRDA:29,0,1,2
BRDA:46,1,0,1
BRDA:148,2,0,12
BRDA:149,3,0,13
BRDA:149,3,1,2
BRDA:156,4,0,2
BRDA:156,4,1,13
BRDA:158,5,0,2
BRDA:158,5,1,1
BRDA:159,6,0,13
BRDA:159,6,1,12
BRF:12
BRH:12
end_of_record
TN:
SF:/Users/j5/Code/IDEA/react-acid-trail/src/modules/acid-trail/ColorMatch.js
FN:21,(anonymous_0)
FNF:1
FNH:1
FNDA:134,(anonymous_0)
DA:26,134
DA:32,134
DA:38,134
DA:44,134
DA:50,134
DA:57,134
LF:6
LH:6
BRF:0
BRH:0
end_of_record
TN:
SF:/Users/j5/Code/IDEA/react-acid-trail/src/modules/acid-trail/NTC.js
FN:33,(anonymous_0)
FN:57,(anonymous_1)
FN:59,(anonymous_2)
FN:91,(anonymous_3)
FN:93,(anonymous_4)
FN:112,(anonymous_5)
FN:128,(anonymous_6)
FN:173,(anonymous_7)
FN:178,(anonymous_8)
FN:182,(anonymous_9)
FN:197,(anonymous_10)
FN:224,(anonymous_11)
FN:239,(anonymous_12)
FN:254,(anonymous_13)
FN:255,(anonymous_14)
FN:270,(anonymous_15)
FN:285,(anonymous_16)
FN:319,(anonymous_17)
FN:325,(anonymous_18)
FN:345,(anonymous_19)
FN:357,(anonymous_20)
FN:373,(anonymous_21)
FN:386,(anonymous_22)
FN:414,(anonymous_23)
FN:419,(anonymous_24)
FN:439,(anonymous_25)
FNF:26
FNH:24
FNDA:133,(anonymous_0)
FNDA:22,(anonymous_1)
FNDA:121,(anonymous_2)
FNDA:21,(anonymous_3)
FNDA:23590,(anonymous_4)
FNDA:366413,(anonymous_5)
FNDA:183208,(anonymous_6)
FNDA:142,(anonymous_7)
FNDA:1420,(anonymous_8)
FNDA:140,(anonymous_9)
FNDA:197,(anonymous_10)
FNDA:1,(anonymous_11)
FNDA:366114,(anonymous_12)
FNDA:366114,(anonymous_13)
FNDA:1098342,(anonymous_14)
FNDA:132,(anonymous_15)
FNDA:183074,(anonymous_16)
FNDA:11,(anonymous_17)
FNDA:110,(anonymous_18)
FNDA:0,(anonymous_19)
FNDA:0,(anonymous_20)
FNDA:1,(anonymous_21)
FNDA:3,(anonymous_22)
FNDA:3,(anonymous_23)
FNDA:3,(anonymous_24)
FNDA:1,(anonymous_25)
DA:19,3
DA:33,3
DA:34,133
DA:57,3
DA:58,22
DA:60,121
DA:63,121
DA:64,1
DA:66,121
DA:68,1
DA:74,121
DA:75,117
DA:78,121
DA:79,120
DA:82,121
DA:91,3
DA:92,21
DA:94,23590
DA:95,27729
DA:96,23588
DA:99,2
DA:103,21
DA:112,3
DA:113,366413
DA:128,3
DA:130,183208
DA:131,183208
DA:132,183208
DA:133,183208
DA:135,183208
DA:136,183208
DA:137,183208
DA:139,183208
DA:140,183208
DA:143,183208
DA:145,183208
DA:146,37489
DA:148,145719
DA:150,145719
DA:151,145719
DA:152,0
DA:153,34826
DA:154,72840
DA:155,38053
DA:157,145719
DA:160,183208
DA:173,3
DA:175,142
DA:178,1420
DA:182,140
DA:197,3
DA:198,197
DA:199,1
DA:203,196
DA:206,196
DA:216,196
DA:224,3
DA:225,1
DA:239,3
DA:240,366114
DA:243,366114
DA:254,3
DA:255,366114
DA:256,1098342
DA:270,3
DA:271,132
DA:273,132
DA:275,132
DA:276,1
DA:280,131
DA:281,131
DA:282,131
DA:284,131
DA:287,183074
DA:288,17
DA:289,17
DA:290,17
DA:293,183057
DA:302,183057
DA:303,2739
DA:304,2739
DA:306,183057
DA:310,131
DA:319,3
DA:321,11
DA:326,110
DA:328,110
DA:329,110
DA:335,11
DA:345,3
DA:346,0
DA:353,0
DA:355,0
DA:358,0
DA:373,3
DA:374,1
DA:386,3
DA:387,3
DA:388,3
DA:390,3
DA:398,3
DA:399,3
DA:414,3
DA:415,3
DA:416,3
DA:418,3
DA:419,3
DA:422,3
DA:424,3
DA:425,1
DA:428,3
DA:439,3
DA:440,1
LF:113
LH:108
BRDA:63,0,0,1
BRDA:63,0,1,120
BRDA:66,1,0,1
BRDA:66,1,1,120
BRDA:74,2,0,117
BRDA:74,2,1,4
BRDA:78,3,0,120
BRDA:78,3,1,1
BRDA:95,4,0,23588
BRDA:95,4,1,4141
BRDA:145,5,0,37489
BRDA:145,5,1,145719
BRDA:150,6,0,79456
BRDA:150,6,1,66263
BRDA:151,7,0,0
BRDA:151,7,1,34826
BRDA:151,7,2,72840
BRDA:151,7,3,38053
BRDA:153,8,0,21523
BRDA:153,8,1,13303
BRDA:198,9,0,1
BRDA:198,9,1,196
BRDA:206,10,0,180
BRDA:206,10,1,16
BRDA:211,11,0,9
BRDA:211,11,1,7
BRDA:271,12,0,132
BRDA:271,12,1,121
BRDA:275,13,0,1
BRDA:275,13,1,131
BRDA:287,14,0,17
BRDA:287,14,1,183057
BRDA:302,15,0,2739
BRDA:302,15,1,180318
BRDA:415,16,0,3
BRDA:415,16,1,1
BRDA:424,17,0,1
BRDA:424,17,1,2
BRF:38
BRH:37
end_of_record
TN:
SF:/Users/j5/Code/IDEA/react-acid-trail/src/modules/acid-trail/colors.js
FNF:0
FNH:0
LF:0
LH:0
BRF:0
BRH:0
end_of_record
TN:
SF:/Users/j5/Code/IDEA/react-acid-trail/src/modules/ipsum-salt/loader.js
FN:15,(anonymous_0)
FN:17,(anonymous_1)
FN:28,(anonymous_2)
FN:46,(anonymous_3)
FN:51,(anonymous_4)
FNF:5
FNH:0
FNDA:0,(anonymous_0)
FNDA:0,(anonymous_1)
FNDA:0,(anonymous_2)
FNDA:0,(anonymous_3)
FNDA:0,(anonymous_4)
DA:15,0
DA:16,0
DA:17,0
DA:28,0
DA:29,0
DA:46,0
DA:47,0
DA:48,0
DA:50,0
DA:52,0
DA:53,0
DA:55,0
DA:65,0
DA:66,0
DA:70,0
DA:71,0
DA:74,0
DA:84,0
DA:90,0
LF:19
LH:0
BRDA:46,0,0,0
BRDA:47,1,0,0
BRDA:47,1,1,0
BRDA:70,2,0,0
BRDA:70,2,1,0
BRF:5
BRH:0
end_of_record
TN:
SF:/Users/j5/Code/IDEA/react-acid-trail/src/reducers/acid-trail.js
FN:13,(anonymous_0)
FNF:1
FNH:0
FNDA:0,(anonymous_0)
DA:1,0
DA:3,0
DA:13,0
DA:14,0
DA:16,0
DA:18,0
DA:22,0
DA:30,0
DA:34,0
DA:39,0
DA:42,0
DA:46,0
LF:12
LH:0
BRDA:13,0,0,0
BRDA:20,1,0,0
BRDA:20,1,1,0
BRDA:20,1,2,0
BRDA:36,2,0,0
BRDA:36,2,1,0
BRF:6
BRH:0
end_of_record
TN:
SF:/Users/j5/Code/IDEA/react-acid-trail/src/reducers/hasher.js
FN:21,(anonymous_0)
FNF:1
FNH:0
FNDA:0,(anonymous_0)
DA:1,0
DA:12,0
DA:21,0
DA:22,0
DA:25,0
DA:26,0
DA:28,0
DA:32,0
DA:37,0
DA:41,0
DA:49,0
DA:53,0
DA:58,0
DA:62,0
DA:71,0
DA:75,0
DA:80,0
DA:84,0
DA:89,0
DA:102,0
DA:105,0
DA:108,0
LF:22
LH:0
BRDA:21,0,0,0
BRDA:30,1,0,0
BRDA:30,1,1,0
BRDA:30,1,2,0
BRDA:30,1,3,0
BRDA:30,1,4,0
BRDA:30,1,5,0
BRDA:30,1,6,0
BRDA:84,2,0,0
BRDA:84,2,1,0
BRDA:84,2,2,0
BRDA:86,3,0,0
BRDA:86,3,1,0
BRF:13
BRH:0
end_of_record
TN:
SF:/Users/j5/Code/IDEA/react-acid-trail/src/reducers/index.js
FNF:0
FNH:0
DA:1,0
DA:3,0
DA:4,0
LF:3
LH:0
BRF:0
BRH:0
end_of_record
TN:
SF:/Users/j5/Code/IDEA/react-acid-trail/src/sagas/hasher.js
FN:14,(anonymous_0)
FN:15,(anonymous_1)
FN:16,(anonymous_2)
FN:18,hashFilesAndStrings
FN:31,(anonymous_4)
FN:35,(anonymous_5)
FN:47,watchStartHash
FNF:7
FNH:0
FNDA:0,(anonymous_0)
FNDA:0,(anonymous_1)
FNDA:0,(anonymous_2)
FNDA:0,hashFilesAndStrings
FNDA:0,(anonymous_4)
FNDA:0,(anonymous_5)
FNDA:0,watchStartHash
DA:1,0
DA:3,0
DA:4,0
DA:14,0
DA:15,0
DA:16,0
DA:19,0
DA:21,0
DA:22,0
DA:23,0
DA:25,0
DA:30,0
DA:32,0
DA:34,0
DA:36,0
DA:48,0
LF:16
LH:0
BRF:0
BRH:0
end_of_record
TN:
SF:/Users/j5/Code/IDEA/react-acid-trail/src/sagas/index.js
FN:6,rootSaga
FNF:1
FNH:0
FNDA:0,rootSaga
DA:1,0
DA:3,0
DA:7,0
LF:3
LH:0
BRF:0
BRH:0
end_of_record
